2015-12-21 14:08:28,782 [ERROR] (create_user_question_mms.php:68) -- array (
  'name' => '',
  'type' => '',
  'tmp_name' => '',
  'error' => 4,
  'size' => 0,
) 
2015-12-21 14:23:37,998 [ERROR] (Tools.php:463) --  [8] Undefined variable: sql_solve  _File: E:\myweb\firstaid\1.0\answer_user_question.php  line: 129  
2015-12-21 14:35:42,640 [ERROR] (create_user_question_mms.php:68) -- array (
  'name' => '',
  'type' => '',
  'tmp_name' => '',
  'error' => 4,
  'size' => 0,
) 
2015-12-21 15:11:52,082 [ERROR] (create_user_question_mms.php:68) -- array (
  'name' => '',
  'type' => '',
  'tmp_name' => '',
  'error' => 4,
  'size' => 0,
) 
2015-12-21 16:37:03,141 [ERROR] (Tools.php:463) --  [8] Undefined variable: mobile  _File: E:\myweb\firstaid\1.0\answer_user_question.php  line: 138  
2015-12-21 16:37:03,514 [ERROR] (Tools.php:463) --  [8] Undefined variable: uid  _File: E:\myweb\firstaid\1.0\answer_user_question.php  line: 210  
2015-12-21 16:37:03,583 [ERROR] (Tools.php:463) --  [2] mysql_fetch_assoc() expects parameter 1 to be resource, boolean given  _File: E:\myweb\firstaid\1.0\common\database\DataBase_Mysql.php  line: 362  
2015-12-21 16:37:03,592 [ERROR] (Tools.php:463) --  [2] mysql_free_result() expects parameter 1 to be resource, boolean given  _File: E:\myweb\firstaid\1.0\common\database\DataBase_Mysql.php  line: 365  
2015-12-21 16:37:03,601 [ERROR] (Tools.php:463) --  [8] Undefined variable: sosuser  _File: E:\myweb\firstaid\1.0\answer_user_question.php  line: 216  
2015-12-21 16:37:03,670 [ERROR] (Tools.php:463) --  [2] mysql_fetch_assoc() expects parameter 1 to be resource, boolean given  _File: E:\myweb\firstaid\1.0\common\database\DataBase_Mysql.php  line: 362  
2015-12-21 16:37:03,679 [ERROR] (Tools.php:463) --  [2] mysql_free_result() expects parameter 1 to be resource, boolean given  _File: E:\myweb\firstaid\1.0\common\database\DataBase_Mysql.php  line: 365  
2015-12-21 16:37:03,688 [ERROR] (answer_user_question.php:227) -- accepter not exists ,uid  
2015-12-21 16:38:01,119 [ERROR] (Tools.php:463) --  [8] Undefined variable: uid  _File: E:\myweb\firstaid\1.0\answer_user_question.php  line: 211  
2015-12-21 16:38:01,187 [ERROR] (Tools.php:463) --  [2] mysql_fetch_assoc() expects parameter 1 to be resource, boolean given  _File: E:\myweb\firstaid\1.0\common\database\DataBase_Mysql.php  line: 362  
2015-12-21 16:38:01,196 [ERROR] (Tools.php:463) --  [2] mysql_free_result() expects parameter 1 to be resource, boolean given  _File: E:\myweb\firstaid\1.0\common\database\DataBase_Mysql.php  line: 365  
2015-12-21 16:38:01,204 [ERROR] (Tools.php:463) --  [8] Undefined variable: sosuser  _File: E:\myweb\firstaid\1.0\answer_user_question.php  line: 217  
2015-12-21 16:38:01,270 [ERROR] (Tools.php:463) --  [2] mysql_fetch_assoc() expects parameter 1 to be resource, boolean given  _File: E:\myweb\firstaid\1.0\common\database\DataBase_Mysql.php  line: 362  
2015-12-21 16:38:01,279 [ERROR] (Tools.php:463) --  [2] mysql_free_result() expects parameter 1 to be resource, boolean given  _File: E:\myweb\firstaid\1.0\common\database\DataBase_Mysql.php  line: 365  
2015-12-21 16:38:01,287 [ERROR] (answer_user_question.php:228) -- accepter not exists ,uid  
2015-12-21 16:59:12,610 [ERROR] (Tools.php:463) --  [8] Array to string conversion  _File: E:\myweb\firstaid\1.0\common\database\DatabaseManager.php  line: 520  
2015-12-21 16:59:12,685 [ERROR] (Tools.php:463) --  [2] mysql_fetch_assoc() expects parameter 1 to be resource, boolean given  _File: E:\myweb\firstaid\1.0\common\database\DataBase_Mysql.php  line: 362  
2015-12-21 16:59:12,694 [ERROR] (Tools.php:463) --  [2] mysql_free_result() expects parameter 1 to be resource, boolean given  _File: E:\myweb\firstaid\1.0\common\database\DataBase_Mysql.php  line: 365  
2015-12-21 16:59:12,701 [ERROR] (Tools.php:463) --  [8] Array to string conversion  _File: E:\myweb\firstaid\1.0\answer_user_question.php  line: 216  
2015-12-21 16:59:12,706 [ERROR] (answer_user_question.php:216) -- accepter not exists ,uid Array 
2015-12-21 17:00:28,703 [ERROR] (Tools.php:463) --  [8] Array to string conversion  _File: E:\myweb\firstaid\1.0\common\database\DatabaseManager.php  line: 520  
2015-12-21 17:00:28,774 [ERROR] (Tools.php:463) --  [2] mysql_fetch_assoc() expects parameter 1 to be resource, boolean given  _File: E:\myweb\firstaid\1.0\common\database\DataBase_Mysql.php  line: 362  
2015-12-21 17:00:28,783 [ERROR] (Tools.php:463) --  [2] mysql_free_result() expects parameter 1 to be resource, boolean given  _File: E:\myweb\firstaid\1.0\common\database\DataBase_Mysql.php  line: 365  
2015-12-21 17:00:28,792 [ERROR] (Tools.php:463) --  [8] Array to string conversion  _File: E:\myweb\firstaid\1.0\answer_user_question.php  line: 217  
2015-12-21 17:00:28,800 [ERROR] (answer_user_question.php:217) -- accepter not exists ,uid Array 
2015-12-21 17:01:38,753 [ERROR] (Tools.php:463) --  [8] Array to string conversion  _File: E:\myweb\firstaid\1.0\common\database\DatabaseManager.php  line: 520  
2015-12-21 17:01:38,821 [ERROR] (Tools.php:463) --  [2] mysql_fetch_assoc() expects parameter 1 to be resource, boolean given  _File: E:\myweb\firstaid\1.0\common\database\DataBase_Mysql.php  line: 362  
2015-12-21 17:01:38,829 [ERROR] (Tools.php:463) --  [2] mysql_free_result() expects parameter 1 to be resource, boolean given  _File: E:\myweb\firstaid\1.0\common\database\DataBase_Mysql.php  line: 365  
2015-12-21 17:01:38,836 [ERROR] (Tools.php:463) --  [8] Array to string conversion  _File: E:\myweb\firstaid\1.0\answer_user_question.php  line: 217  
2015-12-21 17:01:38,842 [ERROR] (answer_user_question.php:217) -- accepter not exists ,uid Array 
2015-12-21 17:03:15,128 [ERROR] (Tools.php:463) --  [8] Array to string conversion  _File: E:\myweb\firstaid\1.0\common\database\DatabaseManager.php  line: 520  
2015-12-21 17:03:15,206 [ERROR] (Tools.php:463) --  [2] mysql_fetch_assoc() expects parameter 1 to be resource, boolean given  _File: E:\myweb\firstaid\1.0\common\database\DataBase_Mysql.php  line: 362  
2015-12-21 17:03:15,215 [ERROR] (Tools.php:463) --  [2] mysql_free_result() expects parameter 1 to be resource, boolean given  _File: E:\myweb\firstaid\1.0\common\database\DataBase_Mysql.php  line: 365  
2015-12-21 17:03:15,224 [ERROR] (Tools.php:463) --  [8] Array to string conversion  _File: E:\myweb\firstaid\1.0\answer_user_question.php  line: 217  
2015-12-21 17:03:15,232 [ERROR] (answer_user_question.php:217) -- accepter not exists ,uid Array 
