2015-11-16 16:23:25,163 [ERROR] (get_public_welfare_activity_list.php:15) -- params is err. params is array (
  '<?php_echo_$_REQUEST' => 
  array (
    '\'ss\'' => '',
  ),
) 
2015-11-16 16:23:38,470 [ERROR] (get_public_welfare_activity_list.php:15) -- params is err. params is array (
  '<?php_echo_$_REQUEST' => 
  array (
    '\'ss\'' => '',
  ),
) 
2015-11-16 16:23:47,036 [ERROR] (get_public_welfare_activity_list.php:15) -- params is err. params is array (
  '<?php_echo_$_REQUEST' => 
  array (
    '\'ss\'' => '',
  ),
) 
2015-11-16 16:23:56,618 [ERROR] (get_public_welfare_activity_list.php:15) -- params is err. params is array (
  '<?php_echo_$_REQUEST' => 
  array (
    '\'ss\'' => '',
  ),
) 
2015-11-16 16:24:22,924 [ERROR] (get_public_welfare_activity_list.php:15) -- params is err. params is array (
  '<?php_echo_$_REQUEST' => 
  array (
    '\'ss\'' => '',
  ),
) 
2015-11-16 16:24:48,452 [ERROR] (get_public_welfare_activity_list.php:15) -- params is err. params is array (
  '<?php_echo_$_REQUEST' => 
  array (
    '\'ss\'' => '',
  ),
) 
2015-11-16 16:24:50,786 [ERROR] (get_public_welfare_activity_list.php:15) -- params is err. params is array (
  '<?php_echo_$_REQUEST' => 
  array (
    '\'ss\'' => '',
  ),
) 
2015-11-16 16:25:15,574 [ERROR] (get_public_welfare_activity_list.php:15) -- params is err. params is array (
  'oCKp7XwACrMPIBvJYYCXU8RFzzRGP8xl' => '',
) 
2015-11-16 16:25:18,167 [ERROR] (get_public_welfare_activity_list.php:15) -- params is err. params is array (
  'oCKp7XwACrMPIBvJYYCXU8RFzzRGP8xl' => '',
) 
2015-11-16 16:25:24,437 [ERROR] (get_public_welfare_activity_list.php:15) -- params is err. params is array (
  'oCKp7XwACrMPIBvJYYCXU8RFzzRGP8xl' => '',
) 
2015-11-16 16:25:46,198 [ERROR] (get_public_welfare_activity_list.php:15) -- params is err. params is array (
  'oCKp7XwACrMPIBvJYYCXU8RFzzRGP8xl' => '',
) 
2015-11-16 16:25:46,904 [ERROR] (get_public_welfare_activity_list.php:15) -- params is err. params is array (
  'oCKp7XwACrMPIBvJYYCXU8RFzzRGP8xl' => '',
) 
2015-11-16 16:25:47,420 [ERROR] (get_public_welfare_activity_list.php:15) -- params is err. params is array (
  'oCKp7XwACrMPIBvJYYCXU8RFzzRGP8xl' => '',
) 
2015-11-16 16:25:48,004 [ERROR] (get_public_welfare_activity_list.php:15) -- params is err. params is array (
  'oCKp7XwACrMPIBvJYYCXU8RFzzRGP8xl' => '',
) 
2015-11-16 16:25:49,409 [ERROR] (get_public_welfare_activity_list.php:15) -- params is err. params is array (
  'oCKp7XwACrMPIBvJYYCXU8RFzzRGP8xl' => '',
) 
2015-11-16 16:25:51,197 [ERROR] (get_public_welfare_activity_list.php:15) -- params is err. params is array (
  'oCKp7XwACrMPIBvJYYCXU8RFzzRGP8xl' => '',
) 
2015-11-16 16:26:35,225 [ERROR] (get_public_welfare_activity_list.php:15) -- params is err. params is array (
  'oCKp7XwACrMPIBvJYYCXU8RFzzRGP8xl' => '',
) 
2015-11-16 16:26:36,138 [ERROR] (get_public_welfare_activity_list.php:15) -- params is err. params is array (
  'oCKp7XwACrMPIBvJYYCXU8RFzzRGP8xl' => '',
) 
2015-11-16 16:28:12,052 [ERROR] (get_public_welfare_activity_list.php:15) -- params is err. params is array (
  'oCKp7XwACrMPIBvJYYCXU8RFzzRGP8xl' => '',
) 
2015-11-16 16:28:13,133 [ERROR] (get_public_welfare_activity_list.php:15) -- params is err. params is array (
  'oCKp7XwACrMPIBvJYYCXU8RFzzRGP8xl' => '',
) 
