2015-12-08 15:21:44,852 [ERROR] (Tools.php:463) --  [8] Undefined index: ss  _File: E:\myweb\firstaid\innerweb\ergency_action\emergency_server.php  line: 21  
2015-12-08 15:21:48,779 [ERROR] (Tools.php:463) --  [8] Undefined index: ss  _File: E:\myweb\firstaid\innerweb\ergency_action\emergency_server_eq.php  line: 18  
2015-12-08 15:21:48,784 [ERROR] (Tools.php:463) --  [8] Undefined index: con  _File: E:\myweb\firstaid\innerweb\ergency_action\emergency_server_eq.php  line: 35  
2015-12-08 15:21:48,788 [ERROR] (Tools.php:463) --  [8] Undefined index: cid  _File: E:\myweb\firstaid\innerweb\ergency_action\emergency_server_eq.php  line: 50  
2015-12-08 15:21:48,795 [ERROR] (Tools.php:463) --  [8] Undefined variable: con  _File: E:\myweb\firstaid\innerweb\ergency_action\emergency_equipment.php  line: 45  
2015-12-08 15:21:48,798 [ERROR] (Tools.php:463) --  [8] Undefined index: ss  _File: E:\myweb\firstaid\innerweb\ergency_action\emergency_equipment.php  line: 112  
2015-12-08 15:21:51,507 [ERROR] (Tools.php:463) --  [8] Undefined index: ss  _File: E:\myweb\firstaid\innerweb\ergency_action\emergency_server_eq.php  line: 18  
2015-12-08 15:21:51,513 [ERROR] (Tools.php:463) --  [8] Undefined index: con  _File: E:\myweb\firstaid\innerweb\ergency_action\emergency_server_eq.php  line: 35  
2015-12-08 15:21:51,518 [ERROR] (Tools.php:463) --  [8] Undefined index: cid  _File: E:\myweb\firstaid\innerweb\ergency_action\emergency_server_eq.php  line: 50  
2015-12-08 15:21:51,525 [ERROR] (Tools.php:463) --  [8] Undefined variable: con  _File: E:\myweb\firstaid\innerweb\ergency_action\emergency_equipment.php  line: 45  
2015-12-08 15:21:51,529 [ERROR] (Tools.php:463) --  [8] Undefined index: ss  _File: E:\myweb\firstaid\innerweb\ergency_action\emergency_equipment.php  line: 112  
2015-12-08 15:22:50,391 [ERROR] (Tools.php:463) --  [8] Undefined index: ss  _File: E:\myweb\firstaid\innerweb\ergency_action\emergency_server_eq.php  line: 18  
2015-12-08 15:22:50,396 [ERROR] (Tools.php:463) --  [8] Undefined index: con  _File: E:\myweb\firstaid\innerweb\ergency_action\emergency_server_eq.php  line: 35  
2015-12-08 15:22:50,400 [ERROR] (Tools.php:463) --  [8] Undefined index: cid  _File: E:\myweb\firstaid\innerweb\ergency_action\emergency_server_eq.php  line: 50  
2015-12-08 15:22:50,407 [ERROR] (Tools.php:463) --  [8] Undefined variable: con  _File: E:\myweb\firstaid\innerweb\ergency_action\emergency_equipment.php  line: 45  
2015-12-08 15:22:50,411 [ERROR] (Tools.php:463) --  [8] Undefined index: ss  _File: E:\myweb\firstaid\innerweb\ergency_action\emergency_equipment.php  line: 112  
2015-12-08 15:22:53,681 [ERROR] (Tools.php:463) --  [8] Undefined index: ss  _File: E:\myweb\firstaid\innerweb\ergency_action\emergency_server_eq.php  line: 18  
2015-12-08 15:22:53,687 [ERROR] (Tools.php:463) --  [8] Undefined index: con  _File: E:\myweb\firstaid\innerweb\ergency_action\emergency_server_eq.php  line: 35  
2015-12-08 15:22:53,691 [ERROR] (Tools.php:463) --  [8] Undefined index: cid  _File: E:\myweb\firstaid\innerweb\ergency_action\emergency_server_eq.php  line: 50  
2015-12-08 15:22:53,698 [ERROR] (Tools.php:463) --  [8] Undefined variable: con  _File: E:\myweb\firstaid\innerweb\ergency_action\emergency_equipment.php  line: 45  
2015-12-08 15:22:53,701 [ERROR] (Tools.php:463) --  [8] Undefined index: ss  _File: E:\myweb\firstaid\innerweb\ergency_action\emergency_equipment.php  line: 112  
2015-12-08 15:24:24,513 [ERROR] (Tools.php:463) --  [8] Undefined index: ss  _File: E:\myweb\firstaid\innerweb\ergency_action\emergency_server_eq.php  line: 18  
2015-12-08 15:24:24,521 [ERROR] (Tools.php:463) --  [8] Undefined index: con  _File: E:\myweb\firstaid\innerweb\ergency_action\emergency_server_eq.php  line: 35  
2015-12-08 15:24:24,525 [ERROR] (Tools.php:463) --  [8] Undefined index: cid  _File: E:\myweb\firstaid\innerweb\ergency_action\emergency_server_eq.php  line: 50  
2015-12-08 15:24:24,532 [ERROR] (Tools.php:463) --  [8] Undefined variable: con  _File: E:\myweb\firstaid\innerweb\ergency_action\emergency_equipment.php  line: 45  
2015-12-08 15:24:24,537 [ERROR] (Tools.php:463) --  [8] Undefined index: ss  _File: E:\myweb\firstaid\innerweb\ergency_action\emergency_equipment.php  line: 113  
2015-12-08 15:26:36,986 [ERROR] (Tools.php:463) --  [8] Undefined index: ss  _File: E:\myweb\firstaid\innerweb\ergency_action\emergency_server_eq.php  line: 18  
2015-12-08 15:26:36,992 [ERROR] (Tools.php:463) --  [8] Undefined index: con  _File: E:\myweb\firstaid\innerweb\ergency_action\emergency_server_eq.php  line: 35  
2015-12-08 15:26:36,996 [ERROR] (Tools.php:463) --  [8] Undefined index: cid  _File: E:\myweb\firstaid\innerweb\ergency_action\emergency_server_eq.php  line: 50  
2015-12-08 15:26:37,003 [ERROR] (Tools.php:463) --  [8] Undefined variable: con  _File: E:\myweb\firstaid\innerweb\ergency_action\emergency_equipment.php  line: 45  
2015-12-08 15:26:37,007 [ERROR] (Tools.php:463) --  [8] Undefined index: ss  _File: E:\myweb\firstaid\innerweb\ergency_action\emergency_equipment.php  line: 116  
2015-12-08 15:26:41,527 [ERROR] (Tools.php:463) --  [8] Undefined index: ss  _File: E:\myweb\firstaid\innerweb\ergency_action\emergency_server_eq.php  line: 18  
2015-12-08 15:26:41,533 [ERROR] (Tools.php:463) --  [8] Undefined index: con  _File: E:\myweb\firstaid\innerweb\ergency_action\emergency_server_eq.php  line: 35  
2015-12-08 15:26:41,537 [ERROR] (Tools.php:463) --  [8] Undefined index: cid  _File: E:\myweb\firstaid\innerweb\ergency_action\emergency_server_eq.php  line: 50  
2015-12-08 15:26:41,544 [ERROR] (Tools.php:463) --  [8] Undefined variable: con  _File: E:\myweb\firstaid\innerweb\ergency_action\emergency_equipment.php  line: 45  
2015-12-08 15:26:41,548 [ERROR] (Tools.php:463) --  [8] Undefined index: ss  _File: E:\myweb\firstaid\innerweb\ergency_action\emergency_equipment.php  line: 116  
2015-12-08 15:28:15,633 [ERROR] (Tools.php:463) --  [8] Undefined index: ss  _File: E:\myweb\firstaid\innerweb\ergency_action\emergency_server_eq.php  line: 18  
2015-12-08 15:28:15,639 [ERROR] (Tools.php:463) --  [8] Undefined index: con  _File: E:\myweb\firstaid\innerweb\ergency_action\emergency_server_eq.php  line: 35  
2015-12-08 15:28:15,644 [ERROR] (Tools.php:463) --  [8] Undefined index: cid  _File: E:\myweb\firstaid\innerweb\ergency_action\emergency_server_eq.php  line: 50  
2015-12-08 15:28:15,651 [ERROR] (Tools.php:463) --  [8] Undefined variable: con  _File: E:\myweb\firstaid\innerweb\ergency_action\emergency_equipment.php  line: 45  
2015-12-08 15:28:15,655 [ERROR] (Tools.php:463) --  [8] Undefined index: ss  _File: E:\myweb\firstaid\innerweb\ergency_action\emergency_equipment.php  line: 116  
2015-12-08 15:28:15,951 [ERROR] (Tools.php:463) --  [8] Undefined index: ss  _File: E:\myweb\firstaid\innerweb\ergency_action\emergency_server_eq.php  line: 18  
2015-12-08 15:28:15,960 [ERROR] (Tools.php:463) --  [8] Undefined index: con  _File: E:\myweb\firstaid\innerweb\ergency_action\emergency_server_eq.php  line: 35  
2015-12-08 15:28:15,965 [ERROR] (Tools.php:463) --  [8] Undefined index: cid  _File: E:\myweb\firstaid\innerweb\ergency_action\emergency_server_eq.php  line: 50  
2015-12-08 15:28:15,974 [ERROR] (Tools.php:463) --  [8] Undefined variable: con  _File: E:\myweb\firstaid\innerweb\ergency_action\emergency_equipment.php  line: 45  
2015-12-08 15:28:15,981 [ERROR] (Tools.php:463) --  [8] Undefined index: ss  _File: E:\myweb\firstaid\innerweb\ergency_action\emergency_equipment.php  line: 116  
2015-12-08 15:28:16,047 [ERROR] (Tools.php:463) --  [8] Undefined index: ss  _File: E:\myweb\firstaid\innerweb\ergency_action\emergency_server_eq.php  line: 18  
2015-12-08 15:28:16,056 [ERROR] (Tools.php:463) --  [8] Undefined index: con  _File: E:\myweb\firstaid\innerweb\ergency_action\emergency_server_eq.php  line: 35  
2015-12-08 15:28:16,060 [ERROR] (Tools.php:463) --  [8] Undefined index: cid  _File: E:\myweb\firstaid\innerweb\ergency_action\emergency_server_eq.php  line: 50  
2015-12-08 15:28:16,069 [ERROR] (Tools.php:463) --  [8] Undefined variable: con  _File: E:\myweb\firstaid\innerweb\ergency_action\emergency_equipment.php  line: 45  
2015-12-08 15:28:16,074 [ERROR] (Tools.php:463) --  [8] Undefined index: ss  _File: E:\myweb\firstaid\innerweb\ergency_action\emergency_equipment.php  line: 116  
2015-12-08 15:28:17,397 [ERROR] (Tools.php:463) --  [8] Undefined index: ss  _File: E:\myweb\firstaid\innerweb\ergency_action\emergency_server_eq.php  line: 18  
2015-12-08 15:28:17,403 [ERROR] (Tools.php:463) --  [8] Undefined index: con  _File: E:\myweb\firstaid\innerweb\ergency_action\emergency_server_eq.php  line: 35  
2015-12-08 15:28:17,406 [ERROR] (Tools.php:463) --  [8] Undefined index: cid  _File: E:\myweb\firstaid\innerweb\ergency_action\emergency_server_eq.php  line: 50  
2015-12-08 15:28:17,413 [ERROR] (Tools.php:463) --  [8] Undefined variable: con  _File: E:\myweb\firstaid\innerweb\ergency_action\emergency_equipment.php  line: 45  
2015-12-08 15:28:17,417 [ERROR] (Tools.php:463) --  [8] Undefined index: ss  _File: E:\myweb\firstaid\innerweb\ergency_action\emergency_equipment.php  line: 116  
2015-12-08 15:28:17,720 [ERROR] (Tools.php:463) --  [8] Undefined index: ss  _File: E:\myweb\firstaid\innerweb\ergency_action\emergency_server_eq.php  line: 18  
2015-12-08 15:28:17,729 [ERROR] (Tools.php:463) --  [8] Undefined index: con  _File: E:\myweb\firstaid\innerweb\ergency_action\emergency_server_eq.php  line: 35  
2015-12-08 15:28:17,736 [ERROR] (Tools.php:463) --  [8] Undefined index: cid  _File: E:\myweb\firstaid\innerweb\ergency_action\emergency_server_eq.php  line: 50  
2015-12-08 15:28:17,744 [ERROR] (Tools.php:463) --  [8] Undefined variable: con  _File: E:\myweb\firstaid\innerweb\ergency_action\emergency_equipment.php  line: 45  
2015-12-08 15:28:17,750 [ERROR] (Tools.php:463) --  [8] Undefined index: ss  _File: E:\myweb\firstaid\innerweb\ergency_action\emergency_equipment.php  line: 116  
2015-12-08 15:29:14,537 [ERROR] (Tools.php:463) --  [8] Undefined index: ss  _File: E:\myweb\firstaid\innerweb\ergency_action\emergency_server_eq.php  line: 18  
2015-12-08 15:29:14,542 [ERROR] (Tools.php:463) --  [8] Undefined index: con  _File: E:\myweb\firstaid\innerweb\ergency_action\emergency_server_eq.php  line: 35  
2015-12-08 15:29:14,546 [ERROR] (Tools.php:463) --  [8] Undefined index: cid  _File: E:\myweb\firstaid\innerweb\ergency_action\emergency_server_eq.php  line: 50  
2015-12-08 15:29:14,554 [ERROR] (Tools.php:463) --  [8] Undefined variable: con  _File: E:\myweb\firstaid\innerweb\ergency_action\emergency_equipment.php  line: 45  
2015-12-08 15:29:14,557 [ERROR] (Tools.php:463) --  [8] Undefined index: ss  _File: E:\myweb\firstaid\innerweb\ergency_action\emergency_equipment.php  line: 116  
2015-12-08 15:29:46,800 [ERROR] (Tools.php:463) --  [8] Undefined index: ss  _File: E:\myweb\firstaid\innerweb\ergency_action\emergency_server_eq.php  line: 18  
2015-12-08 15:29:46,807 [ERROR] (Tools.php:463) --  [8] Undefined index: con  _File: E:\myweb\firstaid\innerweb\ergency_action\emergency_server_eq.php  line: 35  
2015-12-08 15:29:46,811 [ERROR] (Tools.php:463) --  [8] Undefined index: cid  _File: E:\myweb\firstaid\innerweb\ergency_action\emergency_server_eq.php  line: 50  
2015-12-08 15:29:46,817 [ERROR] (Tools.php:463) --  [8] Undefined variable: con  _File: E:\myweb\firstaid\innerweb\ergency_action\emergency_equipment.php  line: 45  
2015-12-08 15:29:46,821 [ERROR] (Tools.php:463) --  [8] Undefined index: ss  _File: E:\myweb\firstaid\innerweb\ergency_action\emergency_equipment.php  line: 149  
2015-12-08 15:29:51,892 [ERROR] (Tools.php:463) --  [8] Undefined index: ss  _File: E:\myweb\firstaid\innerweb\ergency_action\emergency_server_eq.php  line: 18  
2015-12-08 15:29:51,898 [ERROR] (Tools.php:463) --  [8] Undefined index: con  _File: E:\myweb\firstaid\innerweb\ergency_action\emergency_server_eq.php  line: 35  
2015-12-08 15:29:51,902 [ERROR] (Tools.php:463) --  [8] Undefined index: cid  _File: E:\myweb\firstaid\innerweb\ergency_action\emergency_server_eq.php  line: 50  
2015-12-08 15:29:51,908 [ERROR] (Tools.php:463) --  [8] Undefined variable: con  _File: E:\myweb\firstaid\innerweb\ergency_action\emergency_equipment.php  line: 45  
2015-12-08 15:29:51,912 [ERROR] (Tools.php:463) --  [8] Undefined index: ss  _File: E:\myweb\firstaid\innerweb\ergency_action\emergency_equipment.php  line: 149  
2015-12-08 15:30:01,193 [ERROR] (Tools.php:463) --  [8] Undefined index: ss  _File: E:\myweb\firstaid\innerweb\ergency_action\emergency_server_eq.php  line: 18  
2015-12-08 15:30:01,199 [ERROR] (Tools.php:463) --  [8] Undefined index: con  _File: E:\myweb\firstaid\innerweb\ergency_action\emergency_server_eq.php  line: 35  
2015-12-08 15:30:01,203 [ERROR] (Tools.php:463) --  [8] Undefined index: cid  _File: E:\myweb\firstaid\innerweb\ergency_action\emergency_server_eq.php  line: 50  
2015-12-08 15:30:01,210 [ERROR] (Tools.php:463) --  [8] Undefined variable: con  _File: E:\myweb\firstaid\innerweb\ergency_action\emergency_equipment.php  line: 45  
2015-12-08 15:30:01,214 [ERROR] (Tools.php:463) --  [8] Undefined index: ss  _File: E:\myweb\firstaid\innerweb\ergency_action\emergency_equipment.php  line: 149  
2015-12-08 15:31:00,679 [ERROR] (Tools.php:463) --  [8] Undefined index: ss  _File: E:\myweb\firstaid\innerweb\ergency_action\emergency_server_eq.php  line: 18  
2015-12-08 15:31:00,685 [ERROR] (Tools.php:463) --  [8] Undefined index: con  _File: E:\myweb\firstaid\innerweb\ergency_action\emergency_server_eq.php  line: 35  
2015-12-08 15:31:00,689 [ERROR] (Tools.php:463) --  [8] Undefined index: cid  _File: E:\myweb\firstaid\innerweb\ergency_action\emergency_server_eq.php  line: 50  
2015-12-08 15:31:00,696 [ERROR] (Tools.php:463) --  [8] Undefined variable: con  _File: E:\myweb\firstaid\innerweb\ergency_action\emergency_equipment.php  line: 45  
2015-12-08 15:31:00,700 [ERROR] (Tools.php:463) --  [8] Undefined index: ss  _File: E:\myweb\firstaid\innerweb\ergency_action\emergency_equipment.php  line: 113  
2015-12-08 15:31:11,728 [ERROR] (Tools.php:463) --  [8] Undefined index: ss  _File: E:\myweb\firstaid\innerweb\ergency_action\emergency_server_eq.php  line: 18  
2015-12-08 15:31:11,735 [ERROR] (Tools.php:463) --  [8] Undefined index: con  _File: E:\myweb\firstaid\innerweb\ergency_action\emergency_server_eq.php  line: 35  
2015-12-08 15:31:11,739 [ERROR] (Tools.php:463) --  [8] Undefined index: cid  _File: E:\myweb\firstaid\innerweb\ergency_action\emergency_server_eq.php  line: 50  
2015-12-08 15:31:11,745 [ERROR] (Tools.php:463) --  [8] Undefined variable: con  _File: E:\myweb\firstaid\innerweb\ergency_action\emergency_equipment.php  line: 45  
2015-12-08 15:31:11,749 [ERROR] (Tools.php:463) --  [8] Undefined index: ss  _File: E:\myweb\firstaid\innerweb\ergency_action\emergency_equipment.php  line: 113  
