2015-11-26 09:30:18,551 [ERROR] (Tools.php:463) --  [8] Undefined index: classid  _File: E:\myweb\firstaid\innerweb\ergency_action\emergency_server_classlist.php  line: 26  
2015-11-26 09:30:21,769 [ERROR] (Tools.php:463) --  [8] Undefined index: cid  _File: E:\myweb\firstaid\innerweb\ergency_action\emergency_server_eq.php  line: 31  
2015-11-26 09:30:24,969 [ERROR] (Tools.php:463) --  [8] Undefined index: gid  _File: E:\myweb\firstaid\innerweb\ergency_action\emergency_server_goodsview.php  line: 26  
2015-11-26 09:30:33,332 [ERROR] (Tools.php:463) --  [8] Undefined index: cid  _File: E:\myweb\firstaid\innerweb\ergency_action\emergency_server_eq.php  line: 31  
2015-11-26 09:30:35,847 [ERROR] (Tools.php:463) --  [8] Undefined index: cid  _File: E:\myweb\firstaid\innerweb\ergency_action\emergency_server_eq.php  line: 31  
2015-11-26 11:41:25,477 [ERROR] (Tools.php:463) --  [8] Undefined index: cid  _File: E:\myweb\firstaid\innerweb\ergency_action\emergency_server_eq.php  line: 31  
2015-11-26 13:17:11,939 [ERROR] (Tools.php:463) --  [8] Undefined variable: goods_content  _File: E:\myweb\firstaid\innerweb\ergency_action\emergency_detail.php  line: 60  
2015-11-26 13:17:17,881 [ERROR] (Tools.php:463) --  [8] Undefined variable: goods_content  _File: E:\myweb\firstaid\innerweb\ergency_action\emergency_detail.php  line: 60  
2015-11-26 13:24:12,631 [ERROR] (Tools.php:463) --  [8] Undefined variable: goods_content  _File: E:\myweb\firstaid\innerweb\ergency_action\emergency_detail.php  line: 60  
2015-11-26 13:32:45,650 [ERROR] (Tools.php:463) --  [8] Undefined variable: goods_content  _File: E:\myweb\firstaid\innerweb\ergency_action\emergency_detail.php  line: 60  
2015-11-26 13:32:49,303 [ERROR] (Tools.php:463) --  [8] Undefined variable: goods_content  _File: E:\myweb\firstaid\innerweb\ergency_action\emergency_detail.php  line: 60  
2015-11-26 13:32:54,007 [ERROR] (Tools.php:463) --  [8] Undefined variable: goods_content  _File: E:\myweb\firstaid\innerweb\ergency_action\emergency_detail.php  line: 60  
2015-11-26 13:39:01,571 [ERROR] (Tools.php:463) --  [8] Undefined variable: goods_content  _File: E:\myweb\firstaid\innerweb\ergency_action\emergency_detail.php  line: 60  
2015-11-26 13:40:29,998 [ERROR] (Tools.php:463) --  [8] Undefined variable: goods_content  _File: E:\myweb\firstaid\innerweb\ergency_action\emergency_detail.php  line: 60  
2015-11-26 13:40:39,759 [ERROR] (Tools.php:463) --  [8] Undefined variable: goods_content  _File: E:\myweb\firstaid\innerweb\ergency_action\emergency_detail.php  line: 60  
2015-11-26 13:40:48,234 [ERROR] (Tools.php:463) --  [8] Undefined variable: goods_content  _File: E:\myweb\firstaid\innerweb\ergency_action\emergency_detail.php  line: 60  
2015-11-26 13:40:53,187 [ERROR] (Tools.php:463) --  [8] Undefined variable: goods_content  _File: E:\myweb\firstaid\innerweb\ergency_action\emergency_detail.php  line: 60  
2015-11-26 13:40:55,637 [ERROR] (Tools.php:463) --  [8] Undefined variable: goods_content  _File: E:\myweb\firstaid\innerweb\ergency_action\emergency_detail.php  line: 60  
2015-11-26 13:41:31,330 [ERROR] (Tools.php:463) --  [8] Undefined variable: goods_content  _File: E:\myweb\firstaid\innerweb\ergency_action\emergency_detail.php  line: 60  
2015-11-26 13:43:29,020 [ERROR] (Tools.php:463) --  [8] Undefined variable: goods_content  _File: E:\myweb\firstaid\innerweb\ergency_action\emergency_detail.php  line: 60  
2015-11-26 13:43:48,840 [ERROR] (Tools.php:463) --  [8] Undefined variable: goods_content  _File: E:\myweb\firstaid\innerweb\ergency_action\emergency_detail.php  line: 60  
2015-11-26 13:44:24,122 [ERROR] (Tools.php:463) --  [8] Undefined variable: goods_content  _File: E:\myweb\firstaid\innerweb\ergency_action\emergency_detail.php  line: 60  
2015-11-26 13:46:01,023 [ERROR] (Tools.php:463) --  [8] Undefined variable: goods_content  _File: E:\myweb\firstaid\innerweb\ergency_action\emergency_detail.php  line: 60  
2015-11-26 13:46:05,198 [ERROR] (Tools.php:463) --  [8] Undefined variable: goods_content  _File: E:\myweb\firstaid\innerweb\ergency_action\emergency_detail.php  line: 60  
2015-11-26 13:46:08,367 [ERROR] (Tools.php:463) --  [8] Undefined variable: goods_content  _File: E:\myweb\firstaid\innerweb\ergency_action\emergency_detail.php  line: 60  
2015-11-26 13:46:12,358 [ERROR] (Tools.php:463) --  [8] Undefined variable: goods_content  _File: E:\myweb\firstaid\innerweb\ergency_action\emergency_detail.php  line: 60  
2015-11-26 13:46:53,606 [ERROR] (Tools.php:463) --  [8] Undefined variable: goods_content  _File: E:\myweb\firstaid\innerweb\ergency_action\emergency_detail.php  line: 60  
2015-11-26 13:47:03,651 [ERROR] (Tools.php:463) --  [8] Undefined variable: goods_content  _File: E:\myweb\firstaid\innerweb\ergency_action\emergency_detail.php  line: 60  
2015-11-26 13:47:06,281 [ERROR] (Tools.php:463) --  [8] Undefined variable: goods_content  _File: E:\myweb\firstaid\innerweb\ergency_action\emergency_detail.php  line: 60  
2015-11-26 13:49:33,795 [ERROR] (Tools.php:463) --  [8] Undefined variable: goods_content  _File: E:\myweb\firstaid\innerweb\ergency_action\emergency_detail.php  line: 60  
2015-11-26 13:49:36,448 [ERROR] (Tools.php:463) --  [8] Undefined variable: goods_content  _File: E:\myweb\firstaid\innerweb\ergency_action\emergency_detail.php  line: 60  
2015-11-26 13:49:44,881 [ERROR] (Tools.php:463) --  [8] Undefined variable: goods_content  _File: E:\myweb\firstaid\innerweb\ergency_action\emergency_detail.php  line: 60  
2015-11-26 13:49:47,220 [ERROR] (Tools.php:463) --  [8] Undefined variable: goods_content  _File: E:\myweb\firstaid\innerweb\ergency_action\emergency_detail.php  line: 60  
2015-11-26 13:50:16,825 [ERROR] (Tools.php:463) --  [8] Undefined variable: goods_content  _File: E:\myweb\firstaid\innerweb\ergency_action\emergency_detail.php  line: 60  
2015-11-26 13:50:20,834 [ERROR] (Tools.php:463) --  [8] Undefined variable: goods_content  _File: E:\myweb\firstaid\innerweb\ergency_action\emergency_detail.php  line: 60  
2015-11-26 13:50:29,729 [ERROR] (Tools.php:463) --  [8] Undefined variable: goods_content  _File: E:\myweb\firstaid\innerweb\ergency_action\emergency_detail.php  line: 60  
2015-11-26 13:50:32,174 [ERROR] (Tools.php:463) --  [8] Undefined variable: goods_content  _File: E:\myweb\firstaid\innerweb\ergency_action\emergency_detail.php  line: 60  
2015-11-26 13:50:39,983 [ERROR] (Tools.php:463) --  [8] Undefined variable: goods_content  _File: E:\myweb\firstaid\innerweb\ergency_action\emergency_detail.php  line: 60  
2015-11-26 13:53:21,542 [ERROR] (Tools.php:463) --  [8] Undefined variable: goods_content  _File: E:\myweb\firstaid\innerweb\ergency_action\emergency_detail.php  line: 60  
2015-11-26 13:53:25,878 [ERROR] (Tools.php:463) --  [8] Undefined variable: goods_content  _File: E:\myweb\firstaid\innerweb\ergency_action\emergency_detail.php  line: 60  
2015-11-26 13:53:27,821 [ERROR] (Tools.php:463) --  [8] Undefined variable: goods_content  _File: E:\myweb\firstaid\innerweb\ergency_action\emergency_detail.php  line: 60  
2015-11-26 13:53:51,358 [ERROR] (Tools.php:463) --  [8] Undefined variable: goods_content  _File: E:\myweb\firstaid\innerweb\ergency_action\emergency_detail.php  line: 60  
2015-11-26 13:53:54,231 [ERROR] (Tools.php:463) --  [8] Undefined variable: goods_content  _File: E:\myweb\firstaid\innerweb\ergency_action\emergency_detail.php  line: 60  
2015-11-26 13:53:58,221 [ERROR] (Tools.php:463) --  [8] Undefined variable: goods_content  _File: E:\myweb\firstaid\innerweb\ergency_action\emergency_detail.php  line: 60  
2015-11-26 13:54:01,374 [ERROR] (Tools.php:463) --  [8] Undefined variable: goods_content  _File: E:\myweb\firstaid\innerweb\ergency_action\emergency_detail.php  line: 60  
2015-11-26 13:54:06,323 [ERROR] (Tools.php:463) --  [8] Undefined variable: goods_content  _File: E:\myweb\firstaid\innerweb\ergency_action\emergency_detail.php  line: 60  
2015-11-26 13:54:16,293 [ERROR] (Tools.php:463) --  [8] Undefined variable: goods_content  _File: E:\myweb\firstaid\innerweb\ergency_action\emergency_detail.php  line: 60  
2015-11-26 13:54:21,528 [ERROR] (Tools.php:463) --  [8] Undefined variable: goods_content  _File: E:\myweb\firstaid\innerweb\ergency_action\emergency_detail.php  line: 60  
2015-11-26 13:54:51,233 [ERROR] (Tools.php:463) --  [8] Undefined variable: goods_content  _File: E:\myweb\firstaid\innerweb\ergency_action\emergency_detail.php  line: 60  
2015-11-26 13:55:10,590 [ERROR] (Tools.php:463) --  [8] Undefined index: gid  _File: E:\myweb\firstaid\innerweb\ergency_action\emergency_server_eq_detail.php  line: 26  
2015-11-26 13:55:19,830 [ERROR] (Tools.php:463) --  [8] Undefined index: cid  _File: E:\myweb\firstaid\innerweb\ergency_action\emergency_server_eq.php  line: 31  
2015-11-26 13:55:32,309 [ERROR] (Tools.php:463) --  [8] Undefined variable: goods_content  _File: E:\myweb\firstaid\innerweb\ergency_action\emergency_detail.php  line: 60  
2015-11-26 13:57:13,830 [ERROR] (Tools.php:463) --  [8] Undefined index: gid  _File: E:\myweb\firstaid\innerweb\ergency_action\emergency_server_eq_detail.php  line: 26  
2015-11-26 13:57:22,670 [ERROR] (Tools.php:463) --  [8] Undefined index: cid  _File: E:\myweb\firstaid\innerweb\ergency_action\emergency_server_eq.php  line: 31  
2015-11-26 13:58:08,433 [ERROR] (Tools.php:463) --  [8] Undefined variable: goods_content  _File: E:\myweb\firstaid\innerweb\ergency_action\emergency_detail.php  line: 60  
2015-11-26 14:01:15,204 [ERROR] (Tools.php:463) --  [8] Undefined index: cid  _File: E:\myweb\firstaid\innerweb\ergency_action\emergency_server_eq.php  line: 31  
2015-11-26 14:01:46,835 [ERROR] (Tools.php:463) --  [8] Undefined index: cid  _File: E:\myweb\firstaid\innerweb\ergency_action\emergency_server_eq.php  line: 31  
2015-11-26 14:04:09,607 [ERROR] (Tools.php:463) --  [8] Undefined variable: goods_content  _File: E:\myweb\firstaid\innerweb\ergency_action\emergency_detail.php  line: 60  
2015-11-26 14:06:00,858 [ERROR] (Tools.php:463) --  [8] Undefined variable: goods_content  _File: E:\myweb\firstaid\innerweb\ergency_action\emergency_detail.php  line: 60  
2015-11-26 14:06:05,503 [ERROR] (Tools.php:463) --  [8] Undefined variable: goods_content  _File: E:\myweb\firstaid\innerweb\ergency_action\emergency_detail.php  line: 60  
2015-11-26 14:08:38,606 [ERROR] (Tools.php:463) --  [8] Undefined index: cid  _File: E:\myweb\firstaid\innerweb\ergency_action\emergency_server_eq.php  line: 31  
2015-11-26 14:10:20,491 [ERROR] (Tools.php:463) --  [8] Undefined variable: goods_content  _File: E:\myweb\firstaid\innerweb\ergency_action\emergency_detail.php  line: 60  
2015-11-26 14:10:44,701 [ERROR] (Tools.php:463) --  [8] Undefined index: cid  _File: E:\myweb\firstaid\innerweb\ergency_action\emergency_server_eq.php  line: 31  
2015-11-26 14:11:07,178 [ERROR] (Tools.php:463) --  [8] Undefined variable: goods_content  _File: E:\myweb\firstaid\innerweb\ergency_action\emergency_detail.php  line: 60  
2015-11-26 14:15:54,202 [ERROR] (Tools.php:463) --  [8] Undefined index: cid  _File: E:\myweb\firstaid\innerweb\ergency_action\emergency_server_eq.php  line: 31  
2015-11-26 14:16:06,819 [ERROR] (Tools.php:463) --  [8] Undefined index: cid  _File: E:\myweb\firstaid\innerweb\ergency_action\emergency_server_eq.php  line: 31  
2015-11-26 14:16:46,930 [ERROR] (Tools.php:463) --  [8] Undefined index: cid  _File: E:\myweb\firstaid\innerweb\ergency_action\emergency_server_eq.php  line: 31  
2015-11-26 14:17:09,270 [ERROR] (Tools.php:463) --  [8] Undefined index: cid  _File: E:\myweb\firstaid\innerweb\ergency_action\emergency_server_eq.php  line: 31  
2015-11-26 14:17:14,283 [ERROR] (Tools.php:463) --  [8] Undefined index: cid  _File: E:\myweb\firstaid\innerweb\ergency_action\emergency_server_eq.php  line: 31  
2015-11-26 14:17:37,339 [ERROR] (Tools.php:463) --  [8] Undefined index: cid  _File: E:\myweb\firstaid\innerweb\ergency_action\emergency_server_eq.php  line: 31  
2015-11-26 14:17:51,306 [ERROR] (Tools.php:463) --  [8] Undefined index: cid  _File: E:\myweb\firstaid\innerweb\ergency_action\emergency_server_eq.php  line: 31  
2015-11-26 14:20:55,059 [ERROR] (Tools.php:463) --  [8] Undefined index: cid  _File: E:\myweb\firstaid\innerweb\ergency_action\emergency_server_eq.php  line: 31  
2015-11-26 14:21:14,559 [ERROR] (Tools.php:463) --  [8] Undefined index: cid  _File: E:\myweb\firstaid\innerweb\ergency_action\emergency_server_eq.php  line: 31  
2015-11-26 14:22:37,192 [ERROR] (Tools.php:463) --  [8] Undefined index: cid  _File: E:\myweb\firstaid\innerweb\ergency_action\emergency_server_eq.php  line: 31  
2015-11-26 14:22:58,583 [ERROR] (Tools.php:463) --  [8] Undefined index: cid  _File: E:\myweb\firstaid\innerweb\ergency_action\emergency_server_eq.php  line: 31  
2015-11-26 14:23:11,147 [ERROR] (Tools.php:463) --  [8] Undefined index: cid  _File: E:\myweb\firstaid\innerweb\ergency_action\emergency_server_eq.php  line: 31  
2015-11-26 14:23:19,874 [ERROR] (Tools.php:463) --  [8] Undefined index: cid  _File: E:\myweb\firstaid\innerweb\ergency_action\emergency_server_eq.php  line: 31  
2015-11-26 14:23:29,917 [ERROR] (Tools.php:463) --  [8] Undefined index: cid  _File: E:\myweb\firstaid\innerweb\ergency_action\emergency_server_eq.php  line: 31  
2015-11-26 14:23:55,032 [ERROR] (Tools.php:463) --  [8] Undefined index: cid  _File: E:\myweb\firstaid\innerweb\ergency_action\emergency_server_eq.php  line: 31  
2015-11-26 14:24:09,343 [ERROR] (Tools.php:463) --  [8] Undefined index: cid  _File: E:\myweb\firstaid\innerweb\ergency_action\emergency_server_eq.php  line: 31  
2015-11-26 14:24:27,478 [ERROR] (Tools.php:463) --  [8] Undefined index: cid  _File: E:\myweb\firstaid\innerweb\ergency_action\emergency_server_eq.php  line: 31  
2015-11-26 14:35:00,156 [ERROR] (Tools.php:463) --  [8] Undefined index: cid  _File: E:\myweb\firstaid\innerweb\ergency_action\emergency_server_eq.php  line: 31  
2015-11-26 14:42:20,692 [ERROR] (Tools.php:463) --  [8] Undefined index: cid  _File: E:\myweb\firstaid\innerweb\ergency_action\emergency_server_eq.php  line: 31  
2015-11-26 14:42:44,997 [ERROR] (Tools.php:463) --  [8] Undefined index: cid  _File: E:\myweb\firstaid\innerweb\ergency_action\emergency_server_eq.php  line: 31  
2015-11-26 14:42:53,469 [ERROR] (Tools.php:463) --  [8] Undefined index: cid  _File: E:\myweb\firstaid\innerweb\ergency_action\emergency_server_eq.php  line: 31  
2015-11-26 14:43:25,005 [ERROR] (Tools.php:463) --  [8] Undefined index: cid  _File: E:\myweb\firstaid\innerweb\ergency_action\emergency_server_eq.php  line: 31  
2015-11-26 14:44:06,135 [ERROR] (Tools.php:463) --  [8] Undefined index: cid  _File: E:\myweb\firstaid\innerweb\ergency_action\emergency_server_eq.php  line: 31  
2015-11-26 14:44:06,802 [ERROR] (Tools.php:463) --  [8] Undefined index: cid  _File: E:\myweb\firstaid\innerweb\ergency_action\emergency_server_eq.php  line: 31  
2015-11-26 14:44:07,091 [ERROR] (Tools.php:463) --  [8] Undefined index: cid  _File: E:\myweb\firstaid\innerweb\ergency_action\emergency_server_eq.php  line: 31  
2015-11-26 14:45:00,168 [ERROR] (Tools.php:463) --  [8] Undefined index: cid  _File: E:\myweb\firstaid\innerweb\ergency_action\emergency_server_eq.php  line: 31  
2015-11-26 14:45:39,506 [ERROR] (Tools.php:463) --  [8] Undefined index: cid  _File: E:\myweb\firstaid\innerweb\ergency_action\emergency_server_eq.php  line: 31  
2015-11-26 14:46:22,497 [ERROR] (Tools.php:463) --  [8] Undefined index: cid  _File: E:\myweb\firstaid\innerweb\ergency_action\emergency_server_eq.php  line: 31  
2015-11-26 14:46:55,396 [ERROR] (Tools.php:463) --  [8] Undefined index: cid  _File: E:\myweb\firstaid\innerweb\ergency_action\emergency_server_eq.php  line: 31  
2015-11-26 14:47:42,736 [ERROR] (Tools.php:463) --  [8] Undefined index: cid  _File: E:\myweb\firstaid\innerweb\ergency_action\emergency_server_eq.php  line: 31  
2015-11-26 14:48:55,995 [ERROR] (Tools.php:463) --  [8] Undefined index: cid  _File: E:\myweb\firstaid\innerweb\ergency_action\emergency_server_eq.php  line: 31  
2015-11-26 14:49:11,963 [ERROR] (Tools.php:463) --  [8] Undefined index: cid  _File: E:\myweb\firstaid\innerweb\ergency_action\emergency_server_eq.php  line: 31  
2015-11-26 14:49:36,803 [ERROR] (Tools.php:463) --  [8] Undefined index: cid  _File: E:\myweb\firstaid\innerweb\ergency_action\emergency_server_eq.php  line: 31  
2015-11-26 14:49:39,129 [ERROR] (Tools.php:463) --  [8] Undefined index: cid  _File: E:\myweb\firstaid\innerweb\ergency_action\emergency_server_eq.php  line: 31  
2015-11-26 14:49:52,384 [ERROR] (Tools.php:463) --  [8] Undefined index: cid  _File: E:\myweb\firstaid\innerweb\ergency_action\emergency_server_eq.php  line: 31  
2015-11-26 14:50:34,044 [ERROR] (Tools.php:463) --  [8] Undefined index: cid  _File: E:\myweb\firstaid\innerweb\ergency_action\emergency_server_eq.php  line: 31  
2015-11-26 14:50:53,940 [ERROR] (Tools.php:463) --  [8] Undefined index: cid  _File: E:\myweb\firstaid\innerweb\ergency_action\emergency_server_eq.php  line: 31  
2015-11-26 14:51:48,925 [ERROR] (Tools.php:463) --  [8] Undefined index: cid  _File: E:\myweb\firstaid\innerweb\ergency_action\emergency_server_eq.php  line: 31  
2015-11-26 14:51:55,139 [ERROR] (Tools.php:463) --  [8] Undefined index: cid  _File: E:\myweb\firstaid\innerweb\ergency_action\emergency_server_eq.php  line: 31  
2015-11-26 14:52:37,661 [ERROR] (Tools.php:463) --  [8] Undefined index: cid  _File: E:\myweb\firstaid\innerweb\ergency_action\emergency_server_eq.php  line: 31  
2015-11-26 14:54:23,607 [ERROR] (Tools.php:463) --  [8] Undefined index: cid  _File: E:\myweb\firstaid\innerweb\ergency_action\emergency_server_eq.php  line: 31  
2015-11-26 14:55:32,340 [ERROR] (Tools.php:463) --  [8] Undefined index: cid  _File: E:\myweb\firstaid\innerweb\ergency_action\emergency_server_eq.php  line: 31  
2015-11-26 14:55:42,400 [ERROR] (Tools.php:463) --  [8] Undefined index: cid  _File: E:\myweb\firstaid\innerweb\ergency_action\emergency_server_eq.php  line: 31  
2015-11-26 14:56:57,401 [ERROR] (Tools.php:463) --  [8] Undefined index: cid  _File: E:\myweb\firstaid\innerweb\ergency_action\emergency_server_eq.php  line: 31  
2015-11-26 14:57:06,527 [ERROR] (Tools.php:463) --  [8] Undefined index: cid  _File: E:\myweb\firstaid\innerweb\ergency_action\emergency_server_eq.php  line: 31  
2015-11-26 14:57:08,564 [ERROR] (Tools.php:463) --  [8] Undefined index: cid  _File: E:\myweb\firstaid\innerweb\ergency_action\emergency_server_eq.php  line: 31  
2015-11-26 14:57:36,380 [ERROR] (Tools.php:463) --  [8] Undefined index: cid  _File: E:\myweb\firstaid\innerweb\ergency_action\emergency_server_eq.php  line: 31  
2015-11-26 14:57:44,995 [ERROR] (Tools.php:463) --  [8] Undefined index: cid  _File: E:\myweb\firstaid\innerweb\ergency_action\emergency_server_eq.php  line: 31  
2015-11-26 14:57:51,259 [ERROR] (Tools.php:463) --  [8] Undefined index: cid  _File: E:\myweb\firstaid\innerweb\ergency_action\emergency_server_eq.php  line: 31  
2015-11-26 14:57:55,056 [ERROR] (Tools.php:463) --  [8] Undefined index: cid  _File: E:\myweb\firstaid\innerweb\ergency_action\emergency_server_eq.php  line: 31  
2015-11-26 14:57:57,586 [ERROR] (Tools.php:463) --  [8] Undefined index: cid  _File: E:\myweb\firstaid\innerweb\ergency_action\emergency_server_eq.php  line: 31  
2015-11-26 14:57:59,995 [ERROR] (Tools.php:463) --  [8] Undefined index: cid  _File: E:\myweb\firstaid\innerweb\ergency_action\emergency_server_eq.php  line: 31  
2015-11-26 14:58:02,322 [ERROR] (Tools.php:463) --  [8] Undefined index: cid  _File: E:\myweb\firstaid\innerweb\ergency_action\emergency_server_eq.php  line: 31  
2015-11-26 14:58:05,603 [ERROR] (Tools.php:463) --  [8] Undefined index: cid  _File: E:\myweb\firstaid\innerweb\ergency_action\emergency_server_eq.php  line: 31  
2015-11-26 14:58:07,959 [ERROR] (Tools.php:463) --  [8] Undefined index: cid  _File: E:\myweb\firstaid\innerweb\ergency_action\emergency_server_eq.php  line: 31  
2015-11-26 14:58:10,493 [ERROR] (Tools.php:463) --  [8] Undefined index: cid  _File: E:\myweb\firstaid\innerweb\ergency_action\emergency_server_eq.php  line: 31  
2015-11-26 14:58:16,935 [ERROR] (Tools.php:463) --  [8] Undefined index: cid  _File: E:\myweb\firstaid\innerweb\ergency_action\emergency_server_eq.php  line: 31  
2015-11-26 14:58:22,848 [ERROR] (Tools.php:463) --  [8] Undefined index: cid  _File: E:\myweb\firstaid\innerweb\ergency_action\emergency_server_eq.php  line: 31  
2015-11-26 14:58:24,149 [ERROR] (Tools.php:463) --  [8] Undefined index: cid  _File: E:\myweb\firstaid\innerweb\ergency_action\emergency_server_eq.php  line: 31  
2015-11-26 14:58:24,773 [ERROR] (Tools.php:463) --  [8] Undefined index: cid  _File: E:\myweb\firstaid\innerweb\ergency_action\emergency_server_eq.php  line: 31  
2015-11-26 14:58:25,381 [ERROR] (Tools.php:463) --  [8] Undefined index: cid  _File: E:\myweb\firstaid\innerweb\ergency_action\emergency_server_eq.php  line: 31  
2015-11-26 14:58:25,771 [ERROR] (Tools.php:463) --  [8] Undefined index: cid  _File: E:\myweb\firstaid\innerweb\ergency_action\emergency_server_eq.php  line: 31  
2015-11-26 14:59:41,821 [ERROR] (Tools.php:463) --  [8] Undefined index: cid  _File: E:\myweb\firstaid\innerweb\ergency_action\emergency_server_eq.php  line: 31  
2015-11-26 15:01:40,901 [ERROR] (Tools.php:463) --  [8] Undefined variable: goods_content  _File: E:\myweb\firstaid\innerweb\ergency_action\emergency_detail.php  line: 60  
2015-11-26 15:04:46,926 [ERROR] (Tools.php:463) --  [8] Undefined index: cid  _File: E:\myweb\firstaid\innerweb\ergency_action\emergency_server_eq.php  line: 31  
2015-11-26 15:05:01,445 [ERROR] (Tools.php:463) --  [8] Undefined index: cid  _File: E:\myweb\firstaid\innerweb\ergency_action\emergency_server_eq.php  line: 31  
2015-11-26 15:05:50,363 [ERROR] (Tools.php:463) --  [8] Undefined variable: goods_content  _File: E:\myweb\firstaid\innerweb\ergency_action\emergency_detail.php  line: 60  
2015-11-26 15:05:55,226 [ERROR] (Tools.php:463) --  [8] Undefined variable: goods_content  _File: E:\myweb\firstaid\innerweb\ergency_action\emergency_detail.php  line: 60  
2015-11-26 15:13:52,821 [ERROR] (Tools.php:463) --  [8] Undefined index: cid  _File: E:\myweb\firstaid\innerweb\ergency_action\emergency_server_eq.php  line: 31  
2015-11-26 15:14:07,354 [ERROR] (Tools.php:463) --  [8] Undefined index: cid  _File: E:\myweb\firstaid\innerweb\ergency_action\emergency_server_eq.php  line: 31  
2015-11-26 15:14:24,343 [ERROR] (Tools.php:463) --  [8] Undefined index: cid  _File: E:\myweb\firstaid\innerweb\ergency_action\emergency_server_eq.php  line: 31  
2015-11-26 15:22:48,161 [ERROR] (Tools.php:463) --  [8] Undefined index: cid  _File: E:\myweb\firstaid\innerweb\ergency_action\emergency_server_eq.php  line: 31  
2015-11-26 15:24:22,356 [ERROR] (Tools.php:463) --  [8] Undefined variable: goods_content  _File: E:\myweb\firstaid\innerweb\ergency_action\emergency_detail.php  line: 60  
2015-11-26 15:26:04,589 [ERROR] (Tools.php:463) --  [8] Undefined variable: goods_content  _File: E:\myweb\firstaid\innerweb\ergency_action\emergency_detail.php  line: 60  
2015-11-26 15:26:39,662 [ERROR] (Tools.php:463) --  [8] Undefined variable: goods_content  _File: E:\myweb\firstaid\innerweb\ergency_action\emergency_detail.php  line: 60  
2015-11-26 15:27:20,229 [ERROR] (Tools.php:463) --  [8] Undefined variable: goods_content  _File: E:\myweb\firstaid\innerweb\ergency_action\emergency_detail.php  line: 60  
2015-11-26 15:28:03,325 [ERROR] (Tools.php:463) --  [8] Undefined variable: goods_content  _File: E:\myweb\firstaid\innerweb\ergency_action\emergency_detail.php  line: 60  
2015-11-26 15:33:33,812 [ERROR] (Tools.php:463) --  [8] Undefined variable: goods_content  _File: E:\myweb\firstaid\innerweb\ergency_action\emergency_detail.php  line: 60  
2015-11-26 15:47:45,103 [ERROR] (Tools.php:463) --  [8] Undefined variable: goods_content  _File: E:\myweb\firstaid\innerweb\ergency_action\emergency_detail.php  line: 60  
2015-11-26 15:50:00,374 [ERROR] (Tools.php:463) --  [8] Undefined variable: goods_content  _File: E:\myweb\firstaid\innerweb\ergency_action\emergency_detail.php  line: 60  
2015-11-26 15:52:46,276 [ERROR] (Tools.php:463) --  [8] Undefined variable: goods_content  _File: E:\myweb\firstaid\innerweb\ergency_action\emergency_detail.php  line: 60  
2015-11-26 16:01:49,399 [ERROR] (Tools.php:463) --  [8] Undefined variable: goods_content  _File: E:\myweb\firstaid\innerweb\ergency_action\emergency_detail.php  line: 60  
2015-11-26 16:14:19,752 [ERROR] (Tools.php:463) --  [8] Undefined variable: goods_content  _File: E:\myweb\firstaid\innerweb\ergency_action\emergency_detail.php  line: 60  
2015-11-26 16:21:26,183 [ERROR] (Tools.php:463) --  [8] Undefined index: classid  _File: E:\myweb\firstaid\innerweb\ergency_action\emergency_server_classlist.php  line: 26  
2015-11-26 16:21:26,189 [ERROR] (Tools.php:463) --  [2] mysql_fetch_assoc() expects parameter 1 to be resource, boolean given  _File: E:\myweb\firstaid\1.0\common\database\DataBase_Mysql.php  line: 362  
2015-11-26 16:21:26,193 [ERROR] (Tools.php:463) --  [2] mysql_free_result() expects parameter 1 to be resource, boolean given  _File: E:\myweb\firstaid\1.0\common\database\DataBase_Mysql.php  line: 365  
2015-11-26 16:21:51,228 [ERROR] (Tools.php:463) --  [8] Undefined index: classid  _File: E:\myweb\firstaid\innerweb\ergency_action\emergency_server_classlist.php  line: 26  
2015-11-26 16:21:51,234 [ERROR] (Tools.php:463) --  [2] mysql_fetch_assoc() expects parameter 1 to be resource, boolean given  _File: E:\myweb\firstaid\1.0\common\database\DataBase_Mysql.php  line: 362  
2015-11-26 16:21:51,239 [ERROR] (Tools.php:463) --  [2] mysql_free_result() expects parameter 1 to be resource, boolean given  _File: E:\myweb\firstaid\1.0\common\database\DataBase_Mysql.php  line: 365  
2015-11-26 16:22:05,631 [ERROR] (Tools.php:463) --  [8] Undefined index: classid  _File: E:\myweb\firstaid\innerweb\ergency_action\emergency_server_classlist.php  line: 26  
2015-11-26 16:22:05,636 [ERROR] (Tools.php:463) --  [2] mysql_fetch_assoc() expects parameter 1 to be resource, boolean given  _File: E:\myweb\firstaid\1.0\common\database\DataBase_Mysql.php  line: 362  
2015-11-26 16:22:05,640 [ERROR] (Tools.php:463) --  [2] mysql_free_result() expects parameter 1 to be resource, boolean given  _File: E:\myweb\firstaid\1.0\common\database\DataBase_Mysql.php  line: 365  
2015-11-26 16:22:26,248 [ERROR] (Tools.php:463) --  [8] Undefined index: classid  _File: E:\myweb\firstaid\innerweb\ergency_action\emergency_server_classlist.php  line: 26  
2015-11-26 16:22:26,254 [ERROR] (Tools.php:463) --  [2] mysql_fetch_assoc() expects parameter 1 to be resource, boolean given  _File: E:\myweb\firstaid\1.0\common\database\DataBase_Mysql.php  line: 362  
2015-11-26 16:22:26,257 [ERROR] (Tools.php:463) --  [2] mysql_free_result() expects parameter 1 to be resource, boolean given  _File: E:\myweb\firstaid\1.0\common\database\DataBase_Mysql.php  line: 365  
2015-11-26 16:22:58,712 [ERROR] (Tools.php:463) --  [8] Undefined index: classid  _File: E:\myweb\firstaid\innerweb\ergency_action\emergency_server_classlist.php  line: 26  
2015-11-26 16:22:58,718 [ERROR] (Tools.php:463) --  [2] mysql_fetch_assoc() expects parameter 1 to be resource, boolean given  _File: E:\myweb\firstaid\1.0\common\database\DataBase_Mysql.php  line: 362  
2015-11-26 16:22:58,722 [ERROR] (Tools.php:463) --  [2] mysql_free_result() expects parameter 1 to be resource, boolean given  _File: E:\myweb\firstaid\1.0\common\database\DataBase_Mysql.php  line: 365  
2015-11-26 16:23:19,249 [ERROR] (Tools.php:463) --  [8] Undefined index: classid  _File: E:\myweb\firstaid\innerweb\ergency_action\emergency_server_classlist.php  line: 26  
2015-11-26 16:23:19,255 [ERROR] (Tools.php:463) --  [2] mysql_fetch_assoc() expects parameter 1 to be resource, boolean given  _File: E:\myweb\firstaid\1.0\common\database\DataBase_Mysql.php  line: 362  
2015-11-26 16:23:19,259 [ERROR] (Tools.php:463) --  [2] mysql_free_result() expects parameter 1 to be resource, boolean given  _File: E:\myweb\firstaid\1.0\common\database\DataBase_Mysql.php  line: 365  
2015-11-26 16:23:23,699 [ERROR] (Tools.php:463) --  [8] Undefined index: classid  _File: E:\myweb\firstaid\innerweb\ergency_action\emergency_server_classlist.php  line: 26  
2015-11-26 16:23:23,707 [ERROR] (Tools.php:463) --  [2] mysql_fetch_assoc() expects parameter 1 to be resource, boolean given  _File: E:\myweb\firstaid\1.0\common\database\DataBase_Mysql.php  line: 362  
2015-11-26 16:23:23,713 [ERROR] (Tools.php:463) --  [2] mysql_free_result() expects parameter 1 to be resource, boolean given  _File: E:\myweb\firstaid\1.0\common\database\DataBase_Mysql.php  line: 365  
2015-11-26 16:23:40,563 [ERROR] (Tools.php:463) --  [8] Undefined index: classid  _File: E:\myweb\firstaid\innerweb\ergency_action\emergency_server_classlist.php  line: 26  
2015-11-26 16:23:40,568 [ERROR] (Tools.php:463) --  [2] mysql_fetch_assoc() expects parameter 1 to be resource, boolean given  _File: E:\myweb\firstaid\1.0\common\database\DataBase_Mysql.php  line: 362  
2015-11-26 16:23:40,572 [ERROR] (Tools.php:463) --  [2] mysql_free_result() expects parameter 1 to be resource, boolean given  _File: E:\myweb\firstaid\1.0\common\database\DataBase_Mysql.php  line: 365  
2015-11-26 16:24:31,261 [ERROR] (Tools.php:463) --  [8] Undefined index: classid  _File: E:\myweb\firstaid\innerweb\ergency_action\emergency_server_classlist.php  line: 26  
2015-11-26 16:24:31,266 [ERROR] (Tools.php:463) --  [2] mysql_fetch_assoc() expects parameter 1 to be resource, boolean given  _File: E:\myweb\firstaid\1.0\common\database\DataBase_Mysql.php  line: 362  
2015-11-26 16:24:31,270 [ERROR] (Tools.php:463) --  [2] mysql_free_result() expects parameter 1 to be resource, boolean given  _File: E:\myweb\firstaid\1.0\common\database\DataBase_Mysql.php  line: 365  
2015-11-26 16:25:54,805 [ERROR] (Tools.php:463) --  [8] Undefined index: classid  _File: E:\myweb\firstaid\innerweb\ergency_action\emergency_server_classlist.php  line: 26  
2015-11-26 16:26:02,317 [ERROR] (Tools.php:463) --  [8] Undefined index: classid  _File: E:\myweb\firstaid\innerweb\ergency_action\emergency_server_classlist.php  line: 26  
2015-11-26 16:26:31,113 [ERROR] (Tools.php:463) --  [8] Undefined index: classid  _File: E:\myweb\firstaid\innerweb\ergency_action\emergency_server_classlist.php  line: 26  
2015-11-26 16:26:39,493 [ERROR] (Tools.php:463) --  [8] Undefined index: classid  _File: E:\myweb\firstaid\innerweb\ergency_action\emergency_server_classlist.php  line: 26  
2015-11-26 16:28:28,741 [ERROR] (Tools.php:463) --  [8] Undefined index: classid  _File: E:\myweb\firstaid\innerweb\ergency_action\emergency_server_classlist.php  line: 26  
2015-11-26 16:29:10,213 [ERROR] (Tools.php:463) --  [8] Undefined index: classid  _File: E:\myweb\firstaid\innerweb\ergency_action\emergency_server_classlist.php  line: 26  
2015-11-26 16:29:44,100 [ERROR] (Tools.php:463) --  [8] Undefined index: classid  _File: E:\myweb\firstaid\innerweb\ergency_action\emergency_server_classlist.php  line: 26  
2015-11-26 16:29:56,191 [ERROR] (Tools.php:463) --  [8] Undefined index: classid  _File: E:\myweb\firstaid\innerweb\ergency_action\emergency_server_classlist.php  line: 26  
2015-11-26 16:30:00,120 [ERROR] (Tools.php:463) --  [8] Undefined index: classid  _File: E:\myweb\firstaid\innerweb\ergency_action\emergency_server_classlist.php  line: 26  
2015-11-26 16:30:42,610 [ERROR] (Tools.php:463) --  [8] Undefined index: classid  _File: E:\myweb\firstaid\innerweb\ergency_action\emergency_server_classlist.php  line: 26  
2015-11-26 16:30:54,636 [ERROR] (Tools.php:463) --  [8] Undefined index: classid  _File: E:\myweb\firstaid\innerweb\ergency_action\emergency_server_classlist.php  line: 26  
2015-11-26 16:30:57,035 [ERROR] (Tools.php:463) --  [8] Undefined index: classid  _File: E:\myweb\firstaid\innerweb\ergency_action\emergency_server_classlist.php  line: 26  
2015-11-26 16:31:01,856 [ERROR] (Tools.php:463) --  [8] Undefined index: classid  _File: E:\myweb\firstaid\innerweb\ergency_action\emergency_server_classlist.php  line: 26  
2015-11-26 16:31:05,886 [ERROR] (Tools.php:463) --  [8] Undefined index: classid  _File: E:\myweb\firstaid\innerweb\ergency_action\emergency_server_classlist.php  line: 26  
2015-11-26 16:31:42,895 [ERROR] (Tools.php:463) --  [8] Undefined index: classid  _File: E:\myweb\firstaid\innerweb\ergency_action\emergency_server_classlist.php  line: 26  
2015-11-26 16:31:48,623 [ERROR] (Tools.php:463) --  [8] Undefined index: classid  _File: E:\myweb\firstaid\innerweb\ergency_action\emergency_server_classlist.php  line: 26  
2015-11-26 16:32:48,894 [ERROR] (Tools.php:463) --  [8] Undefined index: classid  _File: E:\myweb\firstaid\innerweb\ergency_action\emergency_server_classlist.php  line: 26  
2015-11-26 16:32:58,958 [ERROR] (Tools.php:463) --  [8] Undefined index: classid  _File: E:\myweb\firstaid\innerweb\ergency_action\emergency_server_classlist.php  line: 26  
2015-11-26 16:33:48,268 [ERROR] (Tools.php:463) --  [8] Undefined index: classid  _File: E:\myweb\firstaid\innerweb\ergency_action\emergency_server_classlist.php  line: 26  
2015-11-26 16:33:53,476 [ERROR] (Tools.php:463) --  [8] Undefined index: classid  _File: E:\myweb\firstaid\innerweb\ergency_action\emergency_server_classlist.php  line: 26  
2015-11-26 16:34:59,541 [ERROR] (Tools.php:463) --  [8] Undefined index: classid  _File: E:\myweb\firstaid\innerweb\ergency_action\emergency_server_classlist.php  line: 26  
2015-11-26 16:35:01,299 [ERROR] (Tools.php:463) --  [8] Undefined index: classid  _File: E:\myweb\firstaid\innerweb\ergency_action\emergency_server_classlist.php  line: 26  
2015-11-26 16:35:03,819 [ERROR] (Tools.php:463) --  [8] Undefined index: classid  _File: E:\myweb\firstaid\innerweb\ergency_action\emergency_server_classlist.php  line: 26  
2015-11-26 16:35:49,608 [ERROR] (Tools.php:463) --  [8] Undefined index: classid  _File: E:\myweb\firstaid\innerweb\ergency_action\emergency_server_classlist.php  line: 26  
2015-11-26 16:35:53,603 [ERROR] (Tools.php:463) --  [8] Undefined index: classid  _File: E:\myweb\firstaid\innerweb\ergency_action\emergency_server_classlist.php  line: 26  
2015-11-26 16:35:55,348 [ERROR] (Tools.php:463) --  [8] Undefined index: classid  _File: E:\myweb\firstaid\innerweb\ergency_action\emergency_server_classlist.php  line: 26  
2015-11-26 16:36:05,813 [ERROR] (Tools.php:463) --  [8] Undefined index: classid  _File: E:\myweb\firstaid\innerweb\ergency_action\emergency_server_classlist.php  line: 26  
2015-11-26 16:36:35,866 [ERROR] (Tools.php:463) --  [8] Undefined index: classid  _File: E:\myweb\firstaid\innerweb\ergency_action\emergency_server_classlist.php  line: 26  
2015-11-26 16:37:11,221 [ERROR] (Tools.php:463) --  [8] Undefined index: classid  _File: E:\myweb\firstaid\innerweb\ergency_action\emergency_server_classlist.php  line: 26  
2015-11-26 16:37:56,374 [ERROR] (Tools.php:463) --  [8] Undefined index: classid  _File: E:\myweb\firstaid\innerweb\ergency_action\emergency_server_classlist.php  line: 26  
2015-11-26 16:38:11,475 [ERROR] (Tools.php:463) --  [8] Undefined index: classid  _File: E:\myweb\firstaid\innerweb\ergency_action\emergency_server_classlist.php  line: 26  
2015-11-26 16:38:17,638 [ERROR] (Tools.php:463) --  [8] Undefined index: classid  _File: E:\myweb\firstaid\innerweb\ergency_action\emergency_server_classlist.php  line: 26  
2015-11-26 16:38:25,519 [ERROR] (Tools.php:463) --  [8] Undefined variable: goods_content  _File: E:\myweb\firstaid\innerweb\ergency_action\emergency_detail.php  line: 60  
2015-11-26 16:38:41,460 [ERROR] (Tools.php:463) --  [8] Undefined index: classid  _File: E:\myweb\firstaid\innerweb\ergency_action\emergency_server_classlist.php  line: 26  
2015-11-26 16:38:42,328 [ERROR] (Tools.php:463) --  [8] Undefined variable: goods_content  _File: E:\myweb\firstaid\innerweb\ergency_action\emergency_detail.php  line: 60  
2015-11-26 16:38:50,995 [ERROR] (Tools.php:463) --  [8] Undefined variable: con  _File: E:\myweb\firstaid\innerweb\ergency_action\sort_list.php  line: 20  
2015-11-26 16:39:26,564 [ERROR] (Tools.php:463) --  [8] Undefined index: cid  _File: E:\myweb\firstaid\innerweb\ergency_action\emergency_server_eq.php  line: 31  
2015-11-26 16:40:00,181 [ERROR] (Tools.php:463) --  [8] Undefined variable: goods_content  _File: E:\myweb\firstaid\innerweb\ergency_action\emergency_detail.php  line: 60  
2015-11-26 16:40:08,663 [ERROR] (Tools.php:463) --  [8] Undefined index: classid  _File: E:\myweb\firstaid\innerweb\ergency_action\emergency_server_classlist.php  line: 26  
2015-11-26 16:40:18,260 [ERROR] (Tools.php:463) --  [8] Undefined variable: con  _File: E:\myweb\firstaid\innerweb\ergency_action\sort_list.php  line: 20  
2015-11-26 16:40:27,110 [ERROR] (Tools.php:463) --  [8] Undefined index: classid  _File: E:\myweb\firstaid\innerweb\ergency_action\emergency_server_classlist.php  line: 26  
2015-11-26 16:42:42,768 [ERROR] (Tools.php:463) --  [8] Undefined index: classid  _File: E:\myweb\firstaid\innerweb\ergency_action\emergency_server_classlist.php  line: 26  
2015-11-26 16:43:17,860 [ERROR] (Tools.php:463) --  [8] Undefined index: classid  _File: E:\myweb\firstaid\innerweb\ergency_action\emergency_server_classlist.php  line: 26  
2015-11-26 16:43:20,513 [ERROR] (Tools.php:463) --  [8] Undefined variable: goods_content  _File: E:\myweb\firstaid\innerweb\ergency_action\emergency_detail.php  line: 60  
2015-11-26 16:43:29,600 [ERROR] (Tools.php:463) --  [8] Undefined index: cid  _File: E:\myweb\firstaid\innerweb\ergency_action\emergency_server_eq.php  line: 31  
2015-11-26 16:44:51,667 [ERROR] (Tools.php:463) --  [8] Undefined index: cid  _File: E:\myweb\firstaid\innerweb\ergency_action\emergency_server_eq.php  line: 31  
2015-11-26 16:44:56,489 [ERROR] (Tools.php:463) --  [8] Undefined index: cid  _File: E:\myweb\firstaid\innerweb\ergency_action\emergency_server_eq.php  line: 31  
2015-11-26 16:46:07,953 [ERROR] (Tools.php:463) --  [8] Undefined index: cid  _File: E:\myweb\firstaid\innerweb\ergency_action\emergency_server_eq.php  line: 31  
2015-11-26 16:46:25,322 [ERROR] (Tools.php:463) --  [8] Undefined index: cid  _File: E:\myweb\firstaid\innerweb\ergency_action\emergency_server_eq.php  line: 31  
2015-11-26 16:47:04,380 [ERROR] (Tools.php:463) --  [8] Undefined index: cid  _File: E:\myweb\firstaid\innerweb\ergency_action\emergency_server_eq.php  line: 31  
2015-11-26 16:47:09,558 [ERROR] (Tools.php:463) --  [8] Undefined index: cid  _File: E:\myweb\firstaid\innerweb\ergency_action\emergency_server_eq.php  line: 31  
2015-11-26 16:48:55,302 [ERROR] (Tools.php:463) --  [8] Undefined index: cid  _File: E:\myweb\firstaid\innerweb\ergency_action\emergency_server_eq.php  line: 31  
2015-11-26 16:49:17,474 [ERROR] (Tools.php:463) --  [8] Undefined index: cid  _File: E:\myweb\firstaid\innerweb\ergency_action\emergency_server_eq.php  line: 31  
2015-11-26 16:52:35,675 [ERROR] (Tools.php:463) --  [8] Undefined index: cid  _File: E:\myweb\firstaid\innerweb\ergency_action\emergency_server_eq.php  line: 31  
2015-11-26 16:53:34,789 [ERROR] (Tools.php:463) --  [8] Undefined index: cid  _File: E:\myweb\firstaid\innerweb\ergency_action\emergency_server_eq.php  line: 31  
2015-11-26 16:54:46,497 [ERROR] (Tools.php:463) --  [8] Undefined index: cid  _File: E:\myweb\firstaid\innerweb\ergency_action\emergency_server_eq.php  line: 31  
2015-11-26 16:55:01,968 [ERROR] (Tools.php:463) --  [8] Undefined index: cid  _File: E:\myweb\firstaid\innerweb\ergency_action\emergency_server_eq.php  line: 31  
2015-11-26 16:55:24,882 [ERROR] (Tools.php:463) --  [8] Undefined index: cid  _File: E:\myweb\firstaid\innerweb\ergency_action\emergency_server_eq.php  line: 31  
2015-11-26 16:57:29,699 [ERROR] (Tools.php:463) --  [8] Undefined index: cid  _File: E:\myweb\firstaid\innerweb\ergency_action\emergency_server_eq.php  line: 31  
2015-11-26 16:58:11,919 [ERROR] (Tools.php:463) --  [8] Undefined index: cid  _File: E:\myweb\firstaid\innerweb\ergency_action\emergency_server_eq.php  line: 31  
2015-11-26 17:01:36,041 [ERROR] (Tools.php:463) --  [8] Undefined index: cid  _File: E:\myweb\firstaid\innerweb\ergency_action\emergency_server_eq.php  line: 31  
2015-11-26 17:27:52,161 [ERROR] (Tools.php:463) --  [8] Undefined variable: class  _File: E:\myweb\firstaid\innerweb\ergency_action\emergency_equipment.php  line: 21  
2015-11-26 17:27:52,165 [ERROR] (Tools.php:463) --  [2] Invalid argument supplied for foreach()  _File: E:\myweb\firstaid\innerweb\ergency_action\emergency_equipment.php  line: 21  
2015-11-26 17:28:26,498 [ERROR] (Tools.php:463) --  [8] Undefined variable: class  _File: E:\myweb\firstaid\innerweb\ergency_action\emergency_equipment.php  line: 21  
2015-11-26 17:28:26,505 [ERROR] (Tools.php:463) --  [2] Invalid argument supplied for foreach()  _File: E:\myweb\firstaid\innerweb\ergency_action\emergency_equipment.php  line: 21  
2015-11-26 17:28:28,066 [ERROR] (Tools.php:463) --  [8] Undefined variable: class  _File: E:\myweb\firstaid\innerweb\ergency_action\emergency_equipment.php  line: 21  
2015-11-26 17:28:28,070 [ERROR] (Tools.php:463) --  [2] Invalid argument supplied for foreach()  _File: E:\myweb\firstaid\innerweb\ergency_action\emergency_equipment.php  line: 21  
2015-11-26 17:28:31,887 [ERROR] (Tools.php:463) --  [8] Undefined index: con  _File: E:\myweb\firstaid\innerweb\ergency_action\emergency_server_eq.php  line: 25  
2015-11-26 17:28:31,893 [ERROR] (Tools.php:463) --  [8] Undefined index: cid  _File: E:\myweb\firstaid\innerweb\ergency_action\emergency_server_eq.php  line: 43  
2015-11-26 17:28:39,686 [ERROR] (Tools.php:463) --  [8] Undefined variable: class  _File: E:\myweb\firstaid\innerweb\ergency_action\emergency_equipment.php  line: 21  
2015-11-26 17:28:39,690 [ERROR] (Tools.php:463) --  [2] Invalid argument supplied for foreach()  _File: E:\myweb\firstaid\innerweb\ergency_action\emergency_equipment.php  line: 21  
2015-11-26 17:29:28,534 [ERROR] (Tools.php:463) --  [8] Undefined variable: class  _File: E:\myweb\firstaid\innerweb\ergency_action\emergency_equipment.php  line: 21  
2015-11-26 17:29:28,538 [ERROR] (Tools.php:463) --  [2] Invalid argument supplied for foreach()  _File: E:\myweb\firstaid\innerweb\ergency_action\emergency_equipment.php  line: 21  
2015-11-26 17:29:30,690 [ERROR] (Tools.php:463) --  [8] Undefined variable: class  _File: E:\myweb\firstaid\innerweb\ergency_action\emergency_equipment.php  line: 21  
2015-11-26 17:29:30,695 [ERROR] (Tools.php:463) --  [2] Invalid argument supplied for foreach()  _File: E:\myweb\firstaid\innerweb\ergency_action\emergency_equipment.php  line: 21  
2015-11-26 17:29:34,461 [ERROR] (Tools.php:463) --  [8] Undefined variable: class  _File: E:\myweb\firstaid\innerweb\ergency_action\emergency_equipment.php  line: 21  
2015-11-26 17:29:34,465 [ERROR] (Tools.php:463) --  [2] Invalid argument supplied for foreach()  _File: E:\myweb\firstaid\innerweb\ergency_action\emergency_equipment.php  line: 21  
2015-11-26 17:30:52,925 [ERROR] (Tools.php:463) --  [8] Undefined variable: class  _File: E:\myweb\firstaid\innerweb\ergency_action\emergency_equipment.php  line: 21  
2015-11-26 17:30:52,929 [ERROR] (Tools.php:463) --  [2] Invalid argument supplied for foreach()  _File: E:\myweb\firstaid\innerweb\ergency_action\emergency_equipment.php  line: 21  
2015-11-26 17:32:08,246 [ERROR] (Tools.php:463) --  [8] Undefined variable: cid  _File: E:\myweb\firstaid\innerweb\ergency_action\emergency_equipment.php  line: 25  
2015-11-26 17:32:08,251 [ERROR] (Tools.php:463) --  [8] Undefined variable: cid  _File: E:\myweb\firstaid\innerweb\ergency_action\emergency_equipment.php  line: 25  
2015-11-26 17:32:13,147 [ERROR] (Tools.php:463) --  [8] Undefined variable: cid  _File: E:\myweb\firstaid\innerweb\ergency_action\emergency_equipment.php  line: 25  
2015-11-26 17:32:13,152 [ERROR] (Tools.php:463) --  [8] Undefined variable: cid  _File: E:\myweb\firstaid\innerweb\ergency_action\emergency_equipment.php  line: 25  
2015-11-26 17:32:16,069 [ERROR] (Tools.php:463) --  [8] Undefined variable: cid  _File: E:\myweb\firstaid\innerweb\ergency_action\emergency_equipment.php  line: 25  
2015-11-26 17:32:16,073 [ERROR] (Tools.php:463) --  [8] Undefined variable: cid  _File: E:\myweb\firstaid\innerweb\ergency_action\emergency_equipment.php  line: 25  
2015-11-26 17:32:26,070 [ERROR] (Tools.php:463) --  [8] Undefined variable: cid  _File: E:\myweb\firstaid\innerweb\ergency_action\emergency_equipment.php  line: 25  
2015-11-26 17:32:26,075 [ERROR] (Tools.php:463) --  [8] Undefined variable: cid  _File: E:\myweb\firstaid\innerweb\ergency_action\emergency_equipment.php  line: 25  
2015-11-26 17:32:43,042 [ERROR] (Tools.php:463) --  [8] Undefined variable: goods_content  _File: E:\myweb\firstaid\innerweb\ergency_action\emergency_detail.php  line: 60  
2015-11-26 17:35:35,011 [ERROR] (Tools.php:463) --  [8] Undefined index: con  _File: E:\myweb\firstaid\innerweb\ergency_action\emergency_server_eq.php  line: 29  
2015-11-26 17:35:35,020 [ERROR] (Tools.php:463) --  [8] Undefined variable: con  _File: E:\myweb\firstaid\innerweb\ergency_action\emergency_equipment.php  line: 44  
