2015-11-27 09:27:44,340 [ERROR] (Tools.php:463) --  [8] Undefined index: classid  _File: E:\myweb\firstaid\innerweb\ergency_action\emergency_server_classlist.php  line: 26  
2015-11-27 09:27:44,345 [ERROR] (Tools.php:463) --  [8] Undefined index: con  _File: E:\myweb\firstaid\innerweb\ergency_action\emergency_server_classlist.php  line: 42  
2015-11-27 09:27:54,377 [ERROR] (Tools.php:463) --  [8] Undefined variable: con  _File: E:\myweb\firstaid\innerweb\ergency_action\sort_list.php  line: 20  
2015-11-27 09:27:57,114 [ERROR] (Tools.php:463) --  [8] Undefined variable: con  _File: E:\myweb\firstaid\innerweb\ergency_action\sort_list.php  line: 20  
2015-11-27 09:28:02,111 [ERROR] (Tools.php:463) --  [8] Undefined index: classid  _File: E:\myweb\firstaid\innerweb\ergency_action\emergency_server_classlist.php  line: 26  
2015-11-27 09:28:16,141 [ERROR] (Tools.php:463) --  [8] Undefined variable: goods_content  _File: E:\myweb\firstaid\innerweb\ergency_action\emergency_detail.php  line: 60  
2015-11-27 09:30:11,461 [ERROR] (Tools.php:463) --  [8] Undefined variable: con  _File: E:\myweb\firstaid\innerweb\ergency_action\sort_list.php  line: 20  
2015-11-27 09:37:59,623 [ERROR] (Tools.php:463) --  [8] Undefined variable: con  _File: E:\myweb\firstaid\innerweb\ergency_action\sort_list.php  line: 20  
2015-11-27 09:38:05,897 [ERROR] (Tools.php:463) --  [8] Undefined variable: con  _File: E:\myweb\firstaid\innerweb\ergency_action\sort_list.php  line: 20  
2015-11-27 09:38:51,750 [ERROR] (Tools.php:463) --  [8] Undefined variable: con  _File: E:\myweb\firstaid\innerweb\ergency_action\sort_list.php  line: 20  
2015-11-27 09:38:58,224 [ERROR] (Tools.php:463) --  [8] Undefined variable: con  _File: E:\myweb\firstaid\innerweb\ergency_action\sort_list.php  line: 20  
2015-11-27 09:39:04,738 [ERROR] (Tools.php:463) --  [8] Undefined variable: con  _File: E:\myweb\firstaid\innerweb\ergency_action\sort_list.php  line: 20  
2015-11-27 09:39:13,863 [ERROR] (Tools.php:463) --  [8] Undefined variable: goods_content  _File: E:\myweb\firstaid\innerweb\ergency_action\emergency_detail.php  line: 60  
2015-11-27 09:39:36,354 [ERROR] (Tools.php:463) --  [8] Undefined variable: goods_content  _File: E:\myweb\firstaid\innerweb\ergency_action\emergency_detail.php  line: 60  
2015-11-27 09:39:43,500 [ERROR] (Tools.php:463) --  [8] Undefined variable: goods_content  _File: E:\myweb\firstaid\innerweb\ergency_action\emergency_detail.php  line: 60  
2015-11-27 09:40:00,782 [ERROR] (Tools.php:463) --  [8] Undefined variable: con  _File: E:\myweb\firstaid\innerweb\ergency_action\sort_list.php  line: 20  
2015-11-27 09:58:02,702 [ERROR] (Tools.php:463) --  [8] Undefined variable: con  _File: E:\myweb\firstaid\innerweb\ergency_action\sort_list.php  line: 20  
2015-11-27 09:58:03,616 [ERROR] (Tools.php:463) --  [8] Undefined variable: goods_content  _File: E:\myweb\firstaid\innerweb\ergency_action\emergency_detail.php  line: 60  
2015-11-27 09:58:18,116 [ERROR] (Tools.php:463) --  [8] Undefined variable: goods_content  _File: E:\myweb\firstaid\innerweb\ergency_action\emergency_detail.php  line: 60  
2015-11-27 09:58:41,787 [ERROR] (Tools.php:463) --  [8] Undefined variable: goods_content  _File: E:\myweb\firstaid\innerweb\ergency_action\emergency_detail.php  line: 60  
2015-11-27 10:03:02,539 [ERROR] (Tools.php:463) --  [8] Undefined variable: goods_content  _File: E:\myweb\firstaid\innerweb\ergency_action\emergency_detail.php  line: 60  
2015-11-27 10:05:29,798 [ERROR] (Tools.php:463) --  [8] Undefined variable: goods_content  _File: E:\myweb\firstaid\innerweb\ergency_action\emergency_detail.php  line: 60  
2015-11-27 10:05:29,802 [ERROR] (Tools.php:463) --  [8] Undefined variable: _SESSION  _File: E:\myweb\firstaid\innerweb\ergency_action\emergency_detail.php  line: 86  
2015-11-27 10:05:38,364 [ERROR] (Tools.php:463) --  [8] Undefined variable: goods_content  _File: E:\myweb\firstaid\innerweb\ergency_action\emergency_detail.php  line: 60  
2015-11-27 10:05:38,370 [ERROR] (Tools.php:463) --  [8] Undefined variable: _SESSION  _File: E:\myweb\firstaid\innerweb\ergency_action\emergency_detail.php  line: 86  
2015-11-27 10:06:27,899 [ERROR] (Tools.php:463) --  [8] Undefined variable: goods_content  _File: E:\myweb\firstaid\innerweb\ergency_action\emergency_detail.php  line: 60  
2015-11-27 10:09:09,536 [ERROR] (Tools.php:463) --  [8] Undefined variable: goods_content  _File: E:\myweb\firstaid\innerweb\ergency_action\emergency_detail.php  line: 60  
2015-11-27 10:24:12,843 [ERROR] (Tools.php:463) --  [8] Undefined variable: goods_content  _File: E:\myweb\firstaid\innerweb\ergency_action\emergency_detail.php  line: 60  
2015-11-27 10:24:45,956 [ERROR] (Tools.php:463) --  [8] Undefined variable: goods_content  _File: E:\myweb\firstaid\innerweb\ergency_action\emergency_detail.php  line: 60  
2015-11-27 11:16:46,973 [ERROR] (Tools.php:463) --  [8] Undefined index: ss  _File: E:\myweb\firstaid\innerweb\ergency_action\emergency_server.php  line: 21  
2015-11-27 11:24:13,214 [ERROR] (Tools.php:463) --  [8] Undefined index: ss  _File: E:\myweb\firstaid\innerweb\ergency_action\emergency_server.php  line: 21  
2015-11-27 11:24:52,973 [ERROR] (Tools.php:463) --  [8] Undefined index: ss  _File: E:\myweb\firstaid\innerweb\ergency_action\emergency_server.php  line: 21  
2015-11-27 11:25:40,694 [ERROR] (Tools.php:463) --  [8] Undefined index: ss  _File: E:\myweb\firstaid\innerweb\ergency_action\emergency_server.php  line: 21  
2015-11-27 11:26:55,465 [ERROR] (Tools.php:463) --  [8] Undefined index: ss  _File: E:\myweb\firstaid\innerweb\ergency_action\emergency_server.php  line: 21  
2015-11-27 11:31:24,779 [ERROR] (Tools.php:463) --  [8] Undefined index: ss  _File: E:\myweb\firstaid\innerweb\ergency_action\emergency_server.php  line: 21  
2015-11-27 11:31:29,922 [ERROR] (Tools.php:463) --  [8] Undefined index: ss  _File: E:\myweb\firstaid\innerweb\ergency_action\emergency_server.php  line: 21  
2015-11-27 11:31:50,500 [ERROR] (Tools.php:463) --  [8] Undefined index: ss  _File: E:\myweb\firstaid\innerweb\ergency_action\emergency_server.php  line: 21  
2015-11-27 11:32:22,385 [ERROR] (Tools.php:463) --  [8] Undefined index: ss  _File: E:\myweb\firstaid\innerweb\ergency_action\emergency_server.php  line: 21  
2015-11-27 11:33:08,733 [ERROR] (Tools.php:463) --  [8] Undefined index: ss  _File: E:\myweb\firstaid\innerweb\ergency_action\emergency_server.php  line: 21  
2015-11-27 11:37:46,409 [ERROR] (Tools.php:463) --  [8] Undefined index: ss  _File: E:\myweb\firstaid\innerweb\ergency_action\emergency_server.php  line: 21  
2015-11-27 12:02:43,245 [ERROR] (Tools.php:463) --  [8] Undefined index: ss  _File: E:\myweb\firstaid\innerweb\ergency_action\emergency_server.php  line: 21  
2015-11-27 12:02:50,110 [ERROR] (Tools.php:463) --  [8] Undefined index: ss  _File: E:\myweb\firstaid\innerweb\ergency_action\emergency_server.php  line: 21  
2015-11-27 12:03:02,390 [ERROR] (Tools.php:463) --  [8] Undefined variable: con  _File: E:\myweb\firstaid\innerweb\ergency_action\sort_list.php  line: 20  
2015-11-27 12:03:02,757 [ERROR] (Tools.php:463) --  [8] Undefined variable: goods_content  _File: E:\myweb\firstaid\innerweb\ergency_action\emergency_detail.php  line: 60  
2015-11-27 12:03:02,762 [ERROR] (Tools.php:463) --  [8] Undefined index: ss  _File: E:\myweb\firstaid\innerweb\ergency_action\emergency_detail.php  line: 86  
2015-11-27 12:03:06,344 [ERROR] (Tools.php:463) --  [8] Undefined index: ss  _File: E:\myweb\firstaid\innerweb\ergency_action\emergency_server.php  line: 21  
2015-11-27 12:03:15,508 [ERROR] (Tools.php:463) --  [8] Undefined index: ss  _File: E:\myweb\firstaid\innerweb\ergency_action\emergency_server.php  line: 21  
2015-11-27 12:03:30,511 [ERROR] (Tools.php:463) --  [8] Undefined index: ss  _File: E:\myweb\firstaid\innerweb\ergency_action\emergency_server.php  line: 21  
2015-11-27 12:03:35,342 [ERROR] (Tools.php:463) --  [8] Undefined variable: con  _File: E:\myweb\firstaid\innerweb\ergency_action\sort_list.php  line: 20  
2015-11-27 12:03:37,116 [ERROR] (Tools.php:463) --  [8] Undefined index: ss  _File: E:\myweb\firstaid\innerweb\ergency_action\emergency_server.php  line: 21  
2015-11-27 12:03:44,990 [ERROR] (Tools.php:463) --  [8] Undefined variable: con  _File: E:\myweb\firstaid\innerweb\ergency_action\sort_list.php  line: 20  
2015-11-27 12:03:46,603 [ERROR] (Tools.php:463) --  [8] Undefined index: ss  _File: E:\myweb\firstaid\innerweb\ergency_action\emergency_server.php  line: 21  
2015-11-27 12:03:48,795 [ERROR] (Tools.php:463) --  [8] Undefined variable: con  _File: E:\myweb\firstaid\innerweb\ergency_action\sort_list.php  line: 20  
2015-11-27 12:03:50,020 [ERROR] (Tools.php:463) --  [8] Undefined index: ss  _File: E:\myweb\firstaid\innerweb\ergency_action\emergency_server.php  line: 21  
2015-11-27 13:25:41,852 [ERROR] (Tools.php:463) --  [8] Undefined index: ss  _File: E:\myweb\firstaid\innerweb\ergency_action\emergency_server.php  line: 21  
2015-11-27 13:25:56,601 [ERROR] (Tools.php:463) --  [8] Undefined index: ss  _File: E:\myweb\firstaid\innerweb\ergency_action\emergency_server.php  line: 21  
2015-11-27 13:26:13,423 [ERROR] (Tools.php:463) --  [8] Undefined index: ss  _File: E:\myweb\firstaid\innerweb\ergency_action\emergency_server.php  line: 21  
2015-11-27 13:26:34,152 [ERROR] (Tools.php:463) --  [8] Undefined index: ss  _File: E:\myweb\firstaid\innerweb\ergency_action\emergency_server.php  line: 21  
2015-11-27 13:26:45,587 [ERROR] (Tools.php:463) --  [8] Undefined index: ss  _File: E:\myweb\firstaid\innerweb\ergency_action\emergency_server.php  line: 21  
2015-11-27 13:26:50,851 [ERROR] (Tools.php:463) --  [8] Undefined variable: con  _File: E:\myweb\firstaid\innerweb\ergency_action\sort_list.php  line: 20  
2015-11-27 13:26:52,636 [ERROR] (Tools.php:463) --  [8] Undefined index: ss  _File: E:\myweb\firstaid\innerweb\ergency_action\emergency_server.php  line: 21  
2015-11-27 13:26:54,616 [ERROR] (Tools.php:463) --  [8] Undefined variable: con  _File: E:\myweb\firstaid\innerweb\ergency_action\sort_list.php  line: 20  
2015-11-27 13:26:57,007 [ERROR] (Tools.php:463) --  [8] Undefined index: ss  _File: E:\myweb\firstaid\innerweb\ergency_action\emergency_server.php  line: 21  
2015-11-27 13:27:16,124 [ERROR] (Tools.php:463) --  [8] Undefined index: ss  _File: E:\myweb\firstaid\innerweb\ergency_action\emergency_server.php  line: 21  
2015-11-27 13:27:27,536 [ERROR] (Tools.php:463) --  [8] Undefined index: ss  _File: E:\myweb\firstaid\innerweb\ergency_action\emergency_server.php  line: 21  
2015-11-27 13:33:32,787 [ERROR] (Tools.php:463) --  [8] Undefined index: ss  _File: E:\myweb\firstaid\innerweb\ergency_action\emergency_server.php  line: 21  
2015-11-27 13:33:35,171 [ERROR] (Tools.php:463) --  [8] Undefined index: ss  _File: E:\myweb\firstaid\innerweb\ergency_action\emergency_server.php  line: 21  
2015-11-27 13:34:14,136 [ERROR] (Tools.php:463) --  [8] Undefined index: ss  _File: E:\myweb\firstaid\innerweb\ergency_action\emergency_server.php  line: 21  
2015-11-27 13:34:24,292 [ERROR] (Tools.php:463) --  [8] Undefined index: ss  _File: E:\myweb\firstaid\innerweb\ergency_action\emergency_server.php  line: 21  
2015-11-27 13:34:39,721 [ERROR] (Tools.php:463) --  [8] Undefined variable: con  _File: E:\myweb\firstaid\innerweb\ergency_action\sort_list.php  line: 20  
2015-11-27 13:34:41,356 [ERROR] (Tools.php:463) --  [8] Undefined index: ss  _File: E:\myweb\firstaid\innerweb\ergency_action\emergency_server.php  line: 21  
2015-11-27 13:34:44,780 [ERROR] (Tools.php:463) --  [8] Undefined variable: con  _File: E:\myweb\firstaid\innerweb\ergency_action\sort_list.php  line: 20  
2015-11-27 13:34:46,412 [ERROR] (Tools.php:463) --  [8] Undefined index: ss  _File: E:\myweb\firstaid\innerweb\ergency_action\emergency_server.php  line: 21  
2015-11-27 13:36:33,628 [ERROR] (Tools.php:463) --  [8] Undefined index: ss  _File: E:\myweb\firstaid\innerweb\ergency_action\emergency_server.php  line: 21  
2015-11-27 13:40:37,697 [ERROR] (Tools.php:463) --  [8] Undefined index: ss  _File: E:\myweb\firstaid\innerweb\ergency_action\emergency_server.php  line: 21  
2015-11-27 13:45:17,536 [ERROR] (Tools.php:463) --  [8] Undefined index: ss  _File: E:\myweb\firstaid\innerweb\ergency_action\emergency_server.php  line: 21  
2015-11-27 13:45:25,181 [ERROR] (Tools.php:463) --  [8] Undefined index: ss  _File: E:\myweb\firstaid\innerweb\ergency_action\emergency_server.php  line: 21  
2015-11-27 13:54:02,894 [ERROR] (Tools.php:463) --  [8] Undefined index: ss  _File: E:\myweb\firstaid\innerweb\ergency_action\emergency_server.php  line: 21  
2015-11-27 13:54:32,101 [ERROR] (Tools.php:463) --  [8] Undefined index: ss  _File: E:\myweb\firstaid\innerweb\ergency_action\emergency_server.php  line: 21  
2015-11-27 13:54:56,181 [ERROR] (Tools.php:463) --  [8] Undefined variable: goods_content  _File: E:\myweb\firstaid\innerweb\ergency_action\emergency_detail.php  line: 60  
2015-11-27 13:54:56,186 [ERROR] (Tools.php:463) --  [8] Undefined index: ss  _File: E:\myweb\firstaid\innerweb\ergency_action\emergency_detail.php  line: 86  
2015-11-27 13:54:57,536 [ERROR] (Tools.php:463) --  [8] Undefined index: ss  _File: E:\myweb\firstaid\innerweb\ergency_action\emergency_server.php  line: 21  
2015-11-27 13:54:58,999 [ERROR] (Tools.php:463) --  [8] Undefined variable: con  _File: E:\myweb\firstaid\innerweb\ergency_action\sort_list.php  line: 20  
2015-11-27 13:55:00,272 [ERROR] (Tools.php:463) --  [8] Undefined index: ss  _File: E:\myweb\firstaid\innerweb\ergency_action\emergency_server.php  line: 21  
2015-11-27 13:55:27,321 [ERROR] (Tools.php:463) --  [8] Undefined index: ss  _File: E:\myweb\firstaid\innerweb\ergency_action\emergency_server.php  line: 21  
2015-11-27 13:59:15,345 [ERROR] (Tools.php:463) --  [8] Undefined index: ss  _File: E:\myweb\firstaid\innerweb\ergency_action\emergency_server.php  line: 21  
2015-11-27 13:59:36,279 [ERROR] (Tools.php:463) --  [8] Undefined index: ss  _File: E:\myweb\firstaid\innerweb\ergency_action\emergency_server.php  line: 21  
2015-11-27 13:59:46,180 [ERROR] (Tools.php:463) --  [8] Undefined index: ss  _File: E:\myweb\firstaid\innerweb\ergency_action\emergency_server.php  line: 21  
2015-11-27 14:00:05,427 [ERROR] (Tools.php:463) --  [8] Undefined index: ss  _File: E:\myweb\firstaid\innerweb\ergency_action\emergency_server.php  line: 21  
2015-11-27 14:05:11,171 [ERROR] (Tools.php:463) --  [8] Undefined index: ss  _File: E:\myweb\firstaid\innerweb\ergency_action\emergency_server.php  line: 21  
2015-11-27 14:06:33,636 [ERROR] (Tools.php:463) --  [8] Undefined index: ss  _File: E:\myweb\firstaid\innerweb\ergency_action\emergency_server.php  line: 21  
2015-11-27 14:06:48,015 [ERROR] (Tools.php:463) --  [8] Undefined index: ss  _File: E:\myweb\firstaid\innerweb\ergency_action\emergency_server.php  line: 21  
2015-11-27 14:07:20,274 [ERROR] (Tools.php:463) --  [8] Undefined index: ss  _File: E:\myweb\firstaid\innerweb\ergency_action\emergency_server.php  line: 21  
2015-11-27 14:08:13,142 [ERROR] (Tools.php:463) --  [8] Undefined index: ss  _File: E:\myweb\firstaid\innerweb\ergency_action\emergency_server.php  line: 21  
2015-11-27 14:08:30,087 [ERROR] (Tools.php:463) --  [8] Undefined index: ss  _File: E:\myweb\firstaid\innerweb\ergency_action\emergency_server.php  line: 21  
2015-11-27 14:27:38,227 [ERROR] (Tools.php:463) --  [8] Undefined variable: goods_content  _File: E:\myweb\firstaid\innerweb\ergency_action\emergency_detail.php  line: 60  
2015-11-27 14:27:38,232 [ERROR] (Tools.php:463) --  [8] Undefined index: ss  _File: E:\myweb\firstaid\innerweb\ergency_action\emergency_detail.php  line: 86  
2015-11-27 14:27:39,386 [ERROR] (Tools.php:463) --  [8] Undefined index: ss  _File: E:\myweb\firstaid\innerweb\ergency_action\emergency_server.php  line: 21  
2015-11-27 14:28:23,034 [ERROR] (Tools.php:463) --  [8] Undefined index: ss  _File: E:\myweb\firstaid\innerweb\ergency_action\emergency_server.php  line: 21  
2015-11-27 14:28:28,627 [ERROR] (Tools.php:463) --  [8] Undefined index: ss  _File: E:\myweb\firstaid\innerweb\ergency_action\emergency_server.php  line: 21  
2015-11-27 14:29:17,872 [ERROR] (Tools.php:463) --  [8] Undefined index: ss  _File: E:\myweb\firstaid\innerweb\ergency_action\emergency_server.php  line: 21  
2015-11-27 14:29:22,091 [ERROR] (Tools.php:463) --  [8] Undefined variable: con  _File: E:\myweb\firstaid\innerweb\ergency_action\sort_list.php  line: 20  
2015-11-27 14:29:23,294 [ERROR] (Tools.php:463) --  [8] Undefined index: ss  _File: E:\myweb\firstaid\innerweb\ergency_action\emergency_server.php  line: 21  
2015-11-27 14:29:24,753 [ERROR] (Tools.php:463) --  [8] Undefined variable: con  _File: E:\myweb\firstaid\innerweb\ergency_action\sort_list.php  line: 20  
2015-11-27 14:29:25,843 [ERROR] (Tools.php:463) --  [8] Undefined index: ss  _File: E:\myweb\firstaid\innerweb\ergency_action\emergency_server.php  line: 21  
2015-11-27 14:29:32,095 [ERROR] (Tools.php:463) --  [8] Undefined variable: con  _File: E:\myweb\firstaid\innerweb\ergency_action\sort_list.php  line: 20  
2015-11-27 14:31:37,837 [ERROR] (Tools.php:463) --  [8] Undefined index: ss  _File: E:\myweb\firstaid\innerweb\ergency_action\emergency_server.php  line: 21  
2015-11-27 14:31:38,154 [ERROR] (Tools.php:463) --  [8] Undefined index: ss  _File: E:\myweb\firstaid\innerweb\ergency_action\emergency_server.php  line: 21  
2015-11-27 14:31:41,629 [ERROR] (Tools.php:463) --  [8] Undefined variable: goods_content  _File: E:\myweb\firstaid\innerweb\ergency_action\emergency_detail.php  line: 60  
2015-11-27 14:31:41,634 [ERROR] (Tools.php:463) --  [8] Undefined index: ss  _File: E:\myweb\firstaid\innerweb\ergency_action\emergency_detail.php  line: 86  
2015-11-27 14:31:42,669 [ERROR] (Tools.php:463) --  [8] Undefined variable: goods_content  _File: E:\myweb\firstaid\innerweb\ergency_action\emergency_detail.php  line: 60  
2015-11-27 14:31:42,674 [ERROR] (Tools.php:463) --  [8] Undefined index: ss  _File: E:\myweb\firstaid\innerweb\ergency_action\emergency_detail.php  line: 86  
2015-11-27 14:31:44,507 [ERROR] (Tools.php:463) --  [8] Undefined index: ss  _File: E:\myweb\firstaid\innerweb\ergency_action\emergency_server.php  line: 21  
2015-11-27 14:31:47,223 [ERROR] (Tools.php:463) --  [8] Undefined variable: goods_content  _File: E:\myweb\firstaid\innerweb\ergency_action\emergency_detail.php  line: 60  
2015-11-27 14:31:47,228 [ERROR] (Tools.php:463) --  [8] Undefined index: ss  _File: E:\myweb\firstaid\innerweb\ergency_action\emergency_detail.php  line: 86  
2015-11-27 14:31:48,528 [ERROR] (Tools.php:463) --  [8] Undefined index: ss  _File: E:\myweb\firstaid\innerweb\ergency_action\emergency_server.php  line: 21  
2015-11-27 14:31:50,871 [ERROR] (Tools.php:463) --  [8] Undefined variable: goods_content  _File: E:\myweb\firstaid\innerweb\ergency_action\emergency_detail.php  line: 60  
2015-11-27 14:31:50,875 [ERROR] (Tools.php:463) --  [8] Undefined index: ss  _File: E:\myweb\firstaid\innerweb\ergency_action\emergency_detail.php  line: 86  
2015-11-27 14:31:52,072 [ERROR] (Tools.php:463) --  [8] Undefined index: ss  _File: E:\myweb\firstaid\innerweb\ergency_action\emergency_server.php  line: 21  
2015-11-27 14:31:52,641 [ERROR] (Tools.php:463) --  [8] Undefined index: ss  _File: E:\myweb\firstaid\innerweb\ergency_action\emergency_server.php  line: 21  
2015-11-27 14:31:54,600 [ERROR] (Tools.php:463) --  [8] Undefined variable: goods_content  _File: E:\myweb\firstaid\innerweb\ergency_action\emergency_detail.php  line: 60  
2015-11-27 14:31:54,604 [ERROR] (Tools.php:463) --  [8] Undefined index: ss  _File: E:\myweb\firstaid\innerweb\ergency_action\emergency_detail.php  line: 86  
2015-11-27 14:31:59,166 [ERROR] (Tools.php:463) --  [8] Undefined variable: goods_content  _File: E:\myweb\firstaid\innerweb\ergency_action\emergency_detail.php  line: 60  
2015-11-27 14:31:59,170 [ERROR] (Tools.php:463) --  [8] Undefined index: ss  _File: E:\myweb\firstaid\innerweb\ergency_action\emergency_detail.php  line: 86  
2015-11-27 14:32:00,747 [ERROR] (Tools.php:463) --  [8] Undefined index: ss  _File: E:\myweb\firstaid\innerweb\ergency_action\emergency_server.php  line: 21  
2015-11-27 14:32:01,236 [ERROR] (Tools.php:463) --  [8] Undefined index: ss  _File: E:\myweb\firstaid\innerweb\ergency_action\emergency_server.php  line: 21  
2015-11-27 14:33:43,693 [ERROR] (Tools.php:463) --  [8] Undefined index: ss  _File: E:\myweb\firstaid\innerweb\ergency_action\emergency_server.php  line: 21  
2015-11-27 14:33:59,806 [ERROR] (Tools.php:463) --  [8] Undefined index: ss  _File: E:\myweb\firstaid\innerweb\ergency_action\emergency_server.php  line: 21  
2015-11-27 14:34:11,829 [ERROR] (Tools.php:463) --  [8] Undefined index: ss  _File: E:\myweb\firstaid\innerweb\ergency_action\emergency_server.php  line: 21  
2015-11-27 14:34:24,582 [ERROR] (Tools.php:463) --  [8] Undefined index: ss  _File: E:\myweb\firstaid\innerweb\ergency_action\emergency_server.php  line: 21  
2015-11-27 14:35:01,977 [ERROR] (Tools.php:463) --  [8] Undefined index: ss  _File: E:\myweb\firstaid\innerweb\ergency_action\emergency_server.php  line: 21  
2015-11-27 14:35:26,724 [ERROR] (Tools.php:463) --  [8] Undefined index: ss  _File: E:\myweb\firstaid\innerweb\ergency_action\emergency_server.php  line: 21  
2015-11-27 14:35:35,869 [ERROR] (Tools.php:463) --  [8] Undefined index: ss  _File: E:\myweb\firstaid\innerweb\ergency_action\emergency_server.php  line: 21  
2015-11-27 14:35:41,567 [ERROR] (Tools.php:463) --  [8] Undefined index: ss  _File: E:\myweb\firstaid\innerweb\ergency_action\emergency_server.php  line: 21  
2015-11-27 14:36:09,640 [ERROR] (Tools.php:463) --  [8] Undefined index: ss  _File: E:\myweb\firstaid\innerweb\ergency_action\emergency_server.php  line: 21  
2015-11-27 14:36:41,199 [ERROR] (Tools.php:463) --  [8] Undefined index: ss  _File: E:\myweb\firstaid\innerweb\ergency_action\emergency_server.php  line: 21  
2015-11-27 14:37:12,528 [ERROR] (Tools.php:463) --  [8] Undefined index: ss  _File: E:\myweb\firstaid\innerweb\ergency_action\emergency_server.php  line: 21  
2015-11-27 14:37:27,282 [ERROR] (Tools.php:463) --  [8] Undefined index: ss  _File: E:\myweb\firstaid\innerweb\ergency_action\emergency_server.php  line: 21  
2015-11-27 14:37:44,571 [ERROR] (Tools.php:463) --  [8] Undefined index: ss  _File: E:\myweb\firstaid\innerweb\ergency_action\emergency_server.php  line: 21  
2015-11-27 14:39:06,201 [ERROR] (Tools.php:463) --  [8] Undefined index: ss  _File: E:\myweb\firstaid\innerweb\ergency_action\emergency_server.php  line: 21  
2015-11-27 14:39:24,681 [ERROR] (Tools.php:463) --  [8] Undefined index: ss  _File: E:\myweb\firstaid\innerweb\ergency_action\emergency_server.php  line: 21  
2015-11-27 14:39:57,570 [ERROR] (Tools.php:463) --  [8] Undefined index: ss  _File: E:\myweb\firstaid\innerweb\ergency_action\emergency_server.php  line: 21  
2015-11-27 14:40:11,056 [ERROR] (Tools.php:463) --  [8] Undefined index: ss  _File: E:\myweb\firstaid\innerweb\ergency_action\emergency_server.php  line: 21  
2015-11-27 14:40:19,244 [ERROR] (Tools.php:463) --  [8] Undefined index: ss  _File: E:\myweb\firstaid\innerweb\ergency_action\emergency_server.php  line: 21  
2015-11-27 14:40:22,773 [ERROR] (Tools.php:463) --  [8] Undefined variable: con  _File: E:\myweb\firstaid\innerweb\ergency_action\sort_list.php  line: 20  
2015-11-27 14:40:24,195 [ERROR] (Tools.php:463) --  [8] Undefined index: ss  _File: E:\myweb\firstaid\innerweb\ergency_action\emergency_server.php  line: 21  
2015-11-27 14:40:48,356 [ERROR] (Tools.php:463) --  [8] Undefined index: ss  _File: E:\myweb\firstaid\innerweb\ergency_action\emergency_server.php  line: 21  
2015-11-27 14:40:56,452 [ERROR] (Tools.php:463) --  [8] Undefined index: ss  _File: E:\myweb\firstaid\innerweb\ergency_action\emergency_server.php  line: 21  
2015-11-27 14:41:06,052 [ERROR] (Tools.php:463) --  [8] Undefined index: ss  _File: E:\myweb\firstaid\innerweb\ergency_action\emergency_server.php  line: 21  
2015-11-27 14:41:28,530 [ERROR] (Tools.php:463) --  [8] Undefined index: ss  _File: E:\myweb\firstaid\innerweb\ergency_action\emergency_server.php  line: 21  
2015-11-27 14:41:41,391 [ERROR] (Tools.php:463) --  [8] Undefined index: ss  _File: E:\myweb\firstaid\innerweb\ergency_action\emergency_server.php  line: 21  
2015-11-27 14:41:51,306 [ERROR] (Tools.php:463) --  [8] Undefined index: ss  _File: E:\myweb\firstaid\innerweb\ergency_action\emergency_server.php  line: 21  
2015-11-27 14:41:53,523 [ERROR] (Tools.php:463) --  [8] Undefined index: ss  _File: E:\myweb\firstaid\innerweb\ergency_action\emergency_server.php  line: 21  
2015-11-27 14:45:13,432 [ERROR] (Tools.php:463) --  [8] Undefined index: ss  _File: E:\myweb\firstaid\innerweb\ergency_action\emergency_server.php  line: 21  
2015-11-27 14:45:26,625 [ERROR] (Tools.php:463) --  [8] Undefined index: ss  _File: E:\myweb\firstaid\innerweb\ergency_action\emergency_server.php  line: 21  
2015-11-27 14:45:33,264 [ERROR] (Tools.php:463) --  [8] Undefined index: ss  _File: E:\myweb\firstaid\innerweb\ergency_action\emergency_server.php  line: 21  
2015-11-27 14:46:53,117 [ERROR] (Tools.php:463) --  [8] Undefined index: ss  _File: E:\myweb\firstaid\innerweb\ergency_action\emergency_server.php  line: 21  
2015-11-27 14:47:20,055 [ERROR] (Tools.php:463) --  [8] Undefined index: ss  _File: E:\myweb\firstaid\innerweb\ergency_action\emergency_server.php  line: 21  
2015-11-27 14:50:50,925 [ERROR] (Tools.php:463) --  [8] Undefined index: ss  _File: E:\myweb\firstaid\innerweb\ergency_action\emergency_server.php  line: 21  
2015-11-27 14:50:54,580 [ERROR] (Tools.php:463) --  [8] Undefined index: ss  _File: E:\myweb\firstaid\innerweb\ergency_action\emergency_server.php  line: 21  
2015-11-27 14:51:02,981 [ERROR] (Tools.php:463) --  [8] Undefined index: ss  _File: E:\myweb\firstaid\innerweb\ergency_action\emergency_server.php  line: 21  
2015-11-27 14:52:14,003 [ERROR] (Tools.php:463) --  [8] Undefined index: ss  _File: E:\myweb\firstaid\innerweb\ergency_action\emergency_server.php  line: 21  
2015-11-27 14:53:23,218 [ERROR] (Tools.php:463) --  [8] Undefined index: ss  _File: E:\myweb\firstaid\innerweb\ergency_action\emergency_server.php  line: 21  
2015-11-27 14:53:24,058 [ERROR] (Tools.php:463) --  [8] Undefined index: ss  _File: E:\myweb\firstaid\innerweb\ergency_action\emergency_server.php  line: 21  
2015-11-27 14:53:43,210 [ERROR] (Tools.php:463) --  [8] Undefined index: ss  _File: E:\myweb\firstaid\innerweb\ergency_action\emergency_server.php  line: 21  
2015-11-27 14:54:00,624 [ERROR] (Tools.php:463) --  [8] Undefined index: ss  _File: E:\myweb\firstaid\innerweb\ergency_action\emergency_server.php  line: 21  
2015-11-27 14:54:44,108 [ERROR] (Tools.php:463) --  [8] Undefined index: ss  _File: E:\myweb\firstaid\innerweb\ergency_action\emergency_server.php  line: 21  
2015-11-27 14:55:03,113 [ERROR] (Tools.php:463) --  [8] Undefined index: ss  _File: E:\myweb\firstaid\innerweb\ergency_action\emergency_server.php  line: 21  
2015-11-27 14:55:08,615 [ERROR] (Tools.php:463) --  [8] Undefined index: ss  _File: E:\myweb\firstaid\innerweb\ergency_action\emergency_server.php  line: 21  
2015-11-27 14:55:47,276 [ERROR] (Tools.php:463) --  [8] Undefined index: ss  _File: E:\myweb\firstaid\innerweb\ergency_action\emergency_server.php  line: 21  
2015-11-27 14:55:57,195 [ERROR] (Tools.php:463) --  [8] Undefined index: ss  _File: E:\myweb\firstaid\innerweb\ergency_action\emergency_server.php  line: 21  
2015-11-27 14:58:12,367 [ERROR] (Tools.php:463) --  [8] Undefined index: ss  _File: E:\myweb\firstaid\innerweb\ergency_action\emergency_server.php  line: 21  
2015-11-27 14:59:22,006 [ERROR] (Tools.php:463) --  [8] Undefined index: ss  _File: E:\myweb\firstaid\innerweb\ergency_action\emergency_server.php  line: 21  
2015-11-27 15:00:24,916 [ERROR] (Tools.php:463) --  [8] Undefined index: ss  _File: E:\myweb\firstaid\innerweb\ergency_action\emergency_server.php  line: 21  
2015-11-27 15:01:43,995 [ERROR] (Tools.php:463) --  [8] Undefined index: ss  _File: E:\myweb\firstaid\innerweb\ergency_action\emergency_server.php  line: 21  
2015-11-27 15:01:46,753 [ERROR] (Tools.php:463) --  [8] Undefined index: ss  _File: E:\myweb\firstaid\innerweb\ergency_action\emergency_server.php  line: 21  
2015-11-27 15:03:34,559 [ERROR] (Tools.php:463) --  [8] Undefined index: ss  _File: E:\myweb\firstaid\innerweb\ergency_action\emergency_server.php  line: 21  
2015-11-27 15:04:28,405 [ERROR] (Tools.php:463) --  [8] Undefined index: ss  _File: E:\myweb\firstaid\innerweb\ergency_action\emergency_server.php  line: 21  
2015-11-27 15:04:30,739 [ERROR] (Tools.php:463) --  [8] Undefined index: ss  _File: E:\myweb\firstaid\innerweb\ergency_action\emergency_server.php  line: 21  
2015-11-27 15:04:31,101 [ERROR] (Tools.php:463) --  [8] Undefined index: ss  _File: E:\myweb\firstaid\innerweb\ergency_action\emergency_server.php  line: 21  
2015-11-27 15:04:31,579 [ERROR] (Tools.php:463) --  [8] Undefined index: ss  _File: E:\myweb\firstaid\innerweb\ergency_action\emergency_server.php  line: 21  
2015-11-27 15:04:32,013 [ERROR] (Tools.php:463) --  [8] Undefined index: ss  _File: E:\myweb\firstaid\innerweb\ergency_action\emergency_server.php  line: 21  
2015-11-27 15:04:46,640 [ERROR] (Tools.php:463) --  [8] Undefined index: ss  _File: E:\myweb\firstaid\innerweb\ergency_action\emergency_server.php  line: 21  
2015-11-27 15:04:52,805 [ERROR] (Tools.php:463) --  [8] Undefined index: ss  _File: E:\myweb\firstaid\innerweb\ergency_action\emergency_server.php  line: 21  
2015-11-27 15:04:54,017 [ERROR] (Tools.php:463) --  [8] Undefined index: ss  _File: E:\myweb\firstaid\innerweb\ergency_action\emergency_server.php  line: 21  
2015-11-27 15:05:46,547 [ERROR] (Tools.php:463) --  [8] Undefined index: ss  _File: E:\myweb\firstaid\innerweb\ergency_action\emergency_server.php  line: 21  
2015-11-27 15:05:53,629 [ERROR] (Tools.php:463) --  [8] Undefined index: ss  _File: E:\myweb\firstaid\innerweb\ergency_action\emergency_server.php  line: 21  
2015-11-27 15:06:00,088 [ERROR] (Tools.php:463) --  [8] Undefined index: ss  _File: E:\myweb\firstaid\innerweb\ergency_action\emergency_server.php  line: 21  
2015-11-27 15:06:14,562 [ERROR] (Tools.php:463) --  [8] Undefined index: ss  _File: E:\myweb\firstaid\innerweb\ergency_action\emergency_server.php  line: 21  
2015-11-27 15:08:15,778 [ERROR] (Tools.php:463) --  [8] Undefined index: ss  _File: E:\myweb\firstaid\innerweb\ergency_action\emergency_server.php  line: 21  
2015-11-27 15:08:33,850 [ERROR] (Tools.php:463) --  [8] Undefined index: ss  _File: E:\myweb\firstaid\innerweb\ergency_action\emergency_server.php  line: 21  
2015-11-27 15:08:38,132 [ERROR] (Tools.php:463) --  [8] Undefined index: ss  _File: E:\myweb\firstaid\innerweb\ergency_action\emergency_server.php  line: 21  
2015-11-27 15:08:48,547 [ERROR] (Tools.php:463) --  [8] Undefined index: ss  _File: E:\myweb\firstaid\innerweb\ergency_action\emergency_server.php  line: 21  
2015-11-27 15:12:47,533 [ERROR] (Tools.php:463) --  [8] Undefined index: ss  _File: E:\myweb\firstaid\innerweb\ergency_action\emergency_server.php  line: 21  
2015-11-27 15:13:06,374 [ERROR] (Tools.php:463) --  [8] Undefined index: ss  _File: E:\myweb\firstaid\innerweb\ergency_action\emergency_server.php  line: 21  
2015-11-27 15:13:36,240 [ERROR] (Tools.php:463) --  [8] Undefined index: ss  _File: E:\myweb\firstaid\innerweb\ergency_action\emergency_server.php  line: 21  
2015-11-27 15:14:35,393 [ERROR] (Tools.php:463) --  [8] Undefined index: ss  _File: E:\myweb\firstaid\innerweb\ergency_action\emergency_server.php  line: 21  
2015-11-27 15:14:42,550 [ERROR] (Tools.php:463) --  [8] Undefined index: ss  _File: E:\myweb\firstaid\innerweb\ergency_action\emergency_server.php  line: 21  
2015-11-27 15:18:23,457 [ERROR] (Tools.php:463) --  [8] Undefined index: ss  _File: E:\myweb\firstaid\innerweb\ergency_action\emergency_server.php  line: 21  
2015-11-27 15:18:36,665 [ERROR] (Tools.php:463) --  [8] Undefined index: ss  _File: E:\myweb\firstaid\innerweb\ergency_action\emergency_server.php  line: 21  
2015-11-27 15:18:45,400 [ERROR] (Tools.php:463) --  [8] Undefined index: ss  _File: E:\myweb\firstaid\innerweb\ergency_action\emergency_server.php  line: 21  
2015-11-27 15:18:54,950 [ERROR] (Tools.php:463) --  [8] Undefined variable: con  _File: E:\myweb\firstaid\innerweb\ergency_action\sort_list.php  line: 20  
2015-11-27 15:18:56,331 [ERROR] (Tools.php:463) --  [8] Undefined index: ss  _File: E:\myweb\firstaid\innerweb\ergency_action\emergency_server.php  line: 21  
2015-11-27 15:20:50,215 [ERROR] (Tools.php:463) --  [8] Undefined index: con  _File: E:\myweb\firstaid\innerweb\ergency_action\emergency_server_eq.php  line: 29  
2015-11-27 15:20:50,220 [ERROR] (Tools.php:463) --  [8] Undefined index: cid  _File: E:\myweb\firstaid\innerweb\ergency_action\emergency_server_eq.php  line: 43  
2015-11-27 15:20:50,227 [ERROR] (Tools.php:463) --  [8] Undefined variable: con  _File: E:\myweb\firstaid\innerweb\ergency_action\emergency_equipment.php  line: 44  
2015-11-27 15:21:09,558 [ERROR] (Tools.php:463) --  [8] Undefined index: con  _File: E:\myweb\firstaid\innerweb\ergency_action\emergency_server_eq.php  line: 29  
2015-11-27 15:21:09,562 [ERROR] (Tools.php:463) --  [8] Undefined index: cid  _File: E:\myweb\firstaid\innerweb\ergency_action\emergency_server_eq.php  line: 43  
2015-11-27 15:21:09,570 [ERROR] (Tools.php:463) --  [8] Undefined variable: con  _File: E:\myweb\firstaid\innerweb\ergency_action\emergency_equipment.php  line: 44  
2015-11-27 15:21:36,256 [ERROR] (Tools.php:463) --  [8] Undefined index: con  _File: E:\myweb\firstaid\innerweb\ergency_action\emergency_server_eq.php  line: 29  
2015-11-27 15:21:36,261 [ERROR] (Tools.php:463) --  [8] Undefined index: cid  _File: E:\myweb\firstaid\innerweb\ergency_action\emergency_server_eq.php  line: 43  
2015-11-27 15:21:36,268 [ERROR] (Tools.php:463) --  [8] Undefined variable: con  _File: E:\myweb\firstaid\innerweb\ergency_action\emergency_equipment.php  line: 44  
2015-11-27 15:21:55,386 [ERROR] (Tools.php:463) --  [8] Undefined index: con  _File: E:\myweb\firstaid\innerweb\ergency_action\emergency_server_eq.php  line: 29  
2015-11-27 15:21:55,390 [ERROR] (Tools.php:463) --  [8] Undefined index: cid  _File: E:\myweb\firstaid\innerweb\ergency_action\emergency_server_eq.php  line: 43  
2015-11-27 15:21:55,397 [ERROR] (Tools.php:463) --  [8] Undefined variable: con  _File: E:\myweb\firstaid\innerweb\ergency_action\emergency_equipment.php  line: 44  
2015-11-27 15:22:06,586 [ERROR] (Tools.php:463) --  [8] Undefined index: con  _File: E:\myweb\firstaid\innerweb\ergency_action\emergency_server_eq.php  line: 29  
2015-11-27 15:22:06,590 [ERROR] (Tools.php:463) --  [8] Undefined index: cid  _File: E:\myweb\firstaid\innerweb\ergency_action\emergency_server_eq.php  line: 43  
2015-11-27 15:22:06,597 [ERROR] (Tools.php:463) --  [8] Undefined variable: con  _File: E:\myweb\firstaid\innerweb\ergency_action\emergency_equipment.php  line: 44  
2015-11-27 15:22:50,352 [ERROR] (Tools.php:463) --  [8] Undefined index: con  _File: E:\myweb\firstaid\innerweb\ergency_action\emergency_server_eq.php  line: 29  
2015-11-27 15:22:50,356 [ERROR] (Tools.php:463) --  [8] Undefined index: cid  _File: E:\myweb\firstaid\innerweb\ergency_action\emergency_server_eq.php  line: 43  
2015-11-27 15:22:50,363 [ERROR] (Tools.php:463) --  [8] Undefined variable: con  _File: E:\myweb\firstaid\innerweb\ergency_action\emergency_equipment.php  line: 45  
2015-11-27 15:22:57,411 [ERROR] (Tools.php:463) --  [8] Undefined variable: cid  _File: E:\myweb\firstaid\innerweb\ergency_action\emergency_equipment.php  line: 25  
2015-11-27 15:22:57,415 [ERROR] (Tools.php:463) --  [8] Undefined variable: cid  _File: E:\myweb\firstaid\innerweb\ergency_action\emergency_equipment.php  line: 25  
2015-11-27 15:22:59,173 [ERROR] (Tools.php:463) --  [8] Undefined index: con  _File: E:\myweb\firstaid\innerweb\ergency_action\emergency_server_eq.php  line: 29  
2015-11-27 15:22:59,179 [ERROR] (Tools.php:463) --  [8] Undefined variable: con  _File: E:\myweb\firstaid\innerweb\ergency_action\emergency_equipment.php  line: 45  
2015-11-27 15:24:45,767 [ERROR] (Tools.php:463) --  [8] Undefined variable: goods_content  _File: E:\myweb\firstaid\innerweb\ergency_action\emergency_detail.php  line: 60  
2015-11-27 15:24:45,772 [ERROR] (Tools.php:463) --  [8] Undefined index: ss  _File: E:\myweb\firstaid\innerweb\ergency_action\emergency_detail.php  line: 86  
2015-11-27 17:13:31,041 [ERROR] (Tools.php:463) --  [8] Undefined index: ss  _File: E:\myweb\firstaid\innerweb\ergency_action\emergency_server.php  line: 21  
2015-11-27 17:13:32,646 [ERROR] (Tools.php:463) --  [8] Undefined variable: goods_content  _File: E:\myweb\firstaid\innerweb\ergency_action\emergency_detail.php  line: 60  
2015-11-27 17:13:32,650 [ERROR] (Tools.php:463) --  [8] Undefined index: ss  _File: E:\myweb\firstaid\innerweb\ergency_action\emergency_detail.php  line: 86  
2015-11-27 17:13:36,241 [ERROR] (Tools.php:463) --  [8] Undefined variable: goods_content  _File: E:\myweb\firstaid\innerweb\ergency_action\emergency_detail.php  line: 60  
2015-11-27 17:13:36,245 [ERROR] (Tools.php:463) --  [8] Undefined index: ss  _File: E:\myweb\firstaid\innerweb\ergency_action\emergency_detail.php  line: 86  
2015-11-27 17:13:47,234 [ERROR] (Tools.php:463) --  [8] Undefined variable: goods_content  _File: E:\myweb\firstaid\innerweb\ergency_action\emergency_detail.php  line: 60  
2015-11-27 17:13:47,239 [ERROR] (Tools.php:463) --  [8] Undefined index: ss  _File: E:\myweb\firstaid\innerweb\ergency_action\emergency_detail.php  line: 86  
2015-11-27 17:14:07,307 [ERROR] (Tools.php:463) --  [8] Undefined variable: goods_content  _File: E:\myweb\firstaid\innerweb\ergency_action\emergency_detail.php  line: 60  
2015-11-27 17:14:07,323 [ERROR] (Tools.php:463) --  [8] Undefined index: ss  _File: E:\myweb\firstaid\innerweb\ergency_action\emergency_detail.php  line: 86  
2015-11-27 17:14:08,377 [ERROR] (Tools.php:463) --  [8] Undefined variable: goods_content  _File: E:\myweb\firstaid\innerweb\ergency_action\emergency_detail.php  line: 60  
2015-11-27 17:14:08,381 [ERROR] (Tools.php:463) --  [8] Undefined index: ss  _File: E:\myweb\firstaid\innerweb\ergency_action\emergency_detail.php  line: 86  
2015-11-27 18:12:09,590 [ERROR] (Tools.php:463) --  [8] Undefined variable: num  _File: E:\myweb\firstaid\innerweb\ergency_action\emergency_shoppingcart.php  line: 32  
2015-11-27 18:23:16,534 [ERROR] (Tools.php:463) --  [8] Undefined variable: num  _File: E:\myweb\firstaid\innerweb\ergency_action\emergency_shoppingcart.php  line: 32  
2015-11-27 18:23:48,454 [ERROR] (Tools.php:463) --  [8] Undefined variable: num  _File: E:\myweb\firstaid\innerweb\ergency_action\emergency_shoppingcart.php  line: 32  
2015-11-27 18:26:16,272 [ERROR] (Tools.php:463) --  [8] Undefined variable: num  _File: E:\myweb\firstaid\innerweb\ergency_action\emergency_shoppingcart.php  line: 32  
2015-11-27 18:26:16,290 [ERROR] (Tools.php:463) --  [8] Undefined variable: num  _File: E:\myweb\firstaid\innerweb\ergency_action\emergency_shoppingcart.php  line: 36  
2015-11-27 18:26:37,376 [ERROR] (Tools.php:463) --  [8] Undefined variable: num  _File: E:\myweb\firstaid\innerweb\ergency_action\emergency_shoppingcart.php  line: 32  
2015-11-27 18:26:37,381 [ERROR] (Tools.php:463) --  [8] Undefined variable: num  _File: E:\myweb\firstaid\innerweb\ergency_action\emergency_shoppingcart.php  line: 36  
2015-11-27 18:27:17,024 [ERROR] (Tools.php:463) --  [8] Undefined variable: num  _File: E:\myweb\firstaid\innerweb\ergency_action\emergency_shoppingcart.php  line: 32  
2015-11-27 18:27:17,029 [ERROR] (Tools.php:463) --  [8] Undefined variable: num  _File: E:\myweb\firstaid\innerweb\ergency_action\emergency_shoppingcart.php  line: 36  
2015-11-27 18:28:32,961 [ERROR] (Tools.php:463) --  [8] Undefined variable: num  _File: E:\myweb\firstaid\innerweb\ergency_action\emergency_shoppingcart.php  line: 32  
2015-11-27 18:28:32,965 [ERROR] (Tools.php:463) --  [8] Undefined variable: num  _File: E:\myweb\firstaid\innerweb\ergency_action\emergency_shoppingcart.php  line: 36  
2015-11-27 18:29:25,052 [ERROR] (Tools.php:463) --  [8] Undefined variable: num  _File: E:\myweb\firstaid\innerweb\ergency_action\emergency_shoppingcart.php  line: 32  
2015-11-27 18:29:25,057 [ERROR] (Tools.php:463) --  [8] Undefined variable: num  _File: E:\myweb\firstaid\innerweb\ergency_action\emergency_shoppingcart.php  line: 36  
2015-11-27 18:30:17,070 [ERROR] (Tools.php:463) --  [8] Undefined variable: num  _File: E:\myweb\firstaid\innerweb\ergency_action\emergency_shoppingcart.php  line: 32  
2015-11-27 18:30:17,075 [ERROR] (Tools.php:463) --  [8] Undefined variable: num  _File: E:\myweb\firstaid\innerweb\ergency_action\emergency_shoppingcart.php  line: 36  
2015-11-27 18:30:17,426 [ERROR] (Tools.php:463) --  [8] Undefined variable: num  _File: E:\myweb\firstaid\innerweb\ergency_action\emergency_shoppingcart.php  line: 32  
2015-11-27 18:30:17,432 [ERROR] (Tools.php:463) --  [8] Undefined variable: num  _File: E:\myweb\firstaid\innerweb\ergency_action\emergency_shoppingcart.php  line: 36  
2015-11-27 18:30:17,644 [ERROR] (Tools.php:463) --  [8] Undefined variable: num  _File: E:\myweb\firstaid\innerweb\ergency_action\emergency_shoppingcart.php  line: 32  
2015-11-27 18:30:17,649 [ERROR] (Tools.php:463) --  [8] Undefined variable: num  _File: E:\myweb\firstaid\innerweb\ergency_action\emergency_shoppingcart.php  line: 36  
2015-11-27 18:30:17,877 [ERROR] (Tools.php:463) --  [8] Undefined variable: num  _File: E:\myweb\firstaid\innerweb\ergency_action\emergency_shoppingcart.php  line: 32  
2015-11-27 18:30:17,881 [ERROR] (Tools.php:463) --  [8] Undefined variable: num  _File: E:\myweb\firstaid\innerweb\ergency_action\emergency_shoppingcart.php  line: 36  
2015-11-27 18:30:18,080 [ERROR] (Tools.php:463) --  [8] Undefined variable: num  _File: E:\myweb\firstaid\innerweb\ergency_action\emergency_shoppingcart.php  line: 32  
2015-11-27 18:30:18,084 [ERROR] (Tools.php:463) --  [8] Undefined variable: num  _File: E:\myweb\firstaid\innerweb\ergency_action\emergency_shoppingcart.php  line: 36  
2015-11-27 18:33:51,223 [ERROR] (Tools.php:463) --  [8] Undefined variable: total_price  _File: E:\myweb\firstaid\innerweb\ergency_action\emergency_shoppingcart.php  line: 74  
2015-11-27 18:33:51,227 [ERROR] (Tools.php:463) --  [8] Undefined variable: total_price  _File: E:\myweb\firstaid\innerweb\ergency_action\emergency_shoppingcart.php  line: 82  
2015-11-27 18:33:55,192 [ERROR] (Tools.php:463) --  [8] Undefined variable: total_price  _File: E:\myweb\firstaid\innerweb\ergency_action\emergency_shoppingcart.php  line: 74  
2015-11-27 18:33:55,196 [ERROR] (Tools.php:463) --  [8] Undefined variable: total_price  _File: E:\myweb\firstaid\innerweb\ergency_action\emergency_shoppingcart.php  line: 82  
2015-11-27 18:33:55,725 [ERROR] (Tools.php:463) --  [8] Undefined variable: total_price  _File: E:\myweb\firstaid\innerweb\ergency_action\emergency_shoppingcart.php  line: 74  
2015-11-27 18:33:55,730 [ERROR] (Tools.php:463) --  [8] Undefined variable: total_price  _File: E:\myweb\firstaid\innerweb\ergency_action\emergency_shoppingcart.php  line: 82  
2015-11-27 18:33:55,894 [ERROR] (Tools.php:463) --  [8] Undefined variable: total_price  _File: E:\myweb\firstaid\innerweb\ergency_action\emergency_shoppingcart.php  line: 74  
2015-11-27 18:33:55,898 [ERROR] (Tools.php:463) --  [8] Undefined variable: total_price  _File: E:\myweb\firstaid\innerweb\ergency_action\emergency_shoppingcart.php  line: 82  
2015-11-27 18:34:16,058 [ERROR] (Tools.php:463) --  [8] Undefined variable: total_price  _File: E:\myweb\firstaid\innerweb\ergency_action\emergency_shoppingcart.php  line: 36  
2015-11-27 18:34:16,062 [ERROR] (Tools.php:463) --  [8] Undefined variable: total_price  _File: E:\myweb\firstaid\innerweb\ergency_action\emergency_shoppingcart.php  line: 74  
2015-11-27 18:34:16,066 [ERROR] (Tools.php:463) --  [8] Undefined variable: total_price  _File: E:\myweb\firstaid\innerweb\ergency_action\emergency_shoppingcart.php  line: 82  
2015-11-27 18:34:16,573 [ERROR] (Tools.php:463) --  [8] Undefined variable: total_price  _File: E:\myweb\firstaid\innerweb\ergency_action\emergency_shoppingcart.php  line: 36  
2015-11-27 18:34:16,577 [ERROR] (Tools.php:463) --  [8] Undefined variable: total_price  _File: E:\myweb\firstaid\innerweb\ergency_action\emergency_shoppingcart.php  line: 74  
2015-11-27 18:34:16,581 [ERROR] (Tools.php:463) --  [8] Undefined variable: total_price  _File: E:\myweb\firstaid\innerweb\ergency_action\emergency_shoppingcart.php  line: 82  
2015-11-27 18:34:16,800 [ERROR] (Tools.php:463) --  [8] Undefined variable: total_price  _File: E:\myweb\firstaid\innerweb\ergency_action\emergency_shoppingcart.php  line: 36  
2015-11-27 18:34:16,804 [ERROR] (Tools.php:463) --  [8] Undefined variable: total_price  _File: E:\myweb\firstaid\innerweb\ergency_action\emergency_shoppingcart.php  line: 74  
2015-11-27 18:34:16,807 [ERROR] (Tools.php:463) --  [8] Undefined variable: total_price  _File: E:\myweb\firstaid\innerweb\ergency_action\emergency_shoppingcart.php  line: 82  
2015-11-27 18:34:24,034 [ERROR] (Tools.php:463) --  [8] Undefined variable: total_price  _File: E:\myweb\firstaid\innerweb\ergency_action\emergency_shoppingcart.php  line: 74  
2015-11-27 18:34:24,038 [ERROR] (Tools.php:463) --  [8] Undefined variable: total_price  _File: E:\myweb\firstaid\innerweb\ergency_action\emergency_shoppingcart.php  line: 82  
2015-11-27 18:35:18,294 [ERROR] (Tools.php:463) --  [8] Undefined variable: total_price  _File: E:\myweb\firstaid\innerweb\ergency_action\emergency_shoppingcart.php  line: 74  
2015-11-27 18:35:18,298 [ERROR] (Tools.php:463) --  [8] Undefined variable: total_price  _File: E:\myweb\firstaid\innerweb\ergency_action\emergency_shoppingcart.php  line: 83  
2015-11-27 18:52:39,789 [ERROR] (Tools.php:463) --  [8] Undefined index: gid  _File: E:\myweb\firstaid\innerweb\ergency_action\emergency_server_order.php  line: 25  
2015-11-27 18:52:45,842 [ERROR] (Tools.php:463) --  [8] Undefined index: gid  _File: E:\myweb\firstaid\innerweb\ergency_action\emergency_server_order.php  line: 25  
2015-11-27 18:52:52,538 [ERROR] (Tools.php:463) --  [8] Undefined index: gid  _File: E:\myweb\firstaid\innerweb\ergency_action\emergency_server_order.php  line: 25  
