2015-12-07 11:09:02,505 [ERROR] (Tools.php:463) --  [8] Undefined index: ss  _File: E:\myweb\firstaid\innerweb\ergency_action\emergency_server_eq.php  line: 17  
2015-12-07 11:09:02,511 [ERROR] (Tools.php:463) --  [8] Undefined index: con  _File: E:\myweb\firstaid\innerweb\ergency_action\emergency_server_eq.php  line: 34  
2015-12-07 11:09:02,514 [ERROR] (Tools.php:463) --  [8] Undefined index: cid  _File: E:\myweb\firstaid\innerweb\ergency_action\emergency_server_eq.php  line: 49  
2015-12-07 11:09:02,521 [ERROR] (Tools.php:463) --  [8] Undefined variable: con  _File: E:\myweb\firstaid\innerweb\ergency_action\emergency_equipment.php  line: 45  
2015-12-07 11:09:24,703 [ERROR] (Tools.php:463) --  [8] Undefined index: con  _File: E:\myweb\firstaid\innerweb\ergency_action\emergency_server_eq.php  line: 34  
2015-12-07 11:09:24,708 [ERROR] (Tools.php:463) --  [8] Undefined index: cid  _File: E:\myweb\firstaid\innerweb\ergency_action\emergency_server_eq.php  line: 49  
2015-12-07 11:09:24,714 [ERROR] (Tools.php:463) --  [8] Undefined variable: con  _File: E:\myweb\firstaid\innerweb\ergency_action\emergency_equipment.php  line: 45  
2015-12-07 11:09:36,557 [ERROR] (Tools.php:463) --  [8] Undefined index: con  _File: E:\myweb\firstaid\innerweb\ergency_action\emergency_server_eq.php  line: 34  
2015-12-07 11:09:36,561 [ERROR] (Tools.php:463) --  [8] Undefined index: cid  _File: E:\myweb\firstaid\innerweb\ergency_action\emergency_server_eq.php  line: 49  
2015-12-07 11:09:36,568 [ERROR] (Tools.php:463) --  [8] Undefined variable: con  _File: E:\myweb\firstaid\innerweb\ergency_action\emergency_equipment.php  line: 45  
2015-12-07 11:12:15,280 [ERROR] (Tools.php:463) --  [8] Undefined index: con  _File: E:\myweb\firstaid\innerweb\ergency_action\emergency_server_eq.php  line: 34  
2015-12-07 11:12:15,290 [ERROR] (Tools.php:463) --  [8] Undefined index: cid  _File: E:\myweb\firstaid\innerweb\ergency_action\emergency_server_eq.php  line: 49  
2015-12-07 11:12:15,301 [ERROR] (Tools.php:463) --  [8] Undefined variable: con  _File: E:\myweb\firstaid\innerweb\ergency_action\emergency_equipment.php  line: 45  
2015-12-07 11:12:31,670 [ERROR] (Tools.php:463) --  [8] Undefined index: con  _File: E:\myweb\firstaid\innerweb\ergency_action\emergency_server_eq.php  line: 34  
2015-12-07 11:12:31,674 [ERROR] (Tools.php:463) --  [8] Undefined index: cid  _File: E:\myweb\firstaid\innerweb\ergency_action\emergency_server_eq.php  line: 49  
2015-12-07 11:12:31,682 [ERROR] (Tools.php:463) --  [8] Undefined variable: con  _File: E:\myweb\firstaid\innerweb\ergency_action\emergency_equipment.php  line: 45  
2015-12-07 11:14:19,907 [ERROR] (Tools.php:463) --  [8] Undefined index: con  _File: E:\myweb\firstaid\innerweb\ergency_action\emergency_server_eq.php  line: 34  
2015-12-07 11:14:19,911 [ERROR] (Tools.php:463) --  [8] Undefined index: cid  _File: E:\myweb\firstaid\innerweb\ergency_action\emergency_server_eq.php  line: 49  
2015-12-07 11:14:19,918 [ERROR] (Tools.php:463) --  [8] Undefined variable: con  _File: E:\myweb\firstaid\innerweb\ergency_action\emergency_equipment.php  line: 45  
2015-12-07 11:15:21,477 [ERROR] (Tools.php:463) --  [8] Undefined index: con  _File: E:\myweb\firstaid\innerweb\ergency_action\emergency_server_eq.php  line: 34  
2015-12-07 11:15:21,481 [ERROR] (Tools.php:463) --  [8] Undefined index: cid  _File: E:\myweb\firstaid\innerweb\ergency_action\emergency_server_eq.php  line: 49  
2015-12-07 11:15:21,488 [ERROR] (Tools.php:463) --  [8] Undefined variable: con  _File: E:\myweb\firstaid\innerweb\ergency_action\emergency_equipment.php  line: 45  
2015-12-07 11:15:26,787 [ERROR] (Tools.php:463) --  [8] Undefined index: con  _File: E:\myweb\firstaid\innerweb\ergency_action\emergency_server_eq.php  line: 34  
2015-12-07 11:15:26,791 [ERROR] (Tools.php:463) --  [8] Undefined index: cid  _File: E:\myweb\firstaid\innerweb\ergency_action\emergency_server_eq.php  line: 49  
2015-12-07 11:15:26,797 [ERROR] (Tools.php:463) --  [8] Undefined variable: con  _File: E:\myweb\firstaid\innerweb\ergency_action\emergency_equipment.php  line: 45  
2015-12-07 11:15:28,973 [ERROR] (Tools.php:463) --  [8] Undefined index: con  _File: E:\myweb\firstaid\innerweb\ergency_action\emergency_server_eq.php  line: 34  
2015-12-07 11:15:28,977 [ERROR] (Tools.php:463) --  [8] Undefined index: cid  _File: E:\myweb\firstaid\innerweb\ergency_action\emergency_server_eq.php  line: 49  
2015-12-07 11:15:28,983 [ERROR] (Tools.php:463) --  [8] Undefined variable: con  _File: E:\myweb\firstaid\innerweb\ergency_action\emergency_equipment.php  line: 45  
2015-12-07 11:15:57,170 [ERROR] (Tools.php:463) --  [8] Undefined index: con  _File: E:\myweb\firstaid\innerweb\ergency_action\emergency_server_eq.php  line: 34  
2015-12-07 11:15:57,174 [ERROR] (Tools.php:463) --  [8] Undefined index: cid  _File: E:\myweb\firstaid\innerweb\ergency_action\emergency_server_eq.php  line: 49  
2015-12-07 11:15:57,182 [ERROR] (Tools.php:463) --  [8] Undefined variable: con  _File: E:\myweb\firstaid\innerweb\ergency_action\emergency_equipment.php  line: 45  
2015-12-07 11:16:40,182 [ERROR] (Tools.php:463) --  [8] Undefined index: con  _File: E:\myweb\firstaid\innerweb\ergency_action\emergency_server_eq.php  line: 34  
2015-12-07 11:16:40,186 [ERROR] (Tools.php:463) --  [8] Undefined index: cid  _File: E:\myweb\firstaid\innerweb\ergency_action\emergency_server_eq.php  line: 49  
2015-12-07 11:16:40,192 [ERROR] (Tools.php:463) --  [8] Undefined variable: con  _File: E:\myweb\firstaid\innerweb\ergency_action\emergency_equipment.php  line: 45  
2015-12-07 11:16:44,279 [ERROR] (Tools.php:463) --  [8] Undefined index: con  _File: E:\myweb\firstaid\innerweb\ergency_action\emergency_server_eq.php  line: 34  
2015-12-07 11:16:44,283 [ERROR] (Tools.php:463) --  [8] Undefined index: cid  _File: E:\myweb\firstaid\innerweb\ergency_action\emergency_server_eq.php  line: 49  
2015-12-07 11:16:44,290 [ERROR] (Tools.php:463) --  [8] Undefined variable: con  _File: E:\myweb\firstaid\innerweb\ergency_action\emergency_equipment.php  line: 45  
2015-12-07 11:16:48,702 [ERROR] (Tools.php:463) --  [8] Undefined index: ss  _File: E:\myweb\firstaid\innerweb\ergency_action\equipment_detail_list.php  line: 29  
2015-12-07 11:16:48,706 [ERROR] (Tools.php:463) --  [8] Undefined index: ss  _File: E:\myweb\firstaid\innerweb\ergency_action\equipment_detail_list.php  line: 39  
2015-12-07 11:16:51,588 [ERROR] (Tools.php:463) --  [8] Undefined index: ss  _File: E:\myweb\firstaid\innerweb\ergency_action\equipment_detail_list.php  line: 29  
2015-12-07 11:16:51,592 [ERROR] (Tools.php:463) --  [8] Undefined index: ss  _File: E:\myweb\firstaid\innerweb\ergency_action\equipment_detail_list.php  line: 39  
2015-12-07 11:16:56,439 [ERROR] (Tools.php:463) --  [8] Undefined index: ss  _File: E:\myweb\firstaid\innerweb\ergency_action\equipment_detail_list.php  line: 29  
2015-12-07 11:16:56,443 [ERROR] (Tools.php:463) --  [8] Undefined index: ss  _File: E:\myweb\firstaid\innerweb\ergency_action\equipment_detail_list.php  line: 39  
2015-12-07 11:16:58,114 [ERROR] (Tools.php:463) --  [8] Undefined index: ss  _File: E:\myweb\firstaid\innerweb\ergency_action\equipment_detail_list.php  line: 29  
2015-12-07 11:16:58,119 [ERROR] (Tools.php:463) --  [8] Undefined index: ss  _File: E:\myweb\firstaid\innerweb\ergency_action\equipment_detail_list.php  line: 39  
2015-12-07 11:17:18,103 [ERROR] (Tools.php:463) --  [8] Undefined index: con  _File: E:\myweb\firstaid\innerweb\ergency_action\emergency_server_eq.php  line: 34  
2015-12-07 11:17:18,108 [ERROR] (Tools.php:463) --  [8] Undefined index: cid  _File: E:\myweb\firstaid\innerweb\ergency_action\emergency_server_eq.php  line: 49  
2015-12-07 11:17:18,115 [ERROR] (Tools.php:463) --  [8] Undefined variable: con  _File: E:\myweb\firstaid\innerweb\ergency_action\emergency_equipment.php  line: 45  
2015-12-07 11:17:20,744 [ERROR] (Tools.php:463) --  [8] Undefined index: ss  _File: E:\myweb\firstaid\innerweb\ergency_action\equipment_detail_list.php  line: 29  
2015-12-07 11:17:20,748 [ERROR] (Tools.php:463) --  [8] Undefined index: ss  _File: E:\myweb\firstaid\innerweb\ergency_action\equipment_detail_list.php  line: 39  
2015-12-07 11:17:45,683 [ERROR] (Tools.php:463) --  [8] Undefined index: ss  _File: E:\myweb\firstaid\innerweb\ergency_action\equipment_detail_list.php  line: 29  
2015-12-07 11:17:45,687 [ERROR] (Tools.php:463) --  [8] Undefined index: ss  _File: E:\myweb\firstaid\innerweb\ergency_action\equipment_detail_list.php  line: 39  
2015-12-07 11:17:47,720 [ERROR] (Tools.php:463) --  [8] Undefined index: con  _File: E:\myweb\firstaid\innerweb\ergency_action\emergency_server_eq.php  line: 34  
2015-12-07 11:17:47,724 [ERROR] (Tools.php:463) --  [8] Undefined index: cid  _File: E:\myweb\firstaid\innerweb\ergency_action\emergency_server_eq.php  line: 49  
2015-12-07 11:17:47,731 [ERROR] (Tools.php:463) --  [8] Undefined variable: con  _File: E:\myweb\firstaid\innerweb\ergency_action\emergency_equipment.php  line: 45  
2015-12-07 11:17:50,353 [ERROR] (Tools.php:463) --  [8] Undefined index: ss  _File: E:\myweb\firstaid\innerweb\ergency_action\equipment_detail_list.php  line: 29  
2015-12-07 11:17:50,357 [ERROR] (Tools.php:463) --  [8] Undefined index: ss  _File: E:\myweb\firstaid\innerweb\ergency_action\equipment_detail_list.php  line: 29  
2015-12-07 11:17:50,361 [ERROR] (Tools.php:463) --  [8] Undefined index: ss  _File: E:\myweb\firstaid\innerweb\ergency_action\equipment_detail_list.php  line: 39  
2015-12-07 11:17:56,743 [ERROR] (Tools.php:463) --  [8] Undefined index: ss  _File: E:\myweb\firstaid\innerweb\ergency_action\equipment_detail_list.php  line: 29  
2015-12-07 11:17:56,748 [ERROR] (Tools.php:463) --  [8] Undefined index: ss  _File: E:\myweb\firstaid\innerweb\ergency_action\equipment_detail_list.php  line: 29  
2015-12-07 11:17:56,751 [ERROR] (Tools.php:463) --  [8] Undefined index: ss  _File: E:\myweb\firstaid\innerweb\ergency_action\equipment_detail_list.php  line: 39  
2015-12-07 11:18:39,522 [ERROR] (Tools.php:463) --  [8] Undefined index: con  _File: E:\myweb\firstaid\innerweb\ergency_action\emergency_server_eq.php  line: 34  
2015-12-07 11:18:39,526 [ERROR] (Tools.php:463) --  [8] Undefined index: cid  _File: E:\myweb\firstaid\innerweb\ergency_action\emergency_server_eq.php  line: 49  
2015-12-07 11:18:39,532 [ERROR] (Tools.php:463) --  [8] Undefined variable: con  _File: E:\myweb\firstaid\innerweb\ergency_action\emergency_equipment.php  line: 45  
2015-12-07 11:19:13,648 [ERROR] (Tools.php:463) --  [8] Undefined index: con  _File: E:\myweb\firstaid\innerweb\ergency_action\emergency_server_eq.php  line: 34  
2015-12-07 11:19:13,653 [ERROR] (Tools.php:463) --  [8] Undefined index: cid  _File: E:\myweb\firstaid\innerweb\ergency_action\emergency_server_eq.php  line: 49  
2015-12-07 11:19:13,660 [ERROR] (Tools.php:463) --  [8] Undefined variable: con  _File: E:\myweb\firstaid\innerweb\ergency_action\emergency_equipment.php  line: 45  
2015-12-07 11:19:15,896 [ERROR] (Tools.php:463) --  [8] Undefined index: ss  _File: E:\myweb\firstaid\innerweb\ergency_action\equipment_detail.php  line: 48  
2015-12-07 11:20:10,389 [ERROR] (Tools.php:463) --  [8] Undefined index: con  _File: E:\myweb\firstaid\innerweb\ergency_action\emergency_server_eq.php  line: 35  
2015-12-07 11:20:10,393 [ERROR] (Tools.php:463) --  [8] Undefined index: cid  _File: E:\myweb\firstaid\innerweb\ergency_action\emergency_server_eq.php  line: 50  
2015-12-07 11:20:10,400 [ERROR] (Tools.php:463) --  [8] Undefined variable: con  _File: E:\myweb\firstaid\innerweb\ergency_action\emergency_equipment.php  line: 45  
2015-12-07 11:20:53,645 [ERROR] (Tools.php:463) --  [8] Undefined index: con  _File: E:\myweb\firstaid\innerweb\ergency_action\emergency_server_eq.php  line: 35  
2015-12-07 11:20:53,654 [ERROR] (Tools.php:463) --  [8] Undefined index: cid  _File: E:\myweb\firstaid\innerweb\ergency_action\emergency_server_eq.php  line: 50  
2015-12-07 11:20:53,665 [ERROR] (Tools.php:463) --  [8] Undefined variable: con  _File: E:\myweb\firstaid\innerweb\ergency_action\emergency_equipment.php  line: 45  
2015-12-07 11:21:02,316 [ERROR] (Tools.php:463) --  [8] Undefined index: con  _File: E:\myweb\firstaid\innerweb\ergency_action\emergency_server_eq.php  line: 35  
2015-12-07 11:21:02,328 [ERROR] (Tools.php:463) --  [8] Undefined index: cid  _File: E:\myweb\firstaid\innerweb\ergency_action\emergency_server_eq.php  line: 50  
2015-12-07 11:21:02,339 [ERROR] (Tools.php:463) --  [8] Undefined variable: con  _File: E:\myweb\firstaid\innerweb\ergency_action\emergency_equipment.php  line: 45  
2015-12-07 11:21:06,285 [ERROR] (Tools.php:463) --  [8] Undefined index: con  _File: E:\myweb\firstaid\innerweb\ergency_action\emergency_server_eq.php  line: 35  
2015-12-07 11:21:06,289 [ERROR] (Tools.php:463) --  [8] Undefined index: cid  _File: E:\myweb\firstaid\innerweb\ergency_action\emergency_server_eq.php  line: 50  
2015-12-07 11:21:06,295 [ERROR] (Tools.php:463) --  [8] Undefined variable: con  _File: E:\myweb\firstaid\innerweb\ergency_action\emergency_equipment.php  line: 45  
2015-12-07 11:21:09,128 [ERROR] (Tools.php:463) --  [8] Undefined index: con  _File: E:\myweb\firstaid\innerweb\ergency_action\emergency_server_eq.php  line: 35  
2015-12-07 11:21:09,133 [ERROR] (Tools.php:463) --  [8] Undefined index: cid  _File: E:\myweb\firstaid\innerweb\ergency_action\emergency_server_eq.php  line: 50  
2015-12-07 11:21:09,139 [ERROR] (Tools.php:463) --  [8] Undefined variable: con  _File: E:\myweb\firstaid\innerweb\ergency_action\emergency_equipment.php  line: 45  
2015-12-07 11:39:39,392 [ERROR] (Tools.php:463) --  [8] Undefined index: ss  _File: E:\myweb\firstaid\innerweb\ergency_action\emergency_server_eq.php  line: 18  
2015-12-07 11:39:39,398 [ERROR] (Tools.php:463) --  [8] Undefined index: con  _File: E:\myweb\firstaid\innerweb\ergency_action\emergency_server_eq.php  line: 35  
2015-12-07 11:39:39,405 [ERROR] (Tools.php:463) --  [8] Undefined variable: con  _File: E:\myweb\firstaid\innerweb\ergency_action\emergency_equipment.php  line: 45  
2015-12-07 11:50:30,309 [ERROR] (Tools.php:463) --  [8] Undefined index: ss  _File: E:\myweb\firstaid\innerweb\ergency_action\emergency_server_eq.php  line: 18  
2015-12-07 11:50:30,315 [ERROR] (Tools.php:463) --  [8] Undefined index: con  _File: E:\myweb\firstaid\innerweb\ergency_action\emergency_server_eq.php  line: 35  
2015-12-07 11:50:30,322 [ERROR] (Tools.php:463) --  [8] Undefined variable: con  _File: E:\myweb\firstaid\innerweb\ergency_action\emergency_equipment.php  line: 45  
2015-12-07 14:14:12,250 [ERROR] (Tools.php:463) --  [8] Undefined variable: con  _File: E:\myweb\firstaid\innerweb\ergency_action\sort_list.php  line: 20  
2015-12-07 14:15:29,560 [ERROR] (Tools.php:463) --  [8] Undefined variable: con  _File: E:\myweb\firstaid\innerweb\ergency_action\sort_list.php  line: 20  
2015-12-07 14:15:30,481 [ERROR] (Tools.php:463) --  [8] Undefined variable: con  _File: E:\myweb\firstaid\innerweb\ergency_action\sort_list.php  line: 20  
2015-12-07 14:18:39,243 [ERROR] (Tools.php:463) --  [8] Undefined variable: con  _File: E:\myweb\firstaid\innerweb\ergency_action\sort_list.php  line: 20  
2015-12-07 14:19:56,782 [ERROR] (Tools.php:463) --  [8] Undefined variable: con  _File: E:\myweb\firstaid\innerweb\ergency_action\sort_list.php  line: 20  
2015-12-07 14:20:33,191 [ERROR] (Tools.php:463) --  [8] Undefined variable: con  _File: E:\myweb\firstaid\innerweb\ergency_action\sort_list.php  line: 20  
2015-12-07 14:20:52,166 [ERROR] (Tools.php:463) --  [8] Undefined variable: con  _File: E:\myweb\firstaid\innerweb\ergency_action\sort_list.php  line: 20  
