2015-11-30 09:22:45,654 [ERROR] (Tools.php:463) --  [8] Undefined index: gid  _File: E:\myweb\firstaid\innerweb\ergency_action\emergency_server_order.php  line: 25  
2015-11-30 10:05:02,989 [ERROR] (Tools.php:463) --  [8] Undefined index: ss  _File: E:\myweb\firstaid\innerweb\ergency_action\emergency_server.php  line: 21  
2015-11-30 10:05:09,068 [ERROR] (Tools.php:463) --  [8] Undefined index: ss  _File: E:\myweb\firstaid\innerweb\ergency_action\emergency_server.php  line: 21  
2015-11-30 10:05:31,710 [ERROR] (Tools.php:463) --  [8] Undefined variable: ss  _File: E:\myweb\firstaid\innerweb\ergency_action\emergency_server.php  line: 23  
2015-11-30 10:05:31,717 [ERROR] (Tools.php:463) --  [2] MemcachePool::get(): Invalid key  _File: E:\myweb\firstaid\1.0\common\database\DatabaseManager.php  line: 220  
2015-11-30 10:05:31,727 [ERROR] (emergency_server.php:26) --  Session fail. 
2015-11-30 10:06:49,180 [ERROR] (Tools.php:463) --  [8] Undefined variable: goods_content  _File: E:\myweb\firstaid\innerweb\ergency_action\emergency_detail.php  line: 60  
2015-11-30 10:08:43,164 [ERROR] (Tools.php:463) --  [8] Undefined variable: goods_content  _File: E:\myweb\firstaid\innerweb\ergency_action\emergency_detail.php  line: 60  
2015-11-30 10:08:54,307 [ERROR] (Tools.php:463) --  [8] Undefined variable: goods_content  _File: E:\myweb\firstaid\innerweb\ergency_action\emergency_detail.php  line: 60  
2015-11-30 10:10:07,599 [ERROR] (Tools.php:463) --  [8] Undefined variable: goods_content  _File: E:\myweb\firstaid\innerweb\ergency_action\emergency_detail.php  line: 60  
2015-11-30 10:10:10,291 [ERROR] (Tools.php:463) --  [8] Undefined variable: goods_content  _File: E:\myweb\firstaid\innerweb\ergency_action\emergency_detail.php  line: 60  
2015-11-30 10:11:36,076 [ERROR] (Tools.php:463) --  [8] Undefined variable: sessionArr  _File: E:\myweb\firstaid\innerweb\ergency_action\emergency_server_order.php  line: 27  
2015-11-30 10:12:51,672 [ERROR] (Tools.php:463) --  [8] Undefined index: uid  _File: E:\myweb\firstaid\innerweb\ergency_action\emergency_server_order.php  line: 28  
2015-11-30 10:12:54,339 [ERROR] (Tools.php:463) --  [8] Undefined variable: goods_content  _File: E:\myweb\firstaid\innerweb\ergency_action\emergency_detail.php  line: 60  
2015-11-30 10:12:56,160 [ERROR] (Tools.php:463) --  [8] Undefined variable: goods_content  _File: E:\myweb\firstaid\innerweb\ergency_action\emergency_detail.php  line: 60  
2015-11-30 10:13:00,165 [ERROR] (Tools.php:463) --  [8] Undefined variable: goods_content  _File: E:\myweb\firstaid\innerweb\ergency_action\emergency_detail.php  line: 60  
2015-11-30 11:12:05,800 [ERROR] (Tools.php:463) --  [8] Undefined index: user_id  _File: E:\myweb\firstaid\innerweb\ergency_action\emergency_server_setorder.php  line: 30  
2015-11-30 11:12:55,431 [ERROR] (Tools.php:463) --  [8] Undefined index: user_id  _File: E:\myweb\firstaid\innerweb\ergency_action\emergency_server_setorder.php  line: 30  
2015-11-30 11:13:11,522 [ERROR] (Tools.php:463) --  [8] Undefined index: user_id  _File: E:\myweb\firstaid\innerweb\ergency_action\emergency_server_setorder.php  line: 30  
2015-11-30 11:14:07,597 [ERROR] (Tools.php:463) --  [8] Undefined index: ss  _File: E:\myweb\firstaid\innerweb\ergency_action\emergency_server.php  line: 21  
2015-11-30 11:14:14,483 [ERROR] (Tools.php:463) --  [8] Undefined variable: goods_content  _File: E:\myweb\firstaid\innerweb\ergency_action\emergency_detail.php  line: 60  
2015-11-30 11:14:25,860 [ERROR] (Tools.php:463) --  [8] Undefined index: user_id  _File: E:\myweb\firstaid\innerweb\ergency_action\emergency_server_setorder.php  line: 30  
2015-11-30 11:17:06,133 [ERROR] (Tools.php:463) --  [8] Undefined variable: goods_content  _File: E:\myweb\firstaid\innerweb\ergency_action\emergency_detail.php  line: 60  
2015-11-30 11:23:54,320 [ERROR] (Tools.php:463) --  [8] Undefined variable: goods_content  _File: E:\myweb\firstaid\innerweb\ergency_action\emergency_detail.php  line: 60  
2015-11-30 11:24:37,804 [ERROR] (Tools.php:463) --  [8] Undefined variable: goods_content  _File: E:\myweb\firstaid\innerweb\ergency_action\emergency_detail.php  line: 60  
2015-11-30 12:59:03,329 [ERROR] (Tools.php:463) --  [8] Undefined variable: goods_content  _File: E:\myweb\firstaid\innerweb\ergency_action\emergency_detail.php  line: 60  
2015-11-30 12:59:09,367 [ERROR] (Tools.php:463) --  [8] Undefined index: ss  _File: E:\myweb\firstaid\innerweb\ergency_action\emergency_server.php  line: 21  
2015-11-30 12:59:14,210 [ERROR] (Tools.php:463) --  [8] Undefined index: ss  _File: E:\myweb\firstaid\innerweb\ergency_action\emergency_server_eq.php  line: 17  
2015-11-30 12:59:14,215 [ERROR] (Tools.php:463) --  [8] Undefined index: con  _File: E:\myweb\firstaid\innerweb\ergency_action\emergency_server_eq.php  line: 33  
2015-11-30 12:59:14,219 [ERROR] (Tools.php:463) --  [8] Undefined index: cid  _File: E:\myweb\firstaid\innerweb\ergency_action\emergency_server_eq.php  line: 47  
2015-11-30 12:59:14,226 [ERROR] (Tools.php:463) --  [8] Undefined variable: con  _File: E:\myweb\firstaid\innerweb\ergency_action\emergency_equipment.php  line: 45  
2015-11-30 12:59:19,836 [ERROR] (Tools.php:463) --  [8] Undefined index: con  _File: E:\myweb\firstaid\innerweb\ergency_action\emergency_server_eq.php  line: 33  
2015-11-30 12:59:19,840 [ERROR] (Tools.php:463) --  [8] Undefined index: cid  _File: E:\myweb\firstaid\innerweb\ergency_action\emergency_server_eq.php  line: 47  
2015-11-30 12:59:19,847 [ERROR] (Tools.php:463) --  [8] Undefined variable: con  _File: E:\myweb\firstaid\innerweb\ergency_action\emergency_equipment.php  line: 45  
2015-11-30 12:59:25,517 [ERROR] (Tools.php:463) --  [8] Undefined variable: goods_content  _File: E:\myweb\firstaid\innerweb\ergency_action\emergency_detail.php  line: 60  
2015-11-30 14:21:09,081 [ERROR] (Tools.php:463) --  [8] Undefined variable: goods_content  _File: E:\myweb\firstaid\innerweb\ergency_action\emergency_detail.php  line: 60  
2015-11-30 14:21:20,901 [ERROR] (Tools.php:463) --  [8] Undefined variable: goods_content  _File: E:\myweb\firstaid\innerweb\ergency_action\emergency_detail.php  line: 60  
2015-11-30 14:28:07,999 [ERROR] (Tools.php:463) --  [8] Undefined variable: goods_content  _File: E:\myweb\firstaid\innerweb\ergency_action\emergency_detail.php  line: 60  
2015-11-30 14:33:05,814 [ERROR] (Tools.php:463) --  [8] Undefined index: con  _File: E:\myweb\firstaid\innerweb\ergency_action\emergency_server_eq.php  line: 33  
2015-11-30 14:33:05,818 [ERROR] (Tools.php:463) --  [8] Undefined index: cid  _File: E:\myweb\firstaid\innerweb\ergency_action\emergency_server_eq.php  line: 47  
2015-11-30 14:33:05,825 [ERROR] (Tools.php:463) --  [8] Undefined variable: con  _File: E:\myweb\firstaid\innerweb\ergency_action\emergency_equipment.php  line: 45  
2015-11-30 14:33:37,672 [ERROR] (Tools.php:463) --  [8] Undefined variable: goods_content  _File: E:\myweb\firstaid\innerweb\ergency_action\emergency_detail.php  line: 60  
2015-11-30 14:33:52,392 [ERROR] (Tools.php:463) --  [8] Undefined variable: goods_content  _File: E:\myweb\firstaid\innerweb\ergency_action\emergency_detail.php  line: 60  
2015-11-30 14:33:57,002 [ERROR] (Tools.php:463) --  [8] Undefined index: con  _File: E:\myweb\firstaid\innerweb\ergency_action\emergency_server_eq.php  line: 33  
2015-11-30 14:33:57,007 [ERROR] (Tools.php:463) --  [8] Undefined index: cid  _File: E:\myweb\firstaid\innerweb\ergency_action\emergency_server_eq.php  line: 47  
2015-11-30 14:33:57,019 [ERROR] (Tools.php:463) --  [8] Undefined variable: con  _File: E:\myweb\firstaid\innerweb\ergency_action\emergency_equipment.php  line: 45  
2015-11-30 14:34:30,200 [ERROR] (Tools.php:463) --  [8] Undefined index: con  _File: E:\myweb\firstaid\innerweb\ergency_action\emergency_server_eq.php  line: 34  
2015-11-30 14:34:30,205 [ERROR] (Tools.php:463) --  [8] Undefined index: cid  _File: E:\myweb\firstaid\innerweb\ergency_action\emergency_server_eq.php  line: 48  
2015-11-30 14:34:30,211 [ERROR] (Tools.php:463) --  [8] Undefined variable: con  _File: E:\myweb\firstaid\innerweb\ergency_action\emergency_equipment.php  line: 45  
2015-11-30 14:34:48,607 [ERROR] (Tools.php:463) --  [8] Undefined variable: goods_content  _File: E:\myweb\firstaid\innerweb\ergency_action\emergency_detail.php  line: 60  
2015-11-30 15:16:12,223 [ERROR] (Tools.php:463) --  [8] Undefined index: ss  _File: E:\myweb\firstaid\innerweb\ergency_action\emergency_server.php  line: 21  
2015-11-30 15:16:15,486 [ERROR] (Tools.php:463) --  [8] Undefined index: ss  _File: E:\myweb\firstaid\innerweb\ergency_action\emergency_server.php  line: 21  
2015-11-30 15:16:20,711 [ERROR] (Tools.php:463) --  [8] Undefined variable: goods_content  _File: E:\myweb\firstaid\innerweb\ergency_action\emergency_detail.php  line: 60  
2015-11-30 17:38:43,928 [ERROR] (Tools.php:463) --  [8] Undefined index: ss  _File: E:\myweb\firstaid\innerweb\ergency_action\emergency_server.php  line: 21  
2015-11-30 17:38:48,591 [ERROR] (Tools.php:463) --  [8] Undefined index: ss  _File: E:\myweb\firstaid\innerweb\ergency_action\emergency_server.php  line: 21  
2015-11-30 17:38:51,728 [ERROR] (Tools.php:463) --  [8] Undefined index: classid  _File: E:\myweb\firstaid\innerweb\ergency_action\emergency_server_classlist.php  line: 26  
2015-11-30 17:39:07,135 [ERROR] (Tools.php:463) --  [8] Undefined index: classid  _File: E:\myweb\firstaid\innerweb\ergency_action\emergency_server_classlist.php  line: 26  
2015-11-30 17:52:35,839 [ERROR] (Tools.php:463) --  [8] Undefined index: ss  _File: E:\myweb\firstaid\innerweb\ergency_action\emergency_server.php  line: 21  
2015-11-30 17:52:38,251 [ERROR] (Tools.php:463) --  [8] Undefined index: ss  _File: E:\myweb\firstaid\innerweb\ergency_action\emergency_server.php  line: 21  
2015-11-30 17:52:44,273 [ERROR] (Tools.php:463) --  [8] Undefined index: classid  _File: E:\myweb\firstaid\innerweb\ergency_action\emergency_server_classlist.php  line: 26  
2015-11-30 17:53:46,132 [ERROR] (Tools.php:463) --  [8] Undefined variable: goods_content  _File: E:\myweb\firstaid\innerweb\ergency_action\emergency_detail.php  line: 60  
