2016-01-04 14:55:17,880 [ERROR] (Tools.php:463) --  [8] Undefined index: ss  _File: E:\myweb\firstaid\innerweb\ergency_action\emergency_server.php  line: 21  
2016-01-04 14:55:18,055 [ERROR] (Tools.php:463) --  [8] Undefined variable: img_url  _File: E:\myweb\firstaid\innerweb\ergency_action\emergency_server.php  line: 59  
2016-01-04 14:55:18,161 [ERROR] (Tools.php:463) --  [8] Undefined variable: img_url  _File: E:\myweb\firstaid\innerweb\ergency_action\emergency_action_old.php  line: 60  
2016-01-04 14:55:18,170 [ERROR] (Tools.php:463) --  [8] Undefined variable: img_url  _File: E:\myweb\firstaid\innerweb\ergency_action\emergency_action_old.php  line: 60  
2016-01-04 14:55:18,179 [ERROR] (Tools.php:463) --  [8] Undefined variable: img_url  _File: E:\myweb\firstaid\innerweb\ergency_action\emergency_action_old.php  line: 62  
2016-01-04 14:55:18,184 [ERROR] (Tools.php:463) --  [2] Invalid argument supplied for foreach()  _File: E:\myweb\firstaid\innerweb\ergency_action\emergency_action_old.php  line: 62  
2016-01-04 14:55:18,189 [ERROR] (Tools.php:463) --  [8] Undefined variable: img_url  _File: E:\myweb\firstaid\innerweb\ergency_action\emergency_action_old.php  line: 68  
2016-01-04 14:55:18,195 [ERROR] (Tools.php:463) --  [8] Undefined variable: img_url  _File: E:\myweb\firstaid\innerweb\ergency_action\emergency_action_old.php  line: 68  
2016-01-04 14:55:18,200 [ERROR] (Tools.php:463) --  [8] Undefined variable: gus  _File: E:\myweb\firstaid\innerweb\ergency_action\emergency_action_old.php  line: 160  
2016-01-04 14:55:18,205 [ERROR] (Tools.php:463) --  [8] Undefined variable: gus  _File: E:\myweb\firstaid\innerweb\ergency_action\emergency_action_old.php  line: 161  
2016-01-04 14:55:18,210 [ERROR] (Tools.php:463) --  [8] Undefined variable: gus  _File: E:\myweb\firstaid\innerweb\ergency_action\emergency_action_old.php  line: 164  
2016-01-04 14:55:18,214 [ERROR] (Tools.php:463) --  [8] Undefined variable: gus  _File: E:\myweb\firstaid\innerweb\ergency_action\emergency_action_old.php  line: 165  
2016-01-04 14:55:18,218 [ERROR] (Tools.php:463) --  [8] Undefined variable: gus  _File: E:\myweb\firstaid\innerweb\ergency_action\emergency_action_old.php  line: 166  
2016-01-04 14:55:18,222 [ERROR] (Tools.php:463) --  [8] Undefined variable: gus  _File: E:\myweb\firstaid\innerweb\ergency_action\emergency_action_old.php  line: 169  
2016-01-04 14:55:18,226 [ERROR] (Tools.php:463) --  [8] Undefined variable: gus  _File: E:\myweb\firstaid\innerweb\ergency_action\emergency_action_old.php  line: 170  
2016-01-04 14:55:18,231 [ERROR] (Tools.php:463) --  [8] Undefined variable: gus  _File: E:\myweb\firstaid\innerweb\ergency_action\emergency_action_old.php  line: 171  
2016-01-04 14:55:57,779 [ERROR] (Tools.php:463) --  [8] Undefined index: ss  _File: E:\myweb\firstaid\innerweb\ergency_action\emergency_server.php  line: 21  
2016-01-04 14:55:57,918 [ERROR] (Tools.php:463) --  [8] Undefined variable: img_url  _File: E:\myweb\firstaid\innerweb\ergency_action\emergency_server.php  line: 59  
2016-01-04 14:55:57,985 [ERROR] (Tools.php:463) --  [8] Undefined variable: img_url  _File: E:\myweb\firstaid\innerweb\ergency_action\emergency_action_old.php  line: 60  
2016-01-04 14:55:57,994 [ERROR] (Tools.php:463) --  [8] Undefined variable: img_url  _File: E:\myweb\firstaid\innerweb\ergency_action\emergency_action_old.php  line: 60  
2016-01-04 14:55:58,003 [ERROR] (Tools.php:463) --  [8] Undefined variable: img_url  _File: E:\myweb\firstaid\innerweb\ergency_action\emergency_action_old.php  line: 62  
2016-01-04 14:55:58,014 [ERROR] (Tools.php:463) --  [2] Invalid argument supplied for foreach()  _File: E:\myweb\firstaid\innerweb\ergency_action\emergency_action_old.php  line: 62  
2016-01-04 14:55:58,021 [ERROR] (Tools.php:463) --  [8] Undefined variable: img_url  _File: E:\myweb\firstaid\innerweb\ergency_action\emergency_action_old.php  line: 68  
2016-01-04 14:55:58,027 [ERROR] (Tools.php:463) --  [8] Undefined variable: img_url  _File: E:\myweb\firstaid\innerweb\ergency_action\emergency_action_old.php  line: 68  
2016-01-04 14:55:58,032 [ERROR] (Tools.php:463) --  [8] Undefined variable: gus  _File: E:\myweb\firstaid\innerweb\ergency_action\emergency_action_old.php  line: 160  
2016-01-04 14:55:58,037 [ERROR] (Tools.php:463) --  [8] Undefined variable: gus  _File: E:\myweb\firstaid\innerweb\ergency_action\emergency_action_old.php  line: 161  
2016-01-04 14:55:58,041 [ERROR] (Tools.php:463) --  [8] Undefined variable: gus  _File: E:\myweb\firstaid\innerweb\ergency_action\emergency_action_old.php  line: 164  
2016-01-04 14:55:58,045 [ERROR] (Tools.php:463) --  [8] Undefined variable: gus  _File: E:\myweb\firstaid\innerweb\ergency_action\emergency_action_old.php  line: 165  
2016-01-04 14:55:58,048 [ERROR] (Tools.php:463) --  [8] Undefined variable: gus  _File: E:\myweb\firstaid\innerweb\ergency_action\emergency_action_old.php  line: 166  
2016-01-04 14:55:58,052 [ERROR] (Tools.php:463) --  [8] Undefined variable: gus  _File: E:\myweb\firstaid\innerweb\ergency_action\emergency_action_old.php  line: 169  
2016-01-04 14:55:58,056 [ERROR] (Tools.php:463) --  [8] Undefined variable: gus  _File: E:\myweb\firstaid\innerweb\ergency_action\emergency_action_old.php  line: 170  
2016-01-04 14:55:58,059 [ERROR] (Tools.php:463) --  [8] Undefined variable: gus  _File: E:\myweb\firstaid\innerweb\ergency_action\emergency_action_old.php  line: 171  
2016-01-04 14:56:04,347 [ERROR] (Tools.php:463) --  [8] Undefined index: ss  _File: E:\myweb\firstaid\innerweb\ergency_action\emergency_server.php  line: 21  
2016-01-04 14:56:04,497 [ERROR] (Tools.php:463) --  [8] Undefined variable: img_url  _File: E:\myweb\firstaid\innerweb\ergency_action\emergency_server.php  line: 59  
2016-01-04 14:56:04,582 [ERROR] (Tools.php:463) --  [8] Undefined variable: img_url  _File: E:\myweb\firstaid\innerweb\ergency_action\emergency_action_old.php  line: 60  
2016-01-04 14:56:04,590 [ERROR] (Tools.php:463) --  [8] Undefined variable: img_url  _File: E:\myweb\firstaid\innerweb\ergency_action\emergency_action_old.php  line: 60  
2016-01-04 14:56:04,594 [ERROR] (Tools.php:463) --  [8] Undefined variable: img_url  _File: E:\myweb\firstaid\innerweb\ergency_action\emergency_action_old.php  line: 62  
2016-01-04 14:56:04,598 [ERROR] (Tools.php:463) --  [2] Invalid argument supplied for foreach()  _File: E:\myweb\firstaid\innerweb\ergency_action\emergency_action_old.php  line: 62  
2016-01-04 14:56:04,601 [ERROR] (Tools.php:463) --  [8] Undefined variable: img_url  _File: E:\myweb\firstaid\innerweb\ergency_action\emergency_action_old.php  line: 68  
2016-01-04 14:56:04,605 [ERROR] (Tools.php:463) --  [8] Undefined variable: img_url  _File: E:\myweb\firstaid\innerweb\ergency_action\emergency_action_old.php  line: 68  
2016-01-04 14:56:04,609 [ERROR] (Tools.php:463) --  [8] Undefined variable: gus  _File: E:\myweb\firstaid\innerweb\ergency_action\emergency_action_old.php  line: 160  
2016-01-04 14:56:04,613 [ERROR] (Tools.php:463) --  [8] Undefined variable: gus  _File: E:\myweb\firstaid\innerweb\ergency_action\emergency_action_old.php  line: 161  
2016-01-04 14:56:04,616 [ERROR] (Tools.php:463) --  [8] Undefined variable: gus  _File: E:\myweb\firstaid\innerweb\ergency_action\emergency_action_old.php  line: 164  
2016-01-04 14:56:04,620 [ERROR] (Tools.php:463) --  [8] Undefined variable: gus  _File: E:\myweb\firstaid\innerweb\ergency_action\emergency_action_old.php  line: 165  
2016-01-04 14:56:04,624 [ERROR] (Tools.php:463) --  [8] Undefined variable: gus  _File: E:\myweb\firstaid\innerweb\ergency_action\emergency_action_old.php  line: 166  
2016-01-04 14:56:04,628 [ERROR] (Tools.php:463) --  [8] Undefined variable: gus  _File: E:\myweb\firstaid\innerweb\ergency_action\emergency_action_old.php  line: 169  
2016-01-04 14:56:04,631 [ERROR] (Tools.php:463) --  [8] Undefined variable: gus  _File: E:\myweb\firstaid\innerweb\ergency_action\emergency_action_old.php  line: 170  
2016-01-04 14:56:04,635 [ERROR] (Tools.php:463) --  [8] Undefined variable: gus  _File: E:\myweb\firstaid\innerweb\ergency_action\emergency_action_old.php  line: 171  
2016-01-04 14:56:09,495 [ERROR] (Tools.php:463) --  [8] Undefined index: ss  _File: E:\myweb\firstaid\innerweb\ergency_action\emergency_server.php  line: 21  
2016-01-04 14:56:09,642 [ERROR] (Tools.php:463) --  [8] Undefined variable: img_url  _File: E:\myweb\firstaid\innerweb\ergency_action\emergency_server.php  line: 59  
2016-01-04 14:56:09,714 [ERROR] (Tools.php:463) --  [8] Undefined variable: img_url  _File: E:\myweb\firstaid\innerweb\ergency_action\emergency_action_old.php  line: 60  
2016-01-04 14:56:09,718 [ERROR] (Tools.php:463) --  [8] Undefined variable: img_url  _File: E:\myweb\firstaid\innerweb\ergency_action\emergency_action_old.php  line: 60  
2016-01-04 14:56:09,724 [ERROR] (Tools.php:463) --  [8] Undefined variable: img_url  _File: E:\myweb\firstaid\innerweb\ergency_action\emergency_action_old.php  line: 62  
2016-01-04 14:56:09,729 [ERROR] (Tools.php:463) --  [2] Invalid argument supplied for foreach()  _File: E:\myweb\firstaid\innerweb\ergency_action\emergency_action_old.php  line: 62  
2016-01-04 14:56:09,732 [ERROR] (Tools.php:463) --  [8] Undefined variable: img_url  _File: E:\myweb\firstaid\innerweb\ergency_action\emergency_action_old.php  line: 68  
2016-01-04 14:56:09,736 [ERROR] (Tools.php:463) --  [8] Undefined variable: img_url  _File: E:\myweb\firstaid\innerweb\ergency_action\emergency_action_old.php  line: 68  
2016-01-04 14:56:09,740 [ERROR] (Tools.php:463) --  [8] Undefined variable: gus  _File: E:\myweb\firstaid\innerweb\ergency_action\emergency_action_old.php  line: 160  
2016-01-04 14:56:09,744 [ERROR] (Tools.php:463) --  [8] Undefined variable: gus  _File: E:\myweb\firstaid\innerweb\ergency_action\emergency_action_old.php  line: 161  
2016-01-04 14:56:09,748 [ERROR] (Tools.php:463) --  [8] Undefined variable: gus  _File: E:\myweb\firstaid\innerweb\ergency_action\emergency_action_old.php  line: 164  
2016-01-04 14:56:09,752 [ERROR] (Tools.php:463) --  [8] Undefined variable: gus  _File: E:\myweb\firstaid\innerweb\ergency_action\emergency_action_old.php  line: 165  
2016-01-04 14:56:09,756 [ERROR] (Tools.php:463) --  [8] Undefined variable: gus  _File: E:\myweb\firstaid\innerweb\ergency_action\emergency_action_old.php  line: 166  
2016-01-04 14:56:09,759 [ERROR] (Tools.php:463) --  [8] Undefined variable: gus  _File: E:\myweb\firstaid\innerweb\ergency_action\emergency_action_old.php  line: 169  
2016-01-04 14:56:09,763 [ERROR] (Tools.php:463) --  [8] Undefined variable: gus  _File: E:\myweb\firstaid\innerweb\ergency_action\emergency_action_old.php  line: 170  
2016-01-04 14:56:09,766 [ERROR] (Tools.php:463) --  [8] Undefined variable: gus  _File: E:\myweb\firstaid\innerweb\ergency_action\emergency_action_old.php  line: 171  
2016-01-04 14:56:13,179 [ERROR] (Tools.php:463) --  [8] Undefined index: ss  _File: E:\myweb\firstaid\innerweb\ergency_action\emergency_server.php  line: 21  
2016-01-04 14:56:13,323 [ERROR] (Tools.php:463) --  [8] Undefined variable: img_url  _File: E:\myweb\firstaid\innerweb\ergency_action\emergency_server.php  line: 59  
2016-01-04 14:56:13,397 [ERROR] (Tools.php:463) --  [8] Undefined variable: img_url  _File: E:\myweb\firstaid\innerweb\ergency_action\emergency_action_old.php  line: 60  
2016-01-04 14:56:13,405 [ERROR] (Tools.php:463) --  [8] Undefined variable: img_url  _File: E:\myweb\firstaid\innerweb\ergency_action\emergency_action_old.php  line: 60  
2016-01-04 14:56:13,414 [ERROR] (Tools.php:463) --  [8] Undefined variable: img_url  _File: E:\myweb\firstaid\innerweb\ergency_action\emergency_action_old.php  line: 62  
2016-01-04 14:56:13,421 [ERROR] (Tools.php:463) --  [2] Invalid argument supplied for foreach()  _File: E:\myweb\firstaid\innerweb\ergency_action\emergency_action_old.php  line: 62  
2016-01-04 14:56:13,429 [ERROR] (Tools.php:463) --  [8] Undefined variable: img_url  _File: E:\myweb\firstaid\innerweb\ergency_action\emergency_action_old.php  line: 68  
2016-01-04 14:56:13,438 [ERROR] (Tools.php:463) --  [8] Undefined variable: img_url  _File: E:\myweb\firstaid\innerweb\ergency_action\emergency_action_old.php  line: 68  
2016-01-04 14:56:13,442 [ERROR] (Tools.php:463) --  [8] Undefined variable: gus  _File: E:\myweb\firstaid\innerweb\ergency_action\emergency_action_old.php  line: 160  
2016-01-04 14:56:13,446 [ERROR] (Tools.php:463) --  [8] Undefined variable: gus  _File: E:\myweb\firstaid\innerweb\ergency_action\emergency_action_old.php  line: 161  
2016-01-04 14:56:13,450 [ERROR] (Tools.php:463) --  [8] Undefined variable: gus  _File: E:\myweb\firstaid\innerweb\ergency_action\emergency_action_old.php  line: 164  
2016-01-04 14:56:13,454 [ERROR] (Tools.php:463) --  [8] Undefined variable: gus  _File: E:\myweb\firstaid\innerweb\ergency_action\emergency_action_old.php  line: 165  
2016-01-04 14:56:13,458 [ERROR] (Tools.php:463) --  [8] Undefined variable: gus  _File: E:\myweb\firstaid\innerweb\ergency_action\emergency_action_old.php  line: 166  
2016-01-04 14:56:13,462 [ERROR] (Tools.php:463) --  [8] Undefined variable: gus  _File: E:\myweb\firstaid\innerweb\ergency_action\emergency_action_old.php  line: 169  
2016-01-04 14:56:13,466 [ERROR] (Tools.php:463) --  [8] Undefined variable: gus  _File: E:\myweb\firstaid\innerweb\ergency_action\emergency_action_old.php  line: 170  
2016-01-04 14:56:13,470 [ERROR] (Tools.php:463) --  [8] Undefined variable: gus  _File: E:\myweb\firstaid\innerweb\ergency_action\emergency_action_old.php  line: 171  
2016-01-04 14:56:19,006 [ERROR] (Tools.php:463) --  [8] Undefined variable: img_url  _File: E:\myweb\firstaid\innerweb\ergency_action\emergency_server.php  line: 59  
2016-01-04 14:56:19,085 [ERROR] (Tools.php:463) --  [8] Undefined variable: img_url  _File: E:\myweb\firstaid\innerweb\ergency_action\emergency_action_old.php  line: 60  
2016-01-04 14:56:19,093 [ERROR] (Tools.php:463) --  [8] Undefined variable: img_url  _File: E:\myweb\firstaid\innerweb\ergency_action\emergency_action_old.php  line: 60  
2016-01-04 14:56:19,102 [ERROR] (Tools.php:463) --  [8] Undefined variable: img_url  _File: E:\myweb\firstaid\innerweb\ergency_action\emergency_action_old.php  line: 62  
2016-01-04 14:56:19,109 [ERROR] (Tools.php:463) --  [2] Invalid argument supplied for foreach()  _File: E:\myweb\firstaid\innerweb\ergency_action\emergency_action_old.php  line: 62  
2016-01-04 14:56:19,114 [ERROR] (Tools.php:463) --  [8] Undefined variable: img_url  _File: E:\myweb\firstaid\innerweb\ergency_action\emergency_action_old.php  line: 68  
2016-01-04 14:56:19,118 [ERROR] (Tools.php:463) --  [8] Undefined variable: img_url  _File: E:\myweb\firstaid\innerweb\ergency_action\emergency_action_old.php  line: 68  
2016-01-04 14:56:19,123 [ERROR] (Tools.php:463) --  [8] Undefined variable: gus  _File: E:\myweb\firstaid\innerweb\ergency_action\emergency_action_old.php  line: 160  
2016-01-04 14:56:19,129 [ERROR] (Tools.php:463) --  [8] Undefined variable: gus  _File: E:\myweb\firstaid\innerweb\ergency_action\emergency_action_old.php  line: 161  
2016-01-04 14:56:19,133 [ERROR] (Tools.php:463) --  [8] Undefined variable: gus  _File: E:\myweb\firstaid\innerweb\ergency_action\emergency_action_old.php  line: 164  
2016-01-04 14:56:19,138 [ERROR] (Tools.php:463) --  [8] Undefined variable: gus  _File: E:\myweb\firstaid\innerweb\ergency_action\emergency_action_old.php  line: 165  
2016-01-04 14:56:19,142 [ERROR] (Tools.php:463) --  [8] Undefined variable: gus  _File: E:\myweb\firstaid\innerweb\ergency_action\emergency_action_old.php  line: 166  
2016-01-04 14:56:19,145 [ERROR] (Tools.php:463) --  [8] Undefined variable: gus  _File: E:\myweb\firstaid\innerweb\ergency_action\emergency_action_old.php  line: 169  
2016-01-04 14:56:19,149 [ERROR] (Tools.php:463) --  [8] Undefined variable: gus  _File: E:\myweb\firstaid\innerweb\ergency_action\emergency_action_old.php  line: 170  
2016-01-04 14:56:19,153 [ERROR] (Tools.php:463) --  [8] Undefined variable: gus  _File: E:\myweb\firstaid\innerweb\ergency_action\emergency_action_old.php  line: 171  
2016-01-04 14:56:24,926 [ERROR] (Tools.php:463) --  [8] Undefined variable: img_url  _File: E:\myweb\firstaid\innerweb\ergency_action\emergency_server.php  line: 59  
2016-01-04 14:56:25,003 [ERROR] (Tools.php:463) --  [8] Undefined variable: img_url  _File: E:\myweb\firstaid\innerweb\ergency_action\emergency_action_old.php  line: 60  
2016-01-04 14:56:25,012 [ERROR] (Tools.php:463) --  [8] Undefined variable: img_url  _File: E:\myweb\firstaid\innerweb\ergency_action\emergency_action_old.php  line: 60  
2016-01-04 14:56:25,020 [ERROR] (Tools.php:463) --  [8] Undefined variable: img_url  _File: E:\myweb\firstaid\innerweb\ergency_action\emergency_action_old.php  line: 62  
2016-01-04 14:56:25,027 [ERROR] (Tools.php:463) --  [2] Invalid argument supplied for foreach()  _File: E:\myweb\firstaid\innerweb\ergency_action\emergency_action_old.php  line: 62  
2016-01-04 14:56:25,033 [ERROR] (Tools.php:463) --  [8] Undefined variable: img_url  _File: E:\myweb\firstaid\innerweb\ergency_action\emergency_action_old.php  line: 68  
2016-01-04 14:56:25,040 [ERROR] (Tools.php:463) --  [8] Undefined variable: img_url  _File: E:\myweb\firstaid\innerweb\ergency_action\emergency_action_old.php  line: 68  
2016-01-04 14:56:25,047 [ERROR] (Tools.php:463) --  [8] Undefined variable: gus  _File: E:\myweb\firstaid\innerweb\ergency_action\emergency_action_old.php  line: 160  
2016-01-04 14:56:25,051 [ERROR] (Tools.php:463) --  [8] Undefined variable: gus  _File: E:\myweb\firstaid\innerweb\ergency_action\emergency_action_old.php  line: 161  
2016-01-04 14:56:25,056 [ERROR] (Tools.php:463) --  [8] Undefined variable: gus  _File: E:\myweb\firstaid\innerweb\ergency_action\emergency_action_old.php  line: 164  
2016-01-04 14:56:25,060 [ERROR] (Tools.php:463) --  [8] Undefined variable: gus  _File: E:\myweb\firstaid\innerweb\ergency_action\emergency_action_old.php  line: 165  
2016-01-04 14:56:25,063 [ERROR] (Tools.php:463) --  [8] Undefined variable: gus  _File: E:\myweb\firstaid\innerweb\ergency_action\emergency_action_old.php  line: 166  
2016-01-04 14:56:25,067 [ERROR] (Tools.php:463) --  [8] Undefined variable: gus  _File: E:\myweb\firstaid\innerweb\ergency_action\emergency_action_old.php  line: 169  
2016-01-04 14:56:25,071 [ERROR] (Tools.php:463) --  [8] Undefined variable: gus  _File: E:\myweb\firstaid\innerweb\ergency_action\emergency_action_old.php  line: 170  
2016-01-04 14:56:25,074 [ERROR] (Tools.php:463) --  [8] Undefined variable: gus  _File: E:\myweb\firstaid\innerweb\ergency_action\emergency_action_old.php  line: 171  
2016-01-04 14:56:25,670 [ERROR] (Tools.php:463) --  [8] Undefined index: ss  _File: E:\myweb\firstaid\innerweb\ergency_action\emergency_server.php  line: 21  
2016-01-04 14:56:25,810 [ERROR] (Tools.php:463) --  [8] Undefined variable: img_url  _File: E:\myweb\firstaid\innerweb\ergency_action\emergency_server.php  line: 59  
2016-01-04 14:56:25,885 [ERROR] (Tools.php:463) --  [8] Undefined variable: img_url  _File: E:\myweb\firstaid\innerweb\ergency_action\emergency_action_old.php  line: 60  
2016-01-04 14:56:25,889 [ERROR] (Tools.php:463) --  [8] Undefined variable: img_url  _File: E:\myweb\firstaid\innerweb\ergency_action\emergency_action_old.php  line: 60  
2016-01-04 14:56:25,892 [ERROR] (Tools.php:463) --  [8] Undefined variable: img_url  _File: E:\myweb\firstaid\innerweb\ergency_action\emergency_action_old.php  line: 62  
2016-01-04 14:56:25,896 [ERROR] (Tools.php:463) --  [2] Invalid argument supplied for foreach()  _File: E:\myweb\firstaid\innerweb\ergency_action\emergency_action_old.php  line: 62  
2016-01-04 14:56:25,900 [ERROR] (Tools.php:463) --  [8] Undefined variable: img_url  _File: E:\myweb\firstaid\innerweb\ergency_action\emergency_action_old.php  line: 68  
2016-01-04 14:56:25,903 [ERROR] (Tools.php:463) --  [8] Undefined variable: img_url  _File: E:\myweb\firstaid\innerweb\ergency_action\emergency_action_old.php  line: 68  
2016-01-04 14:56:25,907 [ERROR] (Tools.php:463) --  [8] Undefined variable: gus  _File: E:\myweb\firstaid\innerweb\ergency_action\emergency_action_old.php  line: 160  
2016-01-04 14:56:25,911 [ERROR] (Tools.php:463) --  [8] Undefined variable: gus  _File: E:\myweb\firstaid\innerweb\ergency_action\emergency_action_old.php  line: 161  
2016-01-04 14:56:25,914 [ERROR] (Tools.php:463) --  [8] Undefined variable: gus  _File: E:\myweb\firstaid\innerweb\ergency_action\emergency_action_old.php  line: 164  
2016-01-04 14:56:25,918 [ERROR] (Tools.php:463) --  [8] Undefined variable: gus  _File: E:\myweb\firstaid\innerweb\ergency_action\emergency_action_old.php  line: 165  
2016-01-04 14:56:25,922 [ERROR] (Tools.php:463) --  [8] Undefined variable: gus  _File: E:\myweb\firstaid\innerweb\ergency_action\emergency_action_old.php  line: 166  
2016-01-04 14:56:25,926 [ERROR] (Tools.php:463) --  [8] Undefined variable: gus  _File: E:\myweb\firstaid\innerweb\ergency_action\emergency_action_old.php  line: 169  
2016-01-04 14:56:25,929 [ERROR] (Tools.php:463) --  [8] Undefined variable: gus  _File: E:\myweb\firstaid\innerweb\ergency_action\emergency_action_old.php  line: 170  
2016-01-04 14:56:25,933 [ERROR] (Tools.php:463) --  [8] Undefined variable: gus  _File: E:\myweb\firstaid\innerweb\ergency_action\emergency_action_old.php  line: 171  
2016-01-04 14:56:30,593 [ERROR] (Tools.php:463) --  [8] Undefined index: ss  _File: E:\myweb\firstaid\innerweb\ergency_action\emergency_server.php  line: 21  
2016-01-04 14:56:30,729 [ERROR] (Tools.php:463) --  [8] Undefined variable: img_url  _File: E:\myweb\firstaid\innerweb\ergency_action\emergency_server.php  line: 59  
2016-01-04 14:56:30,799 [ERROR] (Tools.php:463) --  [8] Undefined variable: img_url  _File: E:\myweb\firstaid\innerweb\ergency_action\emergency_action_old.php  line: 60  
2016-01-04 14:56:30,803 [ERROR] (Tools.php:463) --  [8] Undefined variable: img_url  _File: E:\myweb\firstaid\innerweb\ergency_action\emergency_action_old.php  line: 60  
2016-01-04 14:56:30,806 [ERROR] (Tools.php:463) --  [8] Undefined variable: img_url  _File: E:\myweb\firstaid\innerweb\ergency_action\emergency_action_old.php  line: 62  
2016-01-04 14:56:30,811 [ERROR] (Tools.php:463) --  [2] Invalid argument supplied for foreach()  _File: E:\myweb\firstaid\innerweb\ergency_action\emergency_action_old.php  line: 62  
2016-01-04 14:56:30,818 [ERROR] (Tools.php:463) --  [8] Undefined variable: img_url  _File: E:\myweb\firstaid\innerweb\ergency_action\emergency_action_old.php  line: 68  
2016-01-04 14:56:30,824 [ERROR] (Tools.php:463) --  [8] Undefined variable: img_url  _File: E:\myweb\firstaid\innerweb\ergency_action\emergency_action_old.php  line: 68  
2016-01-04 14:56:30,830 [ERROR] (Tools.php:463) --  [8] Undefined variable: gus  _File: E:\myweb\firstaid\innerweb\ergency_action\emergency_action_old.php  line: 160  
2016-01-04 14:56:30,837 [ERROR] (Tools.php:463) --  [8] Undefined variable: gus  _File: E:\myweb\firstaid\innerweb\ergency_action\emergency_action_old.php  line: 161  
2016-01-04 14:56:30,843 [ERROR] (Tools.php:463) --  [8] Undefined variable: gus  _File: E:\myweb\firstaid\innerweb\ergency_action\emergency_action_old.php  line: 164  
2016-01-04 14:56:30,849 [ERROR] (Tools.php:463) --  [8] Undefined variable: gus  _File: E:\myweb\firstaid\innerweb\ergency_action\emergency_action_old.php  line: 165  
2016-01-04 14:56:30,854 [ERROR] (Tools.php:463) --  [8] Undefined variable: gus  _File: E:\myweb\firstaid\innerweb\ergency_action\emergency_action_old.php  line: 166  
2016-01-04 14:56:30,861 [ERROR] (Tools.php:463) --  [8] Undefined variable: gus  _File: E:\myweb\firstaid\innerweb\ergency_action\emergency_action_old.php  line: 169  
2016-01-04 14:56:30,867 [ERROR] (Tools.php:463) --  [8] Undefined variable: gus  _File: E:\myweb\firstaid\innerweb\ergency_action\emergency_action_old.php  line: 170  
2016-01-04 14:56:30,874 [ERROR] (Tools.php:463) --  [8] Undefined variable: gus  _File: E:\myweb\firstaid\innerweb\ergency_action\emergency_action_old.php  line: 171  
2016-01-04 14:56:33,000 [ERROR] (Tools.php:463) --  [8] Undefined index: ss  _File: E:\myweb\firstaid\innerweb\ergency_action\emergency_server.php  line: 21  
2016-01-04 14:56:33,129 [ERROR] (Tools.php:463) --  [8] Undefined variable: img_url  _File: E:\myweb\firstaid\innerweb\ergency_action\emergency_server.php  line: 59  
2016-01-04 14:56:33,194 [ERROR] (Tools.php:463) --  [8] Undefined variable: img_url  _File: E:\myweb\firstaid\innerweb\ergency_action\emergency_action_old.php  line: 60  
2016-01-04 14:56:33,198 [ERROR] (Tools.php:463) --  [8] Undefined variable: img_url  _File: E:\myweb\firstaid\innerweb\ergency_action\emergency_action_old.php  line: 60  
2016-01-04 14:56:33,202 [ERROR] (Tools.php:463) --  [8] Undefined variable: img_url  _File: E:\myweb\firstaid\innerweb\ergency_action\emergency_action_old.php  line: 62  
2016-01-04 14:56:33,206 [ERROR] (Tools.php:463) --  [2] Invalid argument supplied for foreach()  _File: E:\myweb\firstaid\innerweb\ergency_action\emergency_action_old.php  line: 62  
2016-01-04 14:56:33,210 [ERROR] (Tools.php:463) --  [8] Undefined variable: img_url  _File: E:\myweb\firstaid\innerweb\ergency_action\emergency_action_old.php  line: 68  
2016-01-04 14:56:33,214 [ERROR] (Tools.php:463) --  [8] Undefined variable: img_url  _File: E:\myweb\firstaid\innerweb\ergency_action\emergency_action_old.php  line: 68  
2016-01-04 14:56:33,217 [ERROR] (Tools.php:463) --  [8] Undefined variable: gus  _File: E:\myweb\firstaid\innerweb\ergency_action\emergency_action_old.php  line: 160  
2016-01-04 14:56:33,221 [ERROR] (Tools.php:463) --  [8] Undefined variable: gus  _File: E:\myweb\firstaid\innerweb\ergency_action\emergency_action_old.php  line: 161  
2016-01-04 14:56:33,225 [ERROR] (Tools.php:463) --  [8] Undefined variable: gus  _File: E:\myweb\firstaid\innerweb\ergency_action\emergency_action_old.php  line: 164  
2016-01-04 14:56:33,229 [ERROR] (Tools.php:463) --  [8] Undefined variable: gus  _File: E:\myweb\firstaid\innerweb\ergency_action\emergency_action_old.php  line: 165  
2016-01-04 14:56:33,233 [ERROR] (Tools.php:463) --  [8] Undefined variable: gus  _File: E:\myweb\firstaid\innerweb\ergency_action\emergency_action_old.php  line: 166  
2016-01-04 14:56:33,237 [ERROR] (Tools.php:463) --  [8] Undefined variable: gus  _File: E:\myweb\firstaid\innerweb\ergency_action\emergency_action_old.php  line: 169  
2016-01-04 14:56:33,241 [ERROR] (Tools.php:463) --  [8] Undefined variable: gus  _File: E:\myweb\firstaid\innerweb\ergency_action\emergency_action_old.php  line: 170  
2016-01-04 14:56:33,245 [ERROR] (Tools.php:463) --  [8] Undefined variable: gus  _File: E:\myweb\firstaid\innerweb\ergency_action\emergency_action_old.php  line: 171  
2016-01-04 14:56:39,381 [ERROR] (Tools.php:463) --  [8] Undefined variable: img_url  _File: E:\myweb\firstaid\innerweb\ergency_action\emergency_server.php  line: 59  
2016-01-04 14:56:39,450 [ERROR] (Tools.php:463) --  [8] Undefined variable: img_url  _File: E:\myweb\firstaid\innerweb\ergency_action\emergency_action_old.php  line: 60  
2016-01-04 14:56:39,459 [ERROR] (Tools.php:463) --  [8] Undefined variable: img_url  _File: E:\myweb\firstaid\innerweb\ergency_action\emergency_action_old.php  line: 60  
2016-01-04 14:56:39,467 [ERROR] (Tools.php:463) --  [8] Undefined variable: img_url  _File: E:\myweb\firstaid\innerweb\ergency_action\emergency_action_old.php  line: 62  
2016-01-04 14:56:39,474 [ERROR] (Tools.php:463) --  [2] Invalid argument supplied for foreach()  _File: E:\myweb\firstaid\innerweb\ergency_action\emergency_action_old.php  line: 62  
2016-01-04 14:56:39,481 [ERROR] (Tools.php:463) --  [8] Undefined variable: img_url  _File: E:\myweb\firstaid\innerweb\ergency_action\emergency_action_old.php  line: 68  
2016-01-04 14:56:39,486 [ERROR] (Tools.php:463) --  [8] Undefined variable: img_url  _File: E:\myweb\firstaid\innerweb\ergency_action\emergency_action_old.php  line: 68  
2016-01-04 14:56:39,489 [ERROR] (Tools.php:463) --  [8] Undefined variable: gus  _File: E:\myweb\firstaid\innerweb\ergency_action\emergency_action_old.php  line: 160  
2016-01-04 14:56:39,493 [ERROR] (Tools.php:463) --  [8] Undefined variable: gus  _File: E:\myweb\firstaid\innerweb\ergency_action\emergency_action_old.php  line: 161  
2016-01-04 14:56:39,497 [ERROR] (Tools.php:463) --  [8] Undefined variable: gus  _File: E:\myweb\firstaid\innerweb\ergency_action\emergency_action_old.php  line: 164  
2016-01-04 14:56:39,500 [ERROR] (Tools.php:463) --  [8] Undefined variable: gus  _File: E:\myweb\firstaid\innerweb\ergency_action\emergency_action_old.php  line: 165  
2016-01-04 14:56:39,504 [ERROR] (Tools.php:463) --  [8] Undefined variable: gus  _File: E:\myweb\firstaid\innerweb\ergency_action\emergency_action_old.php  line: 166  
2016-01-04 14:56:39,509 [ERROR] (Tools.php:463) --  [8] Undefined variable: gus  _File: E:\myweb\firstaid\innerweb\ergency_action\emergency_action_old.php  line: 169  
2016-01-04 14:56:39,513 [ERROR] (Tools.php:463) --  [8] Undefined variable: gus  _File: E:\myweb\firstaid\innerweb\ergency_action\emergency_action_old.php  line: 170  
2016-01-04 14:56:39,517 [ERROR] (Tools.php:463) --  [8] Undefined variable: gus  _File: E:\myweb\firstaid\innerweb\ergency_action\emergency_action_old.php  line: 171  
2016-01-04 14:56:41,672 [ERROR] (Tools.php:463) --  [8] Undefined index: pod  _File: E:\myweb\firstaid\innerweb\ergency_action\emergency_server_orderlist.php  line: 11  
2016-01-04 14:56:47,863 [ERROR] (Tools.php:463) --  [8] Undefined variable: img_url  _File: E:\myweb\firstaid\innerweb\ergency_action\emergency_server.php  line: 59  
2016-01-04 14:56:47,942 [ERROR] (Tools.php:463) --  [8] Undefined variable: img_url  _File: E:\myweb\firstaid\innerweb\ergency_action\emergency_action_old.php  line: 60  
2016-01-04 14:56:47,950 [ERROR] (Tools.php:463) --  [8] Undefined variable: img_url  _File: E:\myweb\firstaid\innerweb\ergency_action\emergency_action_old.php  line: 60  
2016-01-04 14:56:47,957 [ERROR] (Tools.php:463) --  [8] Undefined variable: img_url  _File: E:\myweb\firstaid\innerweb\ergency_action\emergency_action_old.php  line: 62  
2016-01-04 14:56:47,965 [ERROR] (Tools.php:463) --  [2] Invalid argument supplied for foreach()  _File: E:\myweb\firstaid\innerweb\ergency_action\emergency_action_old.php  line: 62  
2016-01-04 14:56:47,971 [ERROR] (Tools.php:463) --  [8] Undefined variable: img_url  _File: E:\myweb\firstaid\innerweb\ergency_action\emergency_action_old.php  line: 68  
2016-01-04 14:56:47,975 [ERROR] (Tools.php:463) --  [8] Undefined variable: img_url  _File: E:\myweb\firstaid\innerweb\ergency_action\emergency_action_old.php  line: 68  
2016-01-04 14:56:47,979 [ERROR] (Tools.php:463) --  [8] Undefined variable: gus  _File: E:\myweb\firstaid\innerweb\ergency_action\emergency_action_old.php  line: 160  
2016-01-04 14:56:47,982 [ERROR] (Tools.php:463) --  [8] Undefined variable: gus  _File: E:\myweb\firstaid\innerweb\ergency_action\emergency_action_old.php  line: 161  
2016-01-04 14:56:47,986 [ERROR] (Tools.php:463) --  [8] Undefined variable: gus  _File: E:\myweb\firstaid\innerweb\ergency_action\emergency_action_old.php  line: 164  
2016-01-04 14:56:47,990 [ERROR] (Tools.php:463) --  [8] Undefined variable: gus  _File: E:\myweb\firstaid\innerweb\ergency_action\emergency_action_old.php  line: 165  
2016-01-04 14:56:47,993 [ERROR] (Tools.php:463) --  [8] Undefined variable: gus  _File: E:\myweb\firstaid\innerweb\ergency_action\emergency_action_old.php  line: 166  
2016-01-04 14:56:47,997 [ERROR] (Tools.php:463) --  [8] Undefined variable: gus  _File: E:\myweb\firstaid\innerweb\ergency_action\emergency_action_old.php  line: 169  
2016-01-04 14:56:47,1000 [ERROR] (Tools.php:463) --  [8] Undefined variable: gus  _File: E:\myweb\firstaid\innerweb\ergency_action\emergency_action_old.php  line: 170  
2016-01-04 14:56:48,006 [ERROR] (Tools.php:463) --  [8] Undefined variable: gus  _File: E:\myweb\firstaid\innerweb\ergency_action\emergency_action_old.php  line: 171  
2016-01-04 14:56:54,657 [ERROR] (Tools.php:463) --  [8] Undefined index: classid  _File: E:\myweb\firstaid\innerweb\ergency_action\emergency_server_classlist.php  line: 26  
