2016-03-03 09:41:20,395 [ERROR] (get_user_address.php:53) -- array (
  'id' => '54',
  'user_id' => '39000015',
  'area_code' => '320302',
  'address' => '628885',
  'createDate' => '2016-03-02 17:27:09',
  'receive_name' => '衙门',
  'receive_phone' => '15389249006',
  'area' => '江苏省 徐州市 鼓楼区',
) 
2016-03-03 09:42:13,956 [ERROR] (get_user_address.php:53) -- array (
  'id' => '55',
  'user_id' => '39000015',
  'area_code' => '320302',
  'address' => '628885',
  'createDate' => '2016-03-03 09:41:28',
  'receive_name' => '衙门',
  'receive_phone' => '15389249006',
  'area' => '江苏省 徐州市 鼓楼区',
) 
2016-03-03 11:21:42,905 [ERROR] (resetpwd.php:24) -- params error. params is array (
) 
2016-03-03 11:45:25,037 [ERROR] (resetpwd.php:24) -- params error. params is array (
) 
2016-03-03 11:46:04,605 [ERROR] (resetpwd.php:24) -- params error. params is array (
) 
2016-03-03 11:46:45,272 [ERROR] (resetpwd.php:24) -- params error. params is array (
) 
2016-03-03 11:47:45,045 [ERROR] (resetpwd.php:21) -- params error. params is array (
) 
2016-03-03 11:47:56,156 [ERROR] (resetpwd.php:21) -- params error. params is array (
) 
2016-03-03 11:48:09,036 [ERROR] (resetpwd.php:21) -- params error. params is array (
) 
2016-03-03 11:48:23,507 [ERROR] (resetpwd.php:21) -- params error. params is array (
) 
2016-03-03 11:50:06,477 [ERROR] (resetpwd.php:21) -- params error. params is array (
) 
2016-03-03 11:50:56,007 [ERROR] (resetpwd.php:22) -- params error. params is array (
) 
2016-03-03 11:51:37,158 [ERROR] (resetpwd.php:22) -- params error. params is array (
) 
2016-03-03 11:52:27,139 [ERROR] (resetpwd.php:21) -- params error. params is array (
) 
2016-03-03 11:55:30,967 [ERROR] (resetpwd.php:21) -- params error. params is array (
) 
2016-03-03 11:56:04,719 [ERROR] (resetpwd.php:21) -- params error. params is array (
) 
2016-03-03 11:56:34,433 [ERROR] (resetpwd.php:22) -- params error. params is array (
) 
2016-03-03 11:57:03,728 [ERROR] (resetpwd.php:22) -- params error. params is array (
) 
2016-03-03 12:04:12,287 [ERROR] (resetpwd.php:22) -- params error. params is array (
) 
2016-03-03 12:04:54,562 [ERROR] (Tools.php:463) --  [8] Undefined variable: pwd  _File: E:\myweb\serverApi\shopapi\1.0\resetpwd.php  line: 34  
2016-03-03 12:04:54,579 [ERROR] (resetpwd.php:35) -- user format error 
2016-03-03 12:06:38,248 [ERROR] (Tools.php:463) --  [8] Undefined variable: pwd  _File: E:\myweb\serverApi\shopapi\1.0\resetpwd.php  line: 33  
2016-03-03 12:06:38,254 [ERROR] (resetpwd.php:34) -- user format error 
2016-03-03 12:08:10,571 [ERROR] (Tools.php:463) --  [8] Undefined index: ot  _File: E:\myweb\serverApi\shopapi\1.0\resetpwd.php  line: 34  
2016-03-03 14:10:06,641 [ERROR] (resendpincode.php:24) -- params error. params is array (
) 
2016-03-03 14:11:07,947 [ERROR] (resendpincode.php:24) -- params error. params is array (
) 
2016-03-03 14:29:01,670 [ERROR] (Tools.php:463) --  [2] mysql_connect():   _File: E:\myweb\serverApi\shopapi\1.0\common\database\DataBase_Mysql.php  line: 133  
2016-03-03 14:29:01,679 [ERROR] (resetpwd.php:15) -- Database sky_first_aid connect fail. 
2016-03-03 14:29:23,061 [ERROR] (Tools.php:463) --  [2] mysql_connect():   _File: E:\myweb\serverApi\shopapi\1.0\common\database\DataBase_Mysql.php  line: 133  
2016-03-03 14:29:23,066 [ERROR] (resendpincode.php:18) -- Database sky_first_aid connect fail. 
2016-03-03 14:32:27,798 [ERROR] (Tools.php:463) --  [8] Undefined offset: 1  _File: E:\myweb\serverApi\shopapi\1.0\resendpincode.php  line: 41  
2016-03-03 14:32:27,803 [ERROR] (Tools.php:463) --  [8] Undefined offset: 1  _File: E:\myweb\serverApi\shopapi\1.0\resendpincode.php  line: 50  
2016-03-03 14:40:49,690 [ERROR] (Tools.php:463) --  [8] Undefined offset: 1  _File: E:\myweb\serverApi\shopapi\1.0\resendpincode.php  line: 41  
2016-03-03 14:40:49,695 [ERROR] (Tools.php:463) --  [8] Undefined offset: 1  _File: E:\myweb\serverApi\shopapi\1.0\resendpincode.php  line: 50  
2016-03-03 14:43:17,280 [ERROR] (Tools.php:463) --  [8] Undefined offset: 1  _File: E:\myweb\serverApi\shopapi\1.0\resendpincode.php  line: 41  
2016-03-03 14:43:17,285 [ERROR] (Tools.php:463) --  [8] Undefined offset: 1  _File: E:\myweb\serverApi\shopapi\1.0\resendpincode.php  line: 50  
2016-03-03 14:44:15,839 [ERROR] (logindo.php:70) -- array (
  0 => 'oper_result=0',
  1 => 'nm=%E8%A6%81%E6%B2%A3%E8%B6%85',
  2 => 'sex=1',
  3 => 'email=',
  4 => 'bg=1',
  5 => 'bd=1987-11-03%2000%3A00%3A00',
  6 => 'bp=410182',
  7 => 'rpp=8',
  8 => 'rpo=410182',
  9 => 'st=1',
  10 => 'sm=',
  11 => 'dp=1',
  12 => 'sosm=0',
  13 => 'drug_allergy=%E6%97%A0',
  14 => 'e1n=Ada',
  15 => 'e1p=18721042197',
  16 => 'e2n=徐盼',
  17 => 'e2p=',
  18 => 'pdn=',
  19 => 'pdp=',
  20 => 'per=0111',
  21 => 'ute=0',
) 
2016-03-03 14:50:47,702 [ERROR] (Tools.php:463) --  [8] Undefined offset: 1  _File: E:\myweb\serverApi\shopapi\1.0\resendpincode.php  line: 41  
2016-03-03 14:50:47,706 [ERROR] (Tools.php:463) --  [8] Undefined offset: 1  _File: E:\myweb\serverApi\shopapi\1.0\resendpincode.php  line: 50  
2016-03-03 14:52:37,758 [ERROR] (Tools.php:463) --  [8] Undefined offset: 1  _File: E:\myweb\serverApi\shopapi\1.0\resendpincode.php  line: 41  
2016-03-03 14:52:37,763 [ERROR] (Tools.php:463) --  [8] Undefined offset: 1  _File: E:\myweb\serverApi\shopapi\1.0\resendpincode.php  line: 50  
2016-03-03 15:09:25,877 [ERROR] (Tools.php:463) --  [8] Undefined offset: 1  _File: E:\myweb\serverApi\shopapi\1.0\resendpincode.php  line: 41  
2016-03-03 15:09:25,883 [ERROR] (Tools.php:463) --  [8] Undefined offset: 1  _File: E:\myweb\serverApi\shopapi\1.0\resendpincode.php  line: 50  
2016-03-03 15:11:05,119 [ERROR] (Tools.php:463) --  [8] Undefined offset: 1  _File: E:\myweb\serverApi\shopapi\1.0\resendpincode.php  line: 41  
2016-03-03 15:11:05,124 [ERROR] (Tools.php:463) --  [8] Undefined offset: 1  _File: E:\myweb\serverApi\shopapi\1.0\resendpincode.php  line: 50  
2016-03-03 15:11:33,741 [ERROR] (Tools.php:463) --  [8] Undefined offset: 1  _File: E:\myweb\serverApi\shopapi\1.0\resendpincode.php  line: 41  
2016-03-03 15:11:33,746 [ERROR] (Tools.php:463) --  [8] Undefined offset: 1  _File: E:\myweb\serverApi\shopapi\1.0\resendpincode.php  line: 50  
2016-03-03 15:15:52,495 [ERROR] (reset_pw_commit.php:42) -- '1007' 
2016-03-03 15:18:06,769 [ERROR] (Tools.php:463) --  [8] Undefined offset: 1  _File: E:\myweb\serverApi\shopapi\1.0\resendpincode.php  line: 41  
2016-03-03 15:18:06,776 [ERROR] (Tools.php:463) --  [8] Undefined offset: 1  _File: E:\myweb\serverApi\shopapi\1.0\resendpincode.php  line: 50  
2016-03-03 15:21:08,799 [ERROR] (Tools.php:463) --  [8] Undefined offset: 1  _File: E:\myweb\serverApi\shopapi\1.0\resendpincode.php  line: 41  
2016-03-03 15:21:08,804 [ERROR] (Tools.php:463) --  [8] Undefined offset: 1  _File: E:\myweb\serverApi\shopapi\1.0\resendpincode.php  line: 50  
2016-03-03 15:51:22,959 [ERROR] (Tools.php:463) --  [8] Undefined offset: 1  _File: E:\myweb\serverApi\shopapi\1.0\resendpincode.php  line: 41  
2016-03-03 15:51:22,969 [ERROR] (Tools.php:463) --  [8] Undefined offset: 1  _File: E:\myweb\serverApi\shopapi\1.0\resendpincode.php  line: 50  
2016-03-03 15:51:41,399 [ERROR] (reset_pw_commit.php:42) -- '1007' 
2016-03-03 15:51:43,604 [ERROR] (reset_pw_commit.php:42) -- '1007' 
2016-03-03 15:51:44,161 [ERROR] (reset_pw_commit.php:42) -- '1007' 
2016-03-03 15:51:44,718 [ERROR] (reset_pw_commit.php:42) -- '1007' 
2016-03-03 15:51:45,371 [ERROR] (reset_pw_commit.php:42) -- '1007' 
2016-03-03 15:51:45,876 [ERROR] (reset_pw_commit.php:42) -- '1007' 
2016-03-03 15:51:58,379 [ERROR] (reset_pw_commit.php:42) -- '1007' 
2016-03-03 15:52:37,327 [ERROR] (resetpwd.php:49) -- '0' 
2016-03-03 15:52:37,905 [ERROR] (Tools.php:463) --  [8] Undefined offset: 1  _File: E:\myweb\serverApi\shopapi\1.0\resendpincode.php  line: 41  
2016-03-03 15:52:37,912 [ERROR] (Tools.php:463) --  [8] Undefined offset: 1  _File: E:\myweb\serverApi\shopapi\1.0\resendpincode.php  line: 50  
2016-03-03 15:54:09,255 [ERROR] (resetpwd.php:49) -- '0' 
2016-03-03 15:54:09,907 [ERROR] (Tools.php:463) --  [8] Undefined offset: 1  _File: E:\myweb\serverApi\shopapi\1.0\resendpincode.php  line: 41  
2016-03-03 15:54:09,914 [ERROR] (Tools.php:463) --  [8] Undefined offset: 1  _File: E:\myweb\serverApi\shopapi\1.0\resendpincode.php  line: 50  
2016-03-03 15:59:00,784 [ERROR] (Tools.php:463) --  [8] Undefined offset: 1  _File: E:\myweb\serverApi\shopapi\1.0\resendpincode.php  line: 41  
2016-03-03 15:59:00,791 [ERROR] (Tools.php:463) --  [8] Undefined offset: 1  _File: E:\myweb\serverApi\shopapi\1.0\resendpincode.php  line: 50  
2016-03-03 16:02:35,133 [ERROR] (resetpwd.php:49) -- '0' 
2016-03-03 16:02:35,627 [ERROR] (resendpincode.php:40) -- false 
2016-03-03 16:02:35,632 [ERROR] (Tools.php:463) --  [8] Undefined offset: 1  _File: E:\myweb\serverApi\shopapi\1.0\resendpincode.php  line: 42  
2016-03-03 16:02:35,637 [ERROR] (Tools.php:463) --  [8] Undefined offset: 1  _File: E:\myweb\serverApi\shopapi\1.0\resendpincode.php  line: 51  
2016-03-03 16:03:29,548 [ERROR] (logindo.php:70) -- array (
  0 => 'oper_result=0',
  1 => 'nm=%E7%94%A8%E6%88%B719616',
  2 => 'sex=0',
  3 => 'email=',
  4 => 'bg=-1',
  5 => 'bd=1970-01-01%2000%3A00%3A00',
  6 => 'bp=',
  7 => 'rpp=0',
  8 => 'rpo=',
  9 => 'st=1',
  10 => 'sm=',
  11 => 'dp=1',
  12 => 'sosm=0',
  13 => 'drug_allergy=',
  14 => 'e1n=%E8%A6%81%E6%B2%A3%E8%B6%85',
  15 => 'e1p=',
  16 => 'e2n=要沣超',
  17 => 'e2p=',
  18 => 'pdn=',
  19 => 'pdp=',
  20 => 'per=0111',
  21 => 'ute=0',
) 
2016-03-03 16:03:37,773 [ERROR] (get_user_address.php:53) -- array (
) 
2016-03-03 16:04:52,450 [ERROR] (get_user_address.php:53) -- array (
) 
2016-03-03 16:04:54,471 [ERROR] (goods_buy.php:24) -- params error. params is array (
  'rn' => '用户19616',
  'un' => '17611111111',
  'srn' => '',
  'stel' => '',
  'saddr' => '',
  'gid' => '1',
  'goods_num' => '1',
  'price' => 'null',
) 
2016-03-03 16:04:59,409 [ERROR] (goods_buy.php:24) -- params error. params is array (
  'rn' => '用户19616',
  'un' => '17611111111',
  'srn' => '',
  'stel' => '',
  'saddr' => '',
  'gid' => '1',
  'goods_num' => '1',
  'price' => 'null',
) 
