2015-11-18 09:23:03,330 [ERROR] (get_public_welfare_activity_info.php:16) -- params is err. params is array (
  'ss' => '',
  'activity_id' => '1',
) 
2015-11-18 09:23:31,779 [ERROR] (get_public_welfare_activity_info.php:16) -- params is err. params is array (
  'ss' => '',
  'activity_id' => '1',
) 
2015-11-18 09:23:32,804 [ERROR] (get_public_welfare_activity_info.php:16) -- params is err. params is array (
  'ss' => '',
  'activity_id' => '1',
) 
2015-11-18 09:23:33,053 [ERROR] (get_public_welfare_activity_info.php:16) -- params is err. params is array (
  'ss' => '',
  'activity_id' => '1',
) 
2015-11-18 09:23:33,253 [ERROR] (get_public_welfare_activity_info.php:16) -- params is err. params is array (
  'ss' => '',
  'activity_id' => '1',
) 
2015-11-18 09:23:33,561 [ERROR] (get_public_welfare_activity_info.php:16) -- params is err. params is array (
  'ss' => '',
  'activity_id' => '1',
) 
2015-11-18 09:23:33,810 [ERROR] (get_public_welfare_activity_info.php:16) -- params is err. params is array (
  'ss' => '',
  'activity_id' => '1',
) 
2015-11-18 09:23:34,301 [ERROR] (get_public_welfare_activity_info.php:16) -- params is err. params is array (
  'ss' => '',
  'activity_id' => '1',
) 
2015-11-18 09:23:34,435 [ERROR] (get_public_welfare_activity_info.php:16) -- params is err. params is array (
  'ss' => '',
  'activity_id' => '1',
) 
2015-11-18 09:23:34,783 [ERROR] (get_public_welfare_activity_info.php:16) -- params is err. params is array (
  'ss' => '',
  'activity_id' => '1',
) 
2015-11-18 09:23:35,615 [ERROR] (get_public_welfare_activity_info.php:16) -- params is err. params is array (
  'ss' => '',
  'activity_id' => '1',
) 
2015-11-18 09:23:36,171 [ERROR] (get_public_welfare_activity_info.php:16) -- params is err. params is array (
  'ss' => '',
  'activity_id' => '1',
) 
2015-11-18 09:23:36,444 [ERROR] (get_public_welfare_activity_info.php:16) -- params is err. params is array (
  'ss' => '',
  'activity_id' => '1',
) 
2015-11-18 09:23:36,635 [ERROR] (get_public_welfare_activity_info.php:16) -- params is err. params is array (
  'ss' => '',
  'activity_id' => '1',
) 
2015-11-18 09:23:36,840 [ERROR] (get_public_welfare_activity_info.php:16) -- params is err. params is array (
  'ss' => '',
  'activity_id' => '1',
) 
2015-11-18 11:27:20,265 [ERROR] (get_public_welfare_activity_info.php:16) -- params is err. params is array (
  'ss' => '',
  'activity_id' => '1',
) 
2015-11-18 11:27:21,271 [ERROR] (get_public_welfare_activity_people.php:13) -- params error. params is array (
  'ss' => '',
  'activity_id' => '1',
) 
2015-11-18 11:27:26,052 [ERROR] (get_public_welfare_activity_info.php:16) -- params is err. params is array (
  'ss' => '',
  'activity_id' => '1',
) 
2015-11-18 11:27:27,066 [ERROR] (get_public_welfare_activity_people.php:13) -- params error. params is array (
  'ss' => '',
  'activity_id' => '1',
) 
2015-11-18 11:28:07,139 [ERROR] (get_public_welfare_activity_info.php:16) -- params is err. params is array (
  'ss' => '',
  'activity_id' => '1',
) 
2015-11-18 11:28:08,139 [ERROR] (get_public_welfare_activity_people.php:13) -- params error. params is array (
  'ss' => '',
  'activity_id' => '1',
) 
2015-11-18 11:28:09,453 [ERROR] (get_public_welfare_activity_info.php:16) -- params is err. params is array (
  'ss' => '',
  'activity_id' => '1',
) 
2015-11-18 11:28:10,189 [ERROR] (get_public_welfare_activity_info.php:16) -- params is err. params is array (
  'ss' => '',
  'activity_id' => '1',
) 
2015-11-18 11:28:10,456 [ERROR] (get_public_welfare_activity_people.php:13) -- params error. params is array (
  'ss' => '',
  'activity_id' => '1',
) 
2015-11-18 11:28:10,506 [ERROR] (get_public_welfare_activity_info.php:16) -- params is err. params is array (
  'ss' => '',
  'activity_id' => '1',
) 
2015-11-18 11:28:10,725 [ERROR] (get_public_welfare_activity_info.php:16) -- params is err. params is array (
  'ss' => '',
  'activity_id' => '1',
) 
2015-11-18 11:28:11,209 [ERROR] (get_public_welfare_activity_people.php:13) -- params error. params is array (
  'ss' => '',
  'activity_id' => '1',
) 
2015-11-18 11:28:11,514 [ERROR] (get_public_welfare_activity_people.php:13) -- params error. params is array (
  'ss' => '',
  'activity_id' => '1',
) 
2015-11-18 11:28:11,741 [ERROR] (get_public_welfare_activity_people.php:13) -- params error. params is array (
  'ss' => '',
  'activity_id' => '1',
) 
2015-11-18 13:15:30,470 [ERROR] (ack_message.php:15) -- ack params error. params is array (
) 
2015-11-18 13:16:03,117 [ERROR] (ack_message.php:15) -- ack params error. params is array (
) 
2015-11-18 13:16:08,408 [ERROR] (ack_message.php:15) -- ack params error. params is array (
) 
2015-11-18 13:25:03,152 [ERROR] (get_user_question_info.php:14) -- params error. params is array (
) 
2015-11-18 14:18:21,072 [ERROR] (Tools.php:463) --  [8] Undefined index: fid  _File: E:\myweb\firstaid\1.0\get_user_question_info.php  line: 199  
2015-11-18 14:18:21,115 [ERROR] (Tools.php:463) --  [8] Undefined index: fcc  _File: E:\myweb\firstaid\1.0\get_user_question_info.php  line: 200  
2015-11-18 14:18:21,124 [ERROR] (Tools.php:463) --  [8] Undefined index: fdate  _File: E:\myweb\firstaid\1.0\get_user_question_info.php  line: 201  
2015-11-18 14:18:21,140 [ERROR] (Tools.php:463) --  [8] Undefined index: fid  _File: E:\myweb\firstaid\1.0\get_user_question_info.php  line: 199  
2015-11-18 14:18:21,144 [ERROR] (Tools.php:463) --  [8] Undefined index: fcc  _File: E:\myweb\firstaid\1.0\get_user_question_info.php  line: 200  
2015-11-18 14:18:21,148 [ERROR] (Tools.php:463) --  [8] Undefined index: fdate  _File: E:\myweb\firstaid\1.0\get_user_question_info.php  line: 201  
2015-11-18 14:18:21,152 [ERROR] (Tools.php:463) --  [8] Undefined index: fid  _File: E:\myweb\firstaid\1.0\get_user_question_info.php  line: 199  
2015-11-18 14:18:21,156 [ERROR] (Tools.php:463) --  [8] Undefined index: fcc  _File: E:\myweb\firstaid\1.0\get_user_question_info.php  line: 200  
2015-11-18 14:18:21,159 [ERROR] (Tools.php:463) --  [8] Undefined index: fdate  _File: E:\myweb\firstaid\1.0\get_user_question_info.php  line: 201  
2015-11-18 14:18:25,078 [ERROR] (Tools.php:463) --  [8] Undefined index: fid  _File: E:\myweb\firstaid\1.0\get_user_question_info.php  line: 199  
2015-11-18 14:18:25,082 [ERROR] (Tools.php:463) --  [8] Undefined index: fcc  _File: E:\myweb\firstaid\1.0\get_user_question_info.php  line: 200  
2015-11-18 14:18:25,086 [ERROR] (Tools.php:463) --  [8] Undefined index: fdate  _File: E:\myweb\firstaid\1.0\get_user_question_info.php  line: 201  
2015-11-18 14:18:25,098 [ERROR] (Tools.php:463) --  [8] Undefined index: fid  _File: E:\myweb\firstaid\1.0\get_user_question_info.php  line: 199  
2015-11-18 14:18:25,103 [ERROR] (Tools.php:463) --  [8] Undefined index: fcc  _File: E:\myweb\firstaid\1.0\get_user_question_info.php  line: 200  
2015-11-18 14:18:25,106 [ERROR] (Tools.php:463) --  [8] Undefined index: fdate  _File: E:\myweb\firstaid\1.0\get_user_question_info.php  line: 201  
2015-11-18 14:18:25,110 [ERROR] (Tools.php:463) --  [8] Undefined index: fid  _File: E:\myweb\firstaid\1.0\get_user_question_info.php  line: 199  
2015-11-18 14:18:25,114 [ERROR] (Tools.php:463) --  [8] Undefined index: fcc  _File: E:\myweb\firstaid\1.0\get_user_question_info.php  line: 200  
2015-11-18 14:18:25,117 [ERROR] (Tools.php:463) --  [8] Undefined index: fdate  _File: E:\myweb\firstaid\1.0\get_user_question_info.php  line: 201  
2015-11-18 14:18:26,321 [ERROR] (Tools.php:463) --  [8] Undefined index: fid  _File: E:\myweb\firstaid\1.0\get_user_question_info.php  line: 199  
2015-11-18 14:18:26,325 [ERROR] (Tools.php:463) --  [8] Undefined index: fcc  _File: E:\myweb\firstaid\1.0\get_user_question_info.php  line: 200  
2015-11-18 14:18:26,330 [ERROR] (Tools.php:463) --  [8] Undefined index: fdate  _File: E:\myweb\firstaid\1.0\get_user_question_info.php  line: 201  
2015-11-18 14:18:26,342 [ERROR] (Tools.php:463) --  [8] Undefined index: fid  _File: E:\myweb\firstaid\1.0\get_user_question_info.php  line: 199  
2015-11-18 14:18:26,346 [ERROR] (Tools.php:463) --  [8] Undefined index: fcc  _File: E:\myweb\firstaid\1.0\get_user_question_info.php  line: 200  
2015-11-18 14:18:26,350 [ERROR] (Tools.php:463) --  [8] Undefined index: fdate  _File: E:\myweb\firstaid\1.0\get_user_question_info.php  line: 201  
2015-11-18 14:18:26,354 [ERROR] (Tools.php:463) --  [8] Undefined index: fid  _File: E:\myweb\firstaid\1.0\get_user_question_info.php  line: 199  
2015-11-18 14:18:26,358 [ERROR] (Tools.php:463) --  [8] Undefined index: fcc  _File: E:\myweb\firstaid\1.0\get_user_question_info.php  line: 200  
2015-11-18 14:18:26,361 [ERROR] (Tools.php:463) --  [8] Undefined index: fdate  _File: E:\myweb\firstaid\1.0\get_user_question_info.php  line: 201  
2015-11-18 14:18:37,742 [ERROR] (Tools.php:463) --  [8] Undefined index: fid  _File: E:\myweb\firstaid\1.0\get_user_question_info.php  line: 199  
2015-11-18 14:18:37,746 [ERROR] (Tools.php:463) --  [8] Undefined index: fcc  _File: E:\myweb\firstaid\1.0\get_user_question_info.php  line: 200  
2015-11-18 14:18:37,750 [ERROR] (Tools.php:463) --  [8] Undefined index: fdate  _File: E:\myweb\firstaid\1.0\get_user_question_info.php  line: 201  
2015-11-18 14:18:37,762 [ERROR] (Tools.php:463) --  [8] Undefined index: fid  _File: E:\myweb\firstaid\1.0\get_user_question_info.php  line: 199  
2015-11-18 14:18:37,766 [ERROR] (Tools.php:463) --  [8] Undefined index: fcc  _File: E:\myweb\firstaid\1.0\get_user_question_info.php  line: 200  
2015-11-18 14:18:37,770 [ERROR] (Tools.php:463) --  [8] Undefined index: fdate  _File: E:\myweb\firstaid\1.0\get_user_question_info.php  line: 201  
2015-11-18 14:18:37,774 [ERROR] (Tools.php:463) --  [8] Undefined index: fid  _File: E:\myweb\firstaid\1.0\get_user_question_info.php  line: 199  
2015-11-18 14:18:37,778 [ERROR] (Tools.php:463) --  [8] Undefined index: fcc  _File: E:\myweb\firstaid\1.0\get_user_question_info.php  line: 200  
2015-11-18 14:18:37,781 [ERROR] (Tools.php:463) --  [8] Undefined index: fdate  _File: E:\myweb\firstaid\1.0\get_user_question_info.php  line: 201  
2015-11-18 14:22:53,594 [ERROR] (Tools.php:463) --  [8] Undefined index: fid  _File: E:\myweb\firstaid\1.0\get_user_question_info.php  line: 199  
2015-11-18 14:22:53,600 [ERROR] (Tools.php:463) --  [8] Undefined index: fcc  _File: E:\myweb\firstaid\1.0\get_user_question_info.php  line: 200  
2015-11-18 14:22:53,604 [ERROR] (Tools.php:463) --  [8] Undefined index: fdate  _File: E:\myweb\firstaid\1.0\get_user_question_info.php  line: 201  
2015-11-18 14:22:53,616 [ERROR] (Tools.php:463) --  [8] Undefined index: fid  _File: E:\myweb\firstaid\1.0\get_user_question_info.php  line: 199  
2015-11-18 14:22:53,619 [ERROR] (Tools.php:463) --  [8] Undefined index: fcc  _File: E:\myweb\firstaid\1.0\get_user_question_info.php  line: 200  
2015-11-18 14:22:53,623 [ERROR] (Tools.php:463) --  [8] Undefined index: fdate  _File: E:\myweb\firstaid\1.0\get_user_question_info.php  line: 201  
2015-11-18 14:22:53,627 [ERROR] (Tools.php:463) --  [8] Undefined index: fid  _File: E:\myweb\firstaid\1.0\get_user_question_info.php  line: 199  
2015-11-18 14:22:53,631 [ERROR] (Tools.php:463) --  [8] Undefined index: fcc  _File: E:\myweb\firstaid\1.0\get_user_question_info.php  line: 200  
2015-11-18 14:22:53,635 [ERROR] (Tools.php:463) --  [8] Undefined index: fdate  _File: E:\myweb\firstaid\1.0\get_user_question_info.php  line: 201  
2015-11-18 14:33:43,183 [ERROR] (Tools.php:463) --  [8] Undefined index: fileid  _File: E:\myweb\firstaid\1.0\get_user_question_info.php  line: 197  
2015-11-18 14:33:43,191 [ERROR] (Tools.php:463) --  [8] Undefined index: fileid  _File: E:\myweb\firstaid\1.0\get_user_question_info.php  line: 197  
2015-11-18 14:33:43,196 [ERROR] (Tools.php:463) --  [8] Undefined index: fileid  _File: E:\myweb\firstaid\1.0\get_user_question_info.php  line: 197  
2015-11-18 14:33:43,202 [ERROR] (Tools.php:463) --  [8] Undefined index: fileid  _File: E:\myweb\firstaid\1.0\get_user_question_info.php  line: 197  
2015-11-18 14:33:43,207 [ERROR] (Tools.php:463) --  [8] Undefined index: fileid  _File: E:\myweb\firstaid\1.0\get_user_question_info.php  line: 197  
2015-11-18 14:33:43,213 [ERROR] (Tools.php:463) --  [8] Undefined index: fileid  _File: E:\myweb\firstaid\1.0\get_user_question_info.php  line: 197  
2015-11-18 14:33:43,218 [ERROR] (Tools.php:463) --  [8] Undefined index: fileid  _File: E:\myweb\firstaid\1.0\get_user_question_info.php  line: 197  
2015-11-18 14:35:57,716 [ERROR] (Tools.php:463) --  [8] Undefined index: fileid  _File: E:\myweb\firstaid\1.0\get_user_question_info.php  line: 197  
2015-11-18 14:35:57,724 [ERROR] (Tools.php:463) --  [8] Undefined index: fileid  _File: E:\myweb\firstaid\1.0\get_user_question_info.php  line: 197  
2015-11-18 14:35:57,730 [ERROR] (Tools.php:463) --  [8] Undefined index: fileid  _File: E:\myweb\firstaid\1.0\get_user_question_info.php  line: 197  
2015-11-18 14:35:57,735 [ERROR] (Tools.php:463) --  [8] Undefined index: fileid  _File: E:\myweb\firstaid\1.0\get_user_question_info.php  line: 197  
2015-11-18 14:35:57,740 [ERROR] (Tools.php:463) --  [8] Undefined index: fileid  _File: E:\myweb\firstaid\1.0\get_user_question_info.php  line: 197  
2015-11-18 14:35:57,746 [ERROR] (Tools.php:463) --  [8] Undefined index: fileid  _File: E:\myweb\firstaid\1.0\get_user_question_info.php  line: 197  
2015-11-18 14:35:57,754 [ERROR] (Tools.php:463) --  [8] Undefined index: fileid  _File: E:\myweb\firstaid\1.0\get_user_question_info.php  line: 197  
2015-11-18 14:38:40,193 [ERROR] (Tools.php:463) --  [2] mysql_fetch_assoc() expects parameter 1 to be resource, boolean given  _File: E:\myweb\firstaid\1.0\common\database\DataBase_Mysql.php  line: 362  
2015-11-18 14:38:40,199 [ERROR] (Tools.php:463) --  [2] mysql_free_result() expects parameter 1 to be resource, boolean given  _File: E:\myweb\firstaid\1.0\common\database\DataBase_Mysql.php  line: 365  
2015-11-18 14:38:40,210 [ERROR] (Tools.php:463) --  [2] mysql_fetch_assoc() expects parameter 1 to be resource, boolean given  _File: E:\myweb\firstaid\1.0\common\database\DataBase_Mysql.php  line: 362  
2015-11-18 14:38:40,215 [ERROR] (Tools.php:463) --  [2] mysql_free_result() expects parameter 1 to be resource, boolean given  _File: E:\myweb\firstaid\1.0\common\database\DataBase_Mysql.php  line: 365  
2015-11-18 14:38:40,221 [ERROR] (Tools.php:463) --  [2] mysql_fetch_assoc() expects parameter 1 to be resource, boolean given  _File: E:\myweb\firstaid\1.0\common\database\DataBase_Mysql.php  line: 362  
2015-11-18 14:38:40,225 [ERROR] (Tools.php:463) --  [2] mysql_free_result() expects parameter 1 to be resource, boolean given  _File: E:\myweb\firstaid\1.0\common\database\DataBase_Mysql.php  line: 365  
2015-11-18 14:38:40,230 [ERROR] (Tools.php:463) --  [2] mysql_fetch_assoc() expects parameter 1 to be resource, boolean given  _File: E:\myweb\firstaid\1.0\common\database\DataBase_Mysql.php  line: 362  
2015-11-18 14:38:40,234 [ERROR] (Tools.php:463) --  [2] mysql_free_result() expects parameter 1 to be resource, boolean given  _File: E:\myweb\firstaid\1.0\common\database\DataBase_Mysql.php  line: 365  
2015-11-18 14:38:40,239 [ERROR] (Tools.php:463) --  [2] mysql_fetch_assoc() expects parameter 1 to be resource, boolean given  _File: E:\myweb\firstaid\1.0\common\database\DataBase_Mysql.php  line: 362  
2015-11-18 14:38:40,243 [ERROR] (Tools.php:463) --  [2] mysql_free_result() expects parameter 1 to be resource, boolean given  _File: E:\myweb\firstaid\1.0\common\database\DataBase_Mysql.php  line: 365  
2015-11-18 14:40:38,423 [ERROR] (Tools.php:463) --  [2] mysql_fetch_assoc() expects parameter 1 to be resource, boolean given  _File: E:\myweb\firstaid\1.0\common\database\DataBase_Mysql.php  line: 362  
2015-11-18 14:40:38,428 [ERROR] (Tools.php:463) --  [2] mysql_free_result() expects parameter 1 to be resource, boolean given  _File: E:\myweb\firstaid\1.0\common\database\DataBase_Mysql.php  line: 365  
2015-11-18 14:40:38,438 [ERROR] (Tools.php:463) --  [2] mysql_fetch_assoc() expects parameter 1 to be resource, boolean given  _File: E:\myweb\firstaid\1.0\common\database\DataBase_Mysql.php  line: 362  
2015-11-18 14:40:38,443 [ERROR] (Tools.php:463) --  [2] mysql_free_result() expects parameter 1 to be resource, boolean given  _File: E:\myweb\firstaid\1.0\common\database\DataBase_Mysql.php  line: 365  
2015-11-18 14:40:38,449 [ERROR] (Tools.php:463) --  [2] mysql_fetch_assoc() expects parameter 1 to be resource, boolean given  _File: E:\myweb\firstaid\1.0\common\database\DataBase_Mysql.php  line: 362  
2015-11-18 14:40:38,452 [ERROR] (Tools.php:463) --  [2] mysql_free_result() expects parameter 1 to be resource, boolean given  _File: E:\myweb\firstaid\1.0\common\database\DataBase_Mysql.php  line: 365  
2015-11-18 14:40:38,457 [ERROR] (Tools.php:463) --  [2] mysql_fetch_assoc() expects parameter 1 to be resource, boolean given  _File: E:\myweb\firstaid\1.0\common\database\DataBase_Mysql.php  line: 362  
2015-11-18 14:40:38,461 [ERROR] (Tools.php:463) --  [2] mysql_free_result() expects parameter 1 to be resource, boolean given  _File: E:\myweb\firstaid\1.0\common\database\DataBase_Mysql.php  line: 365  
2015-11-18 14:40:38,466 [ERROR] (Tools.php:463) --  [2] mysql_fetch_assoc() expects parameter 1 to be resource, boolean given  _File: E:\myweb\firstaid\1.0\common\database\DataBase_Mysql.php  line: 362  
2015-11-18 14:40:38,470 [ERROR] (Tools.php:463) --  [2] mysql_free_result() expects parameter 1 to be resource, boolean given  _File: E:\myweb\firstaid\1.0\common\database\DataBase_Mysql.php  line: 365  
2015-11-18 14:40:44,476 [ERROR] (Tools.php:463) --  [2] mysql_fetch_assoc() expects parameter 1 to be resource, boolean given  _File: E:\myweb\firstaid\1.0\common\database\DataBase_Mysql.php  line: 362  
2015-11-18 14:40:44,481 [ERROR] (Tools.php:463) --  [2] mysql_free_result() expects parameter 1 to be resource, boolean given  _File: E:\myweb\firstaid\1.0\common\database\DataBase_Mysql.php  line: 365  
2015-11-18 14:40:44,492 [ERROR] (Tools.php:463) --  [2] mysql_fetch_assoc() expects parameter 1 to be resource, boolean given  _File: E:\myweb\firstaid\1.0\common\database\DataBase_Mysql.php  line: 362  
2015-11-18 14:40:44,496 [ERROR] (Tools.php:463) --  [2] mysql_free_result() expects parameter 1 to be resource, boolean given  _File: E:\myweb\firstaid\1.0\common\database\DataBase_Mysql.php  line: 365  
2015-11-18 14:40:44,501 [ERROR] (Tools.php:463) --  [2] mysql_fetch_assoc() expects parameter 1 to be resource, boolean given  _File: E:\myweb\firstaid\1.0\common\database\DataBase_Mysql.php  line: 362  
2015-11-18 14:40:44,506 [ERROR] (Tools.php:463) --  [2] mysql_free_result() expects parameter 1 to be resource, boolean given  _File: E:\myweb\firstaid\1.0\common\database\DataBase_Mysql.php  line: 365  
2015-11-18 14:40:44,511 [ERROR] (Tools.php:463) --  [2] mysql_fetch_assoc() expects parameter 1 to be resource, boolean given  _File: E:\myweb\firstaid\1.0\common\database\DataBase_Mysql.php  line: 362  
2015-11-18 14:40:44,515 [ERROR] (Tools.php:463) --  [2] mysql_free_result() expects parameter 1 to be resource, boolean given  _File: E:\myweb\firstaid\1.0\common\database\DataBase_Mysql.php  line: 365  
2015-11-18 14:40:44,521 [ERROR] (Tools.php:463) --  [2] mysql_fetch_assoc() expects parameter 1 to be resource, boolean given  _File: E:\myweb\firstaid\1.0\common\database\DataBase_Mysql.php  line: 362  
2015-11-18 14:40:44,525 [ERROR] (Tools.php:463) --  [2] mysql_free_result() expects parameter 1 to be resource, boolean given  _File: E:\myweb\firstaid\1.0\common\database\DataBase_Mysql.php  line: 365  
2015-11-18 15:55:25,973 [ERROR] (get_public_welfare_activity_info.php:16) -- params is err. params is array (
  'ss' => '',
  'activity_id' => '1',
) 
2015-11-18 15:55:26,933 [ERROR] (get_public_welfare_activity_people.php:13) -- params error. params is array (
  'ss' => '',
  'activity_id' => '1',
) 
2015-11-18 15:55:30,132 [ERROR] (get_public_welfare_activity_info.php:16) -- params is err. params is array (
  'ss' => '',
  'activity_id' => '1',
) 
2015-11-18 15:55:31,144 [ERROR] (get_public_welfare_activity_people.php:13) -- params error. params is array (
  'ss' => '',
  'activity_id' => '1',
) 
2015-11-18 15:55:43,027 [ERROR] (get_public_welfare_activity_info.php:16) -- params is err. params is array (
  'ss' => '',
  'activity_id' => '1',
) 
2015-11-18 15:55:44,030 [ERROR] (get_public_welfare_activity_people.php:13) -- params error. params is array (
  'ss' => '',
  'activity_id' => '1',
) 
2015-11-18 15:56:06,527 [ERROR] (get_public_welfare_activity_info.php:16) -- params is err. params is array (
  'ss' => '',
  'activity_id' => '1',
) 
2015-11-18 15:56:07,527 [ERROR] (get_public_welfare_activity_people.php:13) -- params error. params is array (
  'ss' => '',
  'activity_id' => '1',
) 
2015-11-18 15:56:08,922 [ERROR] (get_public_welfare_activity_info.php:16) -- params is err. params is array (
  'ss' => '',
  'activity_id' => '1',
) 
2015-11-18 15:56:09,922 [ERROR] (get_public_welfare_activity_people.php:13) -- params error. params is array (
  'ss' => '',
  'activity_id' => '1',
) 
2015-11-18 15:56:20,687 [ERROR] (get_public_welfare_activity_info.php:16) -- params is err. params is array (
  'ss' => '',
  'activity_id' => '1',
) 
2015-11-18 15:56:21,689 [ERROR] (get_public_welfare_activity_people.php:13) -- params error. params is array (
  'ss' => '',
  'activity_id' => '1',
) 
2015-11-18 15:56:23,730 [ERROR] (get_public_welfare_activity_info.php:16) -- params is err. params is array (
  'ss' => '',
  'activity_id' => '1',
) 
2015-11-18 15:56:24,753 [ERROR] (get_public_welfare_activity_people.php:13) -- params error. params is array (
  'ss' => '',
  'activity_id' => '1',
) 
2015-11-18 15:56:33,213 [ERROR] (get_public_welfare_activity_info.php:16) -- params is err. params is array (
  'ss' => '',
  'activity_id' => '1',
) 
2015-11-18 15:56:34,200 [ERROR] (get_public_welfare_activity_people.php:13) -- params error. params is array (
  'ss' => '',
  'activity_id' => '1',
) 
2015-11-18 16:19:37,674 [ERROR] (get_public_welfare_activity_info.php:16) -- params is err. params is array (
  'ss' => '',
  'activity_id' => '1',
) 
2015-11-18 16:19:38,668 [ERROR] (get_public_welfare_activity_people.php:13) -- params error. params is array (
  'ss' => '',
  'activity_id' => '1',
) 
2015-11-18 16:20:20,995 [ERROR] (get_public_welfare_activity_info.php:16) -- params is err. params is array (
  'ss' => '',
  'activity_id' => '1',
) 
2015-11-18 16:20:21,991 [ERROR] (get_public_welfare_activity_people.php:13) -- params error. params is array (
  'ss' => '',
  'activity_id' => '1',
) 
2015-11-18 16:20:22,260 [ERROR] (get_public_welfare_activity_info.php:16) -- params is err. params is array (
  'ss' => '',
  'activity_id' => '1',
) 
2015-11-18 16:20:23,264 [ERROR] (get_public_welfare_activity_people.php:13) -- params error. params is array (
  'ss' => '',
  'activity_id' => '1',
) 
